[2026-06-24 16:48:08] [C] === 进程C启动 ===
[2026-06-24 16:48:08] [C] [communication] 开始处理(212/637): 07-深度拓展.md
[2026-06-24 16:52:07] [C] [communication] 失败(exit=130): 07-深度拓展.md
[2026-06-24 16:52:07] [C] [communication] 开始处理(213/637): 01-场景一伴侣争吵你总是不在家.md
[2026-06-24 16:55:31] [C] [communication] 完成: 01-场景一伴侣争吵你总是不在家.md
[2026-06-24 16:55:32] [C] [communication] 开始处理(214/637): 02-场景二与父母沟通你怎么还不结婚.md
[2026-06-24 16:59:39] [C] [communication] 完成: 02-场景二与父母沟通你怎么还不结婚.md
[2026-06-24 16:59:39] [C] [communication] 开始处理(215/637): 03-场景三朋友误会你在背后说我坏话.md
[2026-06-24 17:03:01] [C] [communication] 完成: 03-场景三朋友误会你在背后说我坏话.md
[2026-06-24 17:03:01] [C] [communication] 开始处理(216/637): 04-场景四表白我喜欢你很久了.md
[2026-06-24 17:07:42] [C] [communication] 完成: 04-场景四表白我喜欢你很久了.md
[2026-06-24 17:07:42] [C] [communication] 开始处理(217/637): 05-场景五分手我觉得我们不合适.md
[2026-06-24 17:12:34] [C] [communication] 完成: 05-场景五分手我觉得我们不合适.md
[2026-06-24 17:12:35] [C] [communication] 开始处理(218/637): 06-场景六挽回我不想失去你.md
[2026-06-24 17:15:33] [C] [communication] 完成: 06-场景六挽回我不想失去你.md
[2026-06-24 17:15:33] [C] [communication] 开始处理(219/637): 07-场景七日常关心今天辛苦了.md
[2026-06-24 17:19:17] [C] [communication] 完成: 07-场景七日常关心今天辛苦了.md
[2026-06-24 17:19:17] [C] [communication] 开始处理(220/637): 08-场景八重大决定我们该不该买房生孩子换城市.md
[2026-06-24 17:23:06] [C] [communication] 完成: 08-场景八重大决定我们该不该买房生孩子换城市.md
[2026-06-24 17:23:06] [C] [communication] 开始处理(221/637): 09-案例总结.md
[2026-06-24 17:25:41] [C] [communication] 完成: 09-案例总结.md
[2026-06-24 17:25:41] [C] [communication] 开始处理(222/637): 01-一表达感受让对方听见你的心.md
[2026-06-24 17:28:33] [C] [communication] 完成: 01-一表达感受让对方听见你的心.md
[2026-06-24 17:28:33] [C] [communication] 开始处理(223/637): 02-二倾听感受让对方感到被听见.md
[2026-06-24 17:31:25] [C] [communication] 完成: 02-二倾听感受让对方感到被听见.md
[2026-06-24 17:31:25] [C] [communication] 开始处理(224/637): 03-三处理冲突在分歧中保持连接.md
[2026-06-24 17:34:11] [C] [communication] 完成: 03-三处理冲突在分歧中保持连接.md
[2026-06-24 17:34:12] [C] [communication] 开始处理(225/637): 04-四重建信任当关系出现裂痕.md
[2026-06-24 17:36:55] [C] [communication] 完成: 04-四重建信任当关系出现裂痕.md
[2026-06-24 17:36:55] [C] [communication] 开始处理(226/637): 05-五维护关系日常中的情感投资.md
[2026-06-24 17:40:06] [C] [communication] 完成: 05-五维护关系日常中的情感投资.md
[2026-06-24 17:40:06] [C] [communication] 开始处理(227/637): 06-小结.md
[2026-06-24 17:42:57] [C] [communication] 完成: 06-小结.md
[2026-06-24 17:42:57] [C] [communication] 开始处理(228/637): 01-一依恋理论理解你的情感操作系统.md
[2026-06-24 17:46:43] [C] [communication] 完成: 01-一依恋理论理解你的情感操作系统.md
[2026-06-24 17:46:44] [C] [communication] 开始处理(229/637): 02-二爱的语言理解表达爱的五种方式.md
[2026-06-24 17:50:00] [C] [communication] 完成: 02-二爱的语言理解表达爱的五种方式.md
[2026-06-24 17:50:00] [C] [communication] 开始处理(230/637): 03-三情感账户关系中的存取款模型.md
[2026-06-24 17:52:09] [C] [communication] 完成: 03-三情感账户关系中的存取款模型.md
[2026-06-24 17:52:09] [C] [communication] 开始处理(231/637): 04-四情绪管理情感沟通的底层能力.md
[2026-06-24 17:55:04] [C] [communication] 完成: 04-四情绪管理情感沟通的底层能力.md
[2026-06-24 17:55:04] [C] [communication] 开始处理(232/637): 05-小结.md
[2026-06-24 17:57:04] [C] [communication] 完成: 05-小结.md
[2026-06-24 17:57:04] [C] [communication] 开始处理(233/637): 00-章节概览.md
[2026-06-24 17:59:59] [C] [communication] 完成: 00-章节概览.md
[2026-06-24 17:59:59] [C] [communication] 开始处理(234/637): 04-常见误区.md
[2026-06-24 18:04:30] [C] [communication] 完成: 04-常见误区.md
[2026-06-24 18:04:30] [C] [communication] 开始处理(235/637): 05-练习方法.md
[2026-06-24 18:09:18] [C] [communication] 完成: 05-练习方法.md
[2026-06-24 18:09:18] [C] [communication] 开始处理(236/637): 06-本章小结.md
[2026-06-24 18:13:01] [C] [communication] 完成: 06-本章小结.md
[2026-06-24 18:13:01] [C] [communication] 开始处理(237/637): 07-深度拓展.md
[2026-06-24 18:18:03] [C] [communication] 完成: 07-深度拓展.md
[2026-06-24 18:18:03] [C] [communication] 开始处理(238/637): 01-案例一同事之间的争执.md
[2026-06-24 18:21:22] [C] [communication] 完成: 01-案例一同事之间的争执.md
[2026-06-24 18:21:22] [C] [communication] 开始处理(239/637): 02-案例二上下级之间的冲突.md
[2026-06-24 18:26:29] [C] [communication] 完成: 02-案例二上下级之间的冲突.md
[2026-06-24 18:26:29] [C] [communication] 开始处理(240/637): 03-案例三客户投诉与维权.md
[2026-06-24 18:28:59] [C] [communication] 完成: 03-案例三客户投诉与维权.md
[2026-06-24 18:28:59] [C] [communication] 开始处理(241/637): 04-案例四团队内部分歧.md
[2026-06-24 18:32:40] [C] [communication] 完成: 04-案例四团队内部分歧.md
[2026-06-24 18:32:40] [C] [communication] 开始处理(242/637): 05-案例五家庭成员之间的矛盾.md
[2026-06-24 18:35:09] [C] [communication] 完成: 05-案例五家庭成员之间的矛盾.md
[2026-06-24 18:35:09] [C] [communication] 开始处理(243/637): 06-案例六朋友之间的误会.md
[2026-06-24 18:39:31] [C] [communication] 完成: 06-案例六朋友之间的误会.md
[2026-06-24 18:39:31] [C] [communication] 开始处理(244/637): 07-案例七邻里之间的纠纷.md
[2026-06-24 18:42:16] [C] [communication] 完成: 07-案例七邻里之间的纠纷.md
[2026-06-24 18:42:16] [C] [communication] 开始处理(245/637): 08-案例八公共场合的冲突.md
[2026-06-24 18:44:40] [C] [communication] 完成: 08-案例八公共场合的冲突.md
[2026-06-24 18:44:40] [C] [communication] 开始处理(246/637): 09-实战案例总结.md
[2026-06-24 18:48:29] [C] [communication] 完成: 09-实战案例总结.md
[2026-06-24 18:48:29] [C] [communication] 开始处理(247/637): 01-一冲突预防.md
[2026-06-24 18:52:22] [C] [communication] 完成: 01-一冲突预防.md
[2026-06-24 18:52:22] [C] [communication] 开始处理(248/637): 02-二冲突识别.md
[2026-06-24 18:57:09] [C] [communication] 完成: 02-二冲突识别.md
[2026-06-24 18:57:09] [C] [communication] 开始处理(249/637): 03-三冲突干预.md
[2026-06-24 19:00:33] [C] [communication] 完成: 03-三冲突干预.md
[2026-06-24 19:00:33] [C] [communication] 开始处理(250/637): 04-四冲突解决.md
[2026-06-24 19:04:04] [C] [communication] 完成: 04-四冲突解决.md
[2026-06-24 19:04:04] [C] [communication] 开始处理(251/637): 05-五冲突后修复.md
[2026-06-24 19:06:52] [C] [communication] 完成: 05-五冲突后修复.md
[2026-06-24 19:06:52] [C] [communication] 开始处理(252/637): 06-六特殊情境下的冲突管理技巧.md
[2026-06-24 19:11:04] [C] [communication] 完成: 06-六特殊情境下的冲突管理技巧.md
[2026-06-24 19:11:04] [C] [communication] 开始处理(253/637): 07-七本节小结.md
[2026-06-24 19:13:25] [C] [communication] 完成: 07-七本节小结.md
[2026-06-24 19:13:25] [C] [communication] 开始处理(254/637): 01-一冲突的基本概念.md
[2026-06-24 19:15:54] [C] [communication] 完成: 01-一冲突的基本概念.md
[2026-06-24 19:15:54] [C] [communication] 开始处理(255/637): 02-二冲突的类型.md
[2026-06-24 19:19:16] [C] [communication] 完成: 02-二冲突的类型.md
[2026-06-24 19:19:16] [C] [communication] 开始处理(256/637): 03-三冲突的原因.md
[2026-06-24 19:24:19] [C] [communication] 完成: 03-三冲突的原因.md
[2026-06-24 19:24:19] [C] [communication] 开始处理(257/637): 04-四冲突的发展阶段.md
[2026-06-24 19:27:12] [C] [communication] 完成: 04-四冲突的发展阶段.md
[2026-06-24 19:27:12] [C] [communication] 开始处理(258/637): 05-五ThomasKilmann冲突模式工具TKI.md
[2026-06-24 19:31:10] [C] [communication] 完成: 05-五ThomasKilmann冲突模式工具TKI.md
[2026-06-24 19:31:11] [C] [communication] 开始处理(259/637): 06-六本节小结.md
[2026-06-24 19:34:08] [C] [communication] 完成: 06-六本节小结.md
[2026-06-24 19:34:08] [C] [communication] 开始处理(260/637): 00-章节概览.md
[2026-06-24 19:36:24] [C] [communication] 完成: 00-章节概览.md
[2026-06-24 19:36:25] [C] [communication] 开始处理(261/637): 04-常见误区.md
[2026-06-24 19:41:20] [C] [communication] 完成: 04-常见误区.md
[2026-06-24 19:41:21] [C] [communication] 开始处理(262/637): 05-练习方法.md
[2026-06-24 19:46:24] [C] [communication] 完成: 05-练习方法.md
[2026-06-24 19:46:24] [C] [communication] 开始处理(263/637): 06-本章小结.md
[2026-06-24 19:48:43] [C] [communication] 完成: 06-本章小结.md
[2026-06-24 19:48:43] [C] [communication] 开始处理(264/637): 07-深度拓展.md
[2026-06-24 19:53:54] [C] [communication] 完成: 07-深度拓展.md
[2026-06-24 19:53:54] [C] [communication] 开始处理(265/637): 01-场景一销售说服让客户主动说我要.md
[2026-06-24 19:56:28] [C] [communication] 完成: 01-场景一销售说服让客户主动说我要.md
[2026-06-24 19:56:28] [C] [communication] 开始处理(266/637): 02-场景二向上管理说服领导批准你的方案.md
[2026-06-24 19:59:06] [C] [communication] 完成: 02-场景二向上管理说服领导批准你的方案.md
[2026-06-24 19:59:06] [C] [communication] 开始处理(267/637): 03-场景三团队影响推动团队接受变革.md
[2026-06-24 20:01:58] [C] [communication] 完成: 03-场景三团队影响推动团队接受变革.md
[2026-06-24 20:01:58] [C] [communication] 开始处理(268/637): 04-场景四客户谈判在博弈中创造双赢.md
[2026-06-24 20:06:03] [C] [communication] 完成: 04-场景四客户谈判在博弈中创造双赢.md
[2026-06-24 20:06:03] [C] [communication] 开始处理(269/637): 05-场景五公开演讲让千人厅场为你鼓掌.md
[2026-06-24 20:08:26] [C] [communication] 完成: 05-场景五公开演讲让千人厅场为你鼓掌.md
[2026-06-24 20:08:26] [C] [communication] 开始处理(270/637): 06-场景六社交媒体用内容影响千万人.md
[2026-06-24 20:10:19] [C] [communication] 完成: 06-场景六社交媒体用内容影响千万人.md
[2026-06-24 20:10:19] [C] [communication] 开始处理(271/637): 07-场景七日常说服让孩子爱上阅读.md
[2026-06-24 20:13:41] [C] [communication] 完成: 07-场景七日常说服让孩子爱上阅读.md
[2026-06-24 20:13:41] [C] [communication] 开始处理(272/637): 08-场景八危机说服在信任崩塌时重建关系.md
[2026-06-24 20:15:55] [C] [communication] 完成: 08-场景八危机说服在信任崩塌时重建关系.md
[2026-06-24 20:15:56] [C] [communication] 开始处理(273/637): 09-总结八大场景的共同规律.md
[2026-06-24 20:18:57] [C] [communication] 完成: 09-总结八大场景的共同规律.md
[2026-06-24 20:18:57] [C] [communication] 开始处理(274/637): 01-一建立可信度让你的话有分量.md
[2026-06-24 20:23:10] [C] [communication] 完成: 01-一建立可信度让你的话有分量.md
[2026-06-24 20:23:10] [C] [communication] 开始处理(275/637): 02-二诉诸情感打动人心的力量.md
[2026-06-24 20:27:03] [C] [communication] 完成: 02-二诉诸情感打动人心的力量.md
[2026-06-24 20:27:03] [C] [communication] 开始处理(276/637): 03-三逻辑论证构建无懈可击的推理链.md
[2026-06-24 20:30:02] [C] [communication] 完成: 03-三逻辑论证构建无懈可击的推理链.md
[2026-06-24 20:30:02] [C] [communication] 开始处理(277/637): 04-四社会证明让群体力量为你所用.md
[2026-06-24 20:34:59] [C] [communication] 完成: 04-四社会证明让群体力量为你所用.md
[2026-06-24 20:34:59] [C] [communication] 开始处理(278/637): 05-五稀缺性运用激发行动的心理杠杆.md
[2026-06-24 20:38:05] [C] [communication] 完成: 05-五稀缺性运用激发行动的心理杠杆.md
[2026-06-24 20:38:05] [C] [communication] 开始处理(279/637): 06-六综合运用说服技巧的组合与升级.md
[2026-06-24 20:42:02] [C] [communication] 完成: 06-六综合运用说服技巧的组合与升级.md
[2026-06-24 20:42:02] [C] [communication] 开始处理(280/637): 01-一说服的心理学基础.md
[2026-06-24 20:44:48] [C] [communication] 完成: 01-一说服的心理学基础.md
[2026-06-24 20:44:48] [C] [communication] 开始处理(281/637): 02-二Cialdini影响力六大原则.md
[2026-06-24 20:48:12] [C] [communication] 完成: 02-二Cialdini影响力六大原则.md
[2026-06-24 20:48:12] [C] [communication] 开始处理(282/637): 03-三影响说服的认知偏差.md
[2026-06-24 20:51:28] [C] [communication] 完成: 03-三影响说服的认知偏差.md
[2026-06-24 20:51:28] [C] [communication] 开始处理(283/637): 04-四经典说服模型.md
[2026-06-24 20:54:21] [C] [communication] 完成: 04-四经典说服模型.md
[2026-06-24 20:54:21] [C] [communication] 开始处理(284/637): 05-五说服的心理抗拒与防御.md
[2026-06-24 20:58:26] [C] [communication] 完成: 05-五说服的心理抗拒与防御.md
[2026-06-24 20:58:26] [C] [communication] 开始处理(285/637): 06-小结.md
[2026-06-24 21:00:07] [C] [communication] 完成: 06-小结.md
[2026-06-24 21:00:07] [C] [communication] 开始处理(286/637): 00-章节概览.md
[2026-06-24 21:02:24] [C] [communication] 完成: 00-章节概览.md
[2026-06-24 21:02:24] [C] [communication] 开始处理(287/637): 04-常见误区.md
[2026-06-24 21:06:29] [C] [communication] 完成: 04-常见误区.md
[2026-06-24 21:06:29] [C] [communication] 开始处理(288/637): 05-练习方法.md
[2026-06-24 21:10:13] [C] [communication] 完成: 05-练习方法.md
[2026-06-24 21:10:13] [C] [communication] 开始处理(289/637): 06-本章小结.md
[2026-06-24 21:13:04] [C] [communication] 完成: 06-本章小结.md
[2026-06-24 21:13:04] [C] [communication] 开始处理(290/637): 07-深度拓展.md
[2026-06-24 21:16:22] [C] [communication] 完成: 07-深度拓展.md
[2026-06-24 21:16:22] [C] [communication] 开始处理(291/637): 01-引言.md
[2026-06-24 21:17:43] [C] [communication] 完成: 01-引言.md
[2026-06-24 21:17:43] [C] [communication] 开始处理(292/637): 02-场景一跨国视频会议中的文化碰撞.md
[2026-06-24 21:20:46] [C] [communication] 完成: 02-场景一跨国视频会议中的文化碰撞.md
[2026-06-24 21:20:46] [C] [communication] 开始处理(293/637): 03-场景二海外留学的文化适应.md
[2026-06-24 21:24:31] [C] [communication] 完成: 03-场景二海外留学的文化适应.md
[2026-06-24 21:24:31] [C] [communication] 开始处理(294/637): 04-场景三国际商务谈判中的信任建立.md
[2026-06-24 21:27:09] [C] [communication] 完成: 04-场景三国际商务谈判中的信任建立.md
[2026-06-24 21:27:09] [C] [communication] 开始处理(295/637): 05-场景四跨文化团队管理的挑战.md
[2026-06-24 21:31:48] [C] [communication] 完成: 05-场景四跨文化团队管理的挑战.md
[2026-06-24 21:31:48] [C] [communication] 开始处理(296/637): 06-场景五海外旅行中的文化尴尬.md
[2026-06-24 21:33:32] [C] [communication] 完成: 06-场景五海外旅行中的文化尴尬.md
[2026-06-24 21:33:32] [C] [communication] 开始处理(297/637): 07-场景六文化冲突的调解.md
[2026-06-24 21:37:00] [C] [communication] 完成: 07-场景六文化冲突的调解.md
[2026-06-24 21:37:00] [C] [communication] 开始处理(298/637): 08-场景七翻译误解导致的商务危机.md
[2026-06-24 21:39:59] [C] [communication] 完成: 08-场景七翻译误解导致的商务危机.md
[2026-06-24 21:39:59] [C] [communication] 开始处理(299/637): 09-场景八文化融合的美好实践.md
[2026-06-24 21:42:01] [C] [communication] 完成: 09-场景八文化融合的美好实践.md
[2026-06-24 21:42:01] [C] [communication] 开始处理(300/637): 10-案例总结.md
[2026-06-24 21:45:24] [C] [communication] 完成: 10-案例总结.md
[2026-06-24 21:45:25] [C] [communication] 开始处理(301/637): 01-引言.md
[2026-06-24 21:46:40] [C] [communication] 完成: 01-引言.md
[2026-06-24 21:46:40] [C] [communication] 开始处理(302/637): 02-一文化敏感度的培养.md
[2026-06-24 21:50:36] [C] [communication] 完成: 02-一文化敏感度的培养.md
[2026-06-24 21:50:36] [C] [communication] 开始处理(303/637): 03-二语言调整策略.md
[2026-06-24 21:53:07] [C] [communication] 完成: 03-二语言调整策略.md
[2026-06-24 21:53:07] [C] [communication] 开始处理(304/637): 04-三非语言行为适应.md
[2026-06-24 21:56:14] [C] [communication] 完成: 04-三非语言行为适应.md
[2026-06-24 21:56:14] [C] [communication] 开始处理(305/637): 05-四跨文化信任建立.md
[2026-06-24 22:00:20] [C] [communication] 完成: 05-四跨文化信任建立.md
[2026-06-24 22:00:20] [C] [communication] 开始处理(306/637): 06-五文化误解的处理.md
[2026-06-24 22:02:31] [C] [communication] 完成: 06-五文化误解的处理.md
[2026-06-24 22:02:31] [C] [communication] 开始处理(307/637): 07-六综合应用跨文化沟通的SMART原则.md
[2026-06-24 22:23:27] [C] [communication] 失败(exit=1): 07-六综合应用跨文化沟通的SMART原则.md
[2026-06-24 22:23:28] [C] [communication] 开始处理(308/637): 08-本节小结.md
[2026-06-24 22:42:04] [C] [communication] 失败(exit=1): 08-本节小结.md
[2026-06-24 22:42:04] [C] [communication] 开始处理(309/637): 01-引言.md
[2026-06-24 22:44:24] [C] [communication] 完成: 01-引言.md
[2026-06-24 22:44:24] [C] [communication] 开始处理(310/637): 02-一霍夫斯泰德文化维度理论.md
[2026-06-24 22:47:52] [C] [communication] 完成: 02-一霍夫斯泰德文化维度理论.md
[2026-06-24 22:47:52] [C] [communication] 开始处理(311/637): 03-二高低语境文化理论.md
[2026-06-24 22:51:52] [C] [communication] 完成: 03-二高低语境文化理论.md
[2026-06-24 22:51:52] [C] [communication] 开始处理(312/637): 04-三文化冲击理论.md
[2026-06-24 22:54:23] [C] [communication] 完成: 04-三文化冲击理论.md
[2026-06-24 22:54:23] [C] [communication] 开始处理(313/637): 05-四跨文化适应模型.md
[2026-06-24 23:00:38] [C] [communication] 完成: 05-四跨文化适应模型.md
[2026-06-24 23:00:38] [C] [communication] 开始处理(314/637): 06-五理论整合与实践意义.md
[2026-06-24 23:06:16] [C] [communication] 完成: 06-五理论整合与实践意义.md
[2026-06-24 23:06:16] [C] [communication] 开始处理(315/637): 07-本节小结.md
[2026-06-24 23:10:49] [C] [communication] 完成: 07-本节小结.md
[2026-06-24 23:10:49] [C] [communication] 开始处理(316/637): 00-章节概览.md
[2026-06-24 23:14:35] [C] [communication] 完成: 00-章节概览.md
[2026-06-24 23:14:36] [C] [communication] 开始处理(317/637): 04-常见误区.md
[2026-06-24 23:21:57] [C] [communication] 完成: 04-常见误区.md
[2026-06-24 23:21:57] [C] [communication] 开始处理(318/637): 05-练习方法.md
[2026-06-24 23:29:27] [C] [communication] 完成: 05-练习方法.md
[2026-06-24 23:29:27] [C] [communication] 开始处理(319/637): 06-本章小结.md
[2026-06-24 23:33:32] [C] [communication] 完成: 06-本章小结.md
[2026-06-24 23:33:32] [C] [communication] 开始处理(320/637): 07-深度拓展.md
[2026-06-24 23:40:24] [C] [communication] 完成: 07-深度拓展.md
[2026-06-24 23:40:24] [C] [communication] 开始处理(321/637): 01-案例一企业经营危机某连锁餐饮品牌食品安全事件.md
[2026-06-24 23:45:15] [C] [communication] 完成: 01-案例一企业经营危机某连锁餐饮品牌食品安全事件.md
[2026-06-24 23:45:15] [C] [communication] 开始处理(322/637): 02-案例二产品召回某汽车制造商安全缺陷召回.md
[2026-06-24 23:51:06] [C] [communication] 完成: 02-案例二产品召回某汽车制造商安全缺陷召回.md
[2026-06-24 23:51:06] [C] [communication] 开始处理(323/637): 03-案例三高管丑闻某科技公司CEO不当言论风波.md
[2026-06-24 23:57:46] [C] [communication] 完成: 03-案例三高管丑闻某科技公司CEO不当言论风波.md
[2026-06-24 23:57:47] [C] [communication] 开始处理(324/637): 04-案例四网络舆情某互联网平台数据使用争议.md
[2026-06-25 00:05:41] [C] 收到终止信号，正在保存状态...
[2026-06-25 00:05:41] [C] 状态已保存，退出
