[2026-06-24 16:48:06] [A] === 进程A启动 ===
[2026-06-24 16:48:06] [A] [personal] 开始处理(310/619): 04-四职场竞争力模型.md
[2026-06-24 16:52:06] [A] [personal] 失败(exit=130): 04-四职场竞争力模型.md
[2026-06-24 16:52:06] [A] [personal] 开始处理(311/619): 05-五职业转型理论.md
[2026-06-24 16:58:40] [A] [personal] 完成: 05-五职业转型理论.md
[2026-06-24 16:58:40] [A] [personal] 开始处理(312/619): 06-六职业倦怠与应对.md
[2026-06-24 17:04:13] [A] [personal] 完成: 06-六职业倦怠与应对.md
[2026-06-24 17:04:13] [A] [personal] 开始处理(313/619): 07-七职业决策模型.md
[2026-06-24 17:09:51] [A] [personal] 完成: 07-七职业决策模型.md
[2026-06-24 17:09:51] [A] [personal] 开始处理(314/619): 08-八从理论到实践的桥梁.md
[2026-06-24 17:16:01] [A] [personal] 完成: 08-八从理论到实践的桥梁.md
[2026-06-24 17:16:01] [A] [personal] 开始处理(315/619): 00-章节概览.md
[2026-06-24 17:19:34] [A] [personal] 完成: 00-章节概览.md
[2026-06-24 17:19:34] [A] [personal] 开始处理(316/619): 04-学习路径.md
[2026-06-24 17:26:13] [A] [personal] 完成: 04-学习路径.md
[2026-06-24 17:26:13] [A] [personal] 开始处理(317/619): 05-常见误区.md
[2026-06-24 17:30:04] [A] [personal] 完成: 05-常见误区.md
[2026-06-24 17:30:04] [A] [personal] 开始处理(318/619): 06-本章小结.md
[2026-06-24 17:32:59] [A] [personal] 完成: 06-本章小结.md
[2026-06-24 17:32:59] [A] [personal] 开始处理(319/619): 01-一推荐书籍.md
[2026-06-24 17:36:46] [A] [personal] 完成: 01-一推荐书籍.md
[2026-06-24 17:36:47] [A] [personal] 开始处理(320/619): 02-二推荐APP.md
[2026-06-24 17:40:38] [A] [personal] 完成: 02-二推荐APP.md
[2026-06-24 17:40:38] [A] [personal] 开始处理(321/619): 03-三理财产品推荐.md
[2026-06-24 17:46:21] [A] [personal] 完成: 03-三理财产品推荐.md
[2026-06-24 17:46:21] [A] [personal] 开始处理(322/619): 04-四其他实用资源.md
[2026-06-24 17:51:38] [A] [personal] 完成: 04-四其他实用资源.md
[2026-06-24 17:51:38] [A] [personal] 开始处理(323/619): 01-一记账与预算管理掌握你的资金流向.md
[2026-06-24 17:57:01] [A] [personal] 完成: 01-一记账与预算管理掌握你的资金流向.md
[2026-06-24 17:57:01] [A] [personal] 开始处理(324/619): 02-二储蓄策略积少成多的艺术.md
[2026-06-24 18:02:01] [A] [personal] 完成: 02-二储蓄策略积少成多的艺术.md
[2026-06-24 18:02:01] [A] [personal] 开始处理(325/619): 03-三投资策略.md
[2026-06-24 18:09:37] [A] [personal] 完成: 03-三投资策略.md
[2026-06-24 18:09:37] [A] [personal] 开始处理(326/619): 04-四保险规划为人生系上安全带.md
[2026-06-24 18:16:35] [A] [personal] 完成: 04-四保险规划为人生系上安全带.md
[2026-06-24 18:16:35] [A] [personal] 开始处理(327/619): 05-五税务筹划合法节税的艺术.md
[2026-06-24 18:23:05] [A] [personal] 完成: 05-五税务筹划合法节税的艺术.md
[2026-06-24 18:23:05] [A] [personal] 开始处理(328/619): 06-六退休规划为未来的自己负责.md
[2026-06-24 18:29:08] [A] [personal] 完成: 06-六退休规划为未来的自己负责.md
[2026-06-24 18:29:08] [A] [personal] 开始处理(329/619): 07-七综合行动清单.md
[2026-06-24 18:36:58] [A] [personal] 完成: 07-七综合行动清单.md
[2026-06-24 18:36:59] [A] [personal] 开始处理(330/619): 01-一财务自由从梦想走向现实.md
[2026-06-24 18:42:27] [A] [personal] 完成: 01-一财务自由从梦想走向现实.md
[2026-06-24 18:42:27] [A] [personal] 开始处理(331/619): 02-二复利效应世界第八大奇迹.md
[2026-06-24 18:46:41] [A] [personal] 完成: 02-二复利效应世界第八大奇迹.md
[2026-06-24 18:46:41] [A] [personal] 开始处理(332/619): 03-三投资理论现代投资组合理论与有效市场假说.md
[2026-06-24 18:52:44] [A] [personal] 完成: 03-三投资理论现代投资组合理论与有效市场假说.md
[2026-06-24 18:52:44] [A] [personal] 开始处理(333/619): 04-四资产配置投资的基石.md
[2026-06-24 18:58:38] [A] [personal] 完成: 04-四资产配置投资的基石.md
[2026-06-24 18:58:38] [A] [personal] 开始处理(334/619): 05-五风险管理理论.md
[2026-06-24 19:04:41] [A] [personal] 完成: 05-五风险管理理论.md
[2026-06-24 19:04:42] [A] [personal] 开始处理(335/619): 06-六行为金融学理解你的投资心理.md
[2026-06-24 19:11:37] [A] [personal] 完成: 06-六行为金融学理解你的投资心理.md
[2026-06-24 19:11:37] [A] [personal] 开始处理(336/619): 07-七综合应用建立个人财务理论框架.md
[2026-06-24 19:17:28] [A] [personal] 完成: 07-七综合应用建立个人财务理论框架.md
[2026-06-24 19:17:28] [A] [personal] 开始处理(337/619): 00-章节概览.md
[2026-06-24 19:21:38] [A] [personal] 完成: 00-章节概览.md
[2026-06-24 19:21:38] [A] [personal] 开始处理(338/619): 04-学习路径.md
[2026-06-24 19:28:26] [A] [personal] 完成: 04-学习路径.md
[2026-06-24 19:28:26] [A] [personal] 开始处理(339/619): 05-常见误区.md
[2026-06-24 19:33:19] [A] [personal] 完成: 05-常见误区.md
[2026-06-24 19:33:20] [A] [personal] 开始处理(340/619): 06-本章小结.md
[2026-06-24 19:38:49] [A] [personal] 完成: 06-本章小结.md
[2026-06-24 19:38:49] [A] [personal] 开始处理(341/619): 01-一推荐书籍.md
[2026-06-24 19:45:18] [A] [personal] 完成: 01-一推荐书籍.md
[2026-06-24 19:45:19] [A] [personal] 开始处理(342/619): 02-二保健品推荐.md
[2026-06-24 19:51:12] [A] [personal] 完成: 02-二保健品推荐.md
[2026-06-24 19:51:12] [A] [personal] 开始处理(343/619): 03-三健康工具推荐.md
[2026-06-24 19:57:37] [A] [personal] 完成: 03-三健康工具推荐.md
[2026-06-24 19:57:37] [A] [personal] 开始处理(344/619): 04-四产品选择与使用建议.md
[2026-06-24 20:00:58] [A] [personal] 完成: 04-四产品选择与使用建议.md
[2026-06-24 20:00:58] [A] [personal] 开始处理(345/619): 01-一每日健康作息方案.md
[2026-06-24 20:06:30] [A] [personal] 完成: 01-一每日健康作息方案.md
[2026-06-24 20:06:30] [A] [personal] 开始处理(346/619): 02-二营养搭配方案.md
[2026-06-24 20:26:03] [A] [personal] 完成: 02-二营养搭配方案.md
[2026-06-24 20:26:03] [A] [personal] 开始处理(347/619): 03-三运动计划.md
[2026-06-24 20:31:26] [A] [personal] 完成: 03-三运动计划.md
[2026-06-24 20:31:26] [A] [personal] 开始处理(348/619): 04-四睡眠改善方案.md
[2026-06-24 20:36:43] [A] [personal] 完成: 04-四睡眠改善方案.md
[2026-06-24 20:36:44] [A] [personal] 开始处理(349/619): 05-五压力管理方案.md
[2026-06-24 20:43:01] [A] [personal] 完成: 05-五压力管理方案.md
[2026-06-24 20:43:01] [A] [personal] 开始处理(350/619): 06-六常见健康问题应对.md
[2026-06-24 20:48:50] [A] [personal] 完成: 06-六常见健康问题应对.md
[2026-06-24 20:48:50] [A] [personal] 开始处理(351/619): 07-七季节性健康方案.md
[2026-06-24 20:55:49] [A] [personal] 完成: 07-七季节性健康方案.md
[2026-06-24 20:55:49] [A] [personal] 开始处理(352/619): 08-本章总结.md
[2026-06-24 20:59:38] [A] [personal] 完成: 08-本章总结.md
[2026-06-24 20:59:38] [A] [personal] 开始处理(353/619): 01-一健康四大支柱概述.md
[2026-06-24 21:03:41] [A] [personal] 完成: 01-一健康四大支柱概述.md
[2026-06-24 21:03:41] [A] [personal] 开始处理(354/619): 02-二睡眠科学.md
[2026-06-24 21:11:28] [A] [personal] 完成: 02-二睡眠科学.md
[2026-06-24 21:11:28] [A] [personal] 开始处理(355/619): 03-三营养学基础.md
[2026-06-24 21:16:59] [A] [personal] 完成: 03-三营养学基础.md
[2026-06-24 21:17:00] [A] [personal] 开始处理(356/619): 04-四运动科学.md
[2026-06-24 21:22:55] [A] [personal] 完成: 04-四运动科学.md
[2026-06-24 21:22:55] [A] [personal] 开始处理(357/619): 05-五心理与压力管理.md
[2026-06-24 21:28:45] [A] [personal] 完成: 05-五心理与压力管理.md
[2026-06-24 21:28:45] [A] [personal] 开始处理(358/619): 06-六中医养生智慧.md
[2026-06-24 21:37:56] [A] [personal] 完成: 06-六中医养生智慧.md
[2026-06-24 21:37:57] [A] [personal] 开始处理(359/619): 07-七建立科学的健康观.md
[2026-06-24 21:43:23] [A] [personal] 完成: 07-七建立科学的健康观.md
[2026-06-24 21:43:23] [A] [personal] 开始处理(360/619): 08-八现代健康科学前沿.md
[2026-06-24 21:48:44] [A] [personal] 完成: 08-八现代健康科学前沿.md
[2026-06-24 21:48:44] [A] [personal] 开始处理(361/619): 09-本章总结.md
[2026-06-24 21:51:52] [A] 收到终止信号，正在保存状态...
[2026-06-24 21:51:52] [A] 状态已保存，退出
