[2026-06-26 00:55:13] [n] === Worker n 启动 (v4) ===
[2026-06-26 00:55:13] [n] 暂无任务，等待30秒...
[2026-06-26 00:55:43] [n] 暂无任务，等待30秒...
[2026-06-26 00:56:13] [n] 暂无任务，等待30秒...
[2026-06-26 00:56:43] [n] 暂无任务，等待30秒...
[2026-06-26 00:57:13] [n] 暂无任务，等待30秒...
[2026-06-26 00:57:43] [n] 暂无任务，等待30秒...
[2026-06-26 00:58:18] [n] === Worker n 启动 (v4) ===
[2026-06-26 00:58:18] [n] [hacker] 开始: 02-252数字取证的法律框架.md
  ┊ review diff
a/content/docs/hacker/第25章-数字取证/理论基础/02-252数字取证的法律框架.md → b/content/docs/hacker/第25章-数字取证/理论基础/02-252数字取证的法律框架.md
@@ -8,32 +8,46 @@
 
 数字取证不仅是技术问题，更是一个法律问题。取证人员采集的每一份电子证据，最终都可能在法庭上接受检视。如果取证程序不符合法律规定，即使技术手段再精良，获取的数据也毫无法律价值。本章系统梳理数字取证的法律基础，涵盖中国法律体系、国际标准、证据规则、合规要求及实务应对策略。
 
+---
+
 ### 25.2.1 电子证据的法律地位
 
 #### 25.2.1.1 中国法律体系中的电子证据演进
 
 电子证据在中国法律体系中经历了从模糊到明确、从附属到独立的演进过程：
 
-**刑事诉讼法领域：**
+**第一阶段：萌芽期（2004-2011）**
+
+- **2004年《电子签名法》**：首次在法律层面承认了数据电文的法律效力，确立了"数据电文原件"的概念，但此时电子证据尚未被明确列为独立证据类型。该法第7条规定："数据电文不得仅因为其是以电子、光学、磁或者类似手段生成、发送、接收或者储存的而被拒绝作为证据使用。"
+- 这一阶段，电子数据主要作为传统证据的辅助材料使用，缺乏独立的法律地位。
+
+**第二阶段：确立期（2012-2015）**
 
 - **2012年《刑事诉讼法》修订**：首次将"电子数据"列为第八种法定证据类型（第48条），与物证、书证、证人证言等并列。这是电子证据在中国刑事司法中获得独立地位的里程碑。
-- **2016年《关于办理刑事案件收集提取和审查判断电子数据若干问题的规定》（两高一部规定）**：这是目前中国电子取证领域最核心的操作规范，详细规定了电子数据的收集提取、移送展示和审查判断全流程。
-- **2021年《最高人民法院关于适用〈中华人民共和国刑事诉讼法〉的解释》**：第93条至第97条进一步细化了电子数据的审查标准，增加了对原始存储介质扣押、数据完整性校验、见证人制度等要求。
-
-**民事诉讼法领域：**
-
-- **2012年修订的《民事诉讼法》**：将"电子数据"纳入证据类型（第63条）。
-- **2019年《最高人民法院关于修改〈关于民事诉讼证据的若干规定〉的决定》**：第14条明确了电子数据包括以下五类：
+- **2012年修订的《民事诉讼法》**：同步将"电子数据"纳入证据类型（第63条），实现了三大诉讼法的统一。
+- **2014年修订的《行政诉讼法》**：第33条将电子数据列为证据类型，至此三大诉讼法均确立了电子数据的独立证据地位。
+
+**第三阶段：规范化期（2016-2020）**
+
+- **2016年两高一部《关于办理刑事案件收集提取和审查判断电子数据若干问题的规定》**：这是目前中国电子取证领域最核心的操作规范，共28条，详细规定了电子数据的收集提取、移送展示和审查判断全流程。核心要点包括：
+  - 收集电子数据时应当扣押原始存储介质（第8条）
+  - 无法扣押原始介质时，应计算完整性校验值并记录（第8条）
+  - 收集电子数据应当由2名以上侦查人员进行（第7条）
+  - 应当邀请见证人在场（第10条）
+  - 移送时应附完整性校验值（第14条）
+- **2019年《最高人民法院关于修改〈关于民事诉讼证据的若干规定〉的决定》**：第14条明确了电子数据包括五类具体形式，大幅扩展了电子证据的外延：
   - 网页、博客、微博客等网络平台发布的信息
   - 手机短信、电子邮件、即时通信、通讯群组等网络应用服务的通信信息
   - 用户注册信息、身份认证信息、电子交易记录、通信记录、登录日志等信息
   - 文档、图片、音频、视频、数字证书、计算机程序等电子文件
   - 其他以数字化形式存储、处理、传输的能够证明案件事实的信息
-- **2020年《最高人民法院关于民事诉讼证据的若干规定》**：第90条明确电子数据经受对方当事人质证、查证属实后可作为定案依据。
-
-**行政诉讼法领域：**
-
-- **2014年修订的《行政诉讼法》**：第33条将电子数据列为证据类型，与刑事、民事诉讼保持法律体系的一致性。
+
+**第四阶段：精细化期（2021至今）**
+
+- **2021年《最高人民法院关于适用〈中华人民共和国刑事诉讼法〉的解释》**：第93条至第97条进一步细化了电子数据的审查标准，增加了对原始存储介质扣押、数据完整性校验、见证人制度等要求，并明确"电子数据的内容经审查属实"才可作为定案根据。
+- **2021年《数据安全法》**：确立了数据分类分级保护制度和数据安全审查制度，为数字取证中的数据处理活动设定了新的合规边界。
+- **2021年《个人信息保护法》**：确立了个人信息处理的合法性基础、最小必要原则、个人权利保障等制度，对取证过程中涉及的个人信息处理提出了严格要求。
+- **2022年最高人民法院《关于加强区块链司法应用的意见》**：明确了区块链存证在司法领域的应用规范，为技术增强证据可信度提供了政策依据。
 
 #### 25.2.1.2 核心法律依据全景
 
@@ -46,25 +60,88 @@
 | 《行政诉讼法》（2017修订） | 2017.06 | 电子数据为证据类型 | 行政案件 |
 | 两高一部电子数据规定 | 2016.09 | 取证程序、审查标准、移送展示全流程规范 | 刑事案件 |
 | 《网络安全法》 | 2016.11 | 网络运营者协助义务；日志留存不少于6个月 | 网络安全监管 |
-| 《数据安全法》 | 2021.06 | 数据分类分级；数据出境安全评估 | 数据处理活动 |
-| 《个人信息保护法》 | 2021.08 | 个人信息处理规则；最小必要原则 | 个人信息处理 |
+| 《数据安全法》 | 2021.06 | 数据分类分级；数据出境安全评估；数据安全审查 | 数据处理活动 |
+| 《个人信息保护法》 | 2021.08 | 个人信息处理规则；最小必要原则；个人权利 | 个人信息处理 |
 | 《电子签名法》 | 2004.08（2019修订） | 电子签名法律效力；数据电文原件要求 | 电子交易 |
-
-#### 25.2.1.3 电子证据的四大法律属性
+| 《网络安全审查办法》 | 2022.02 | 关键信息基础设施采购安全审查；数据出境审查 | 关键基础设施运营者 |
+| 最高法区块链司法应用意见 | 2022.05 | 区块链存证司法认可；智能合约司法应用 | 司法领域 |
+
+#### 25.2.1.3 电子数据的原件认定规则
+
+电子数据的"原件"认定是数字取证中最容易引发争议的问题之一。传统证据法要求提交原件，但电子数据具有易复制、易修改的特性，"原件"概念需要重新界定。
+
+**原始存储介质优先原则**
… omitted 848 diff line(s) across 1 additional file(s)/section(s)
DONE: 02-252数字取证的法律框架.md

文件从 503行/29KB 扩充至 905行/57KB，主要改进：

1. 电子证据法律地位演进：补充了四阶段划分（萌芽期→确立期→规范化期→精细化期），新增2022年区块链司法应用意见等最新法规
2. 新增 25.2.1.3 电子数据的原件认定规则：原始存储介质优先原则、完整性校验值制度、原件审查标准表
3. 四大法律属性：新增真实性三重验证框架(mermaid图)、关联性四层模型表、非法证据排除"毒树之果"规则延伸
4. 证据链管理：新增各阶段核心操作与风险点表、证据移交登记表示例、规则六(时间连续性)、哈希值不匹配和工具版本变更风险
5. 可采性标准：新增各标准核心差异分析、第6-7个质证攻击角度(IP关联性质疑、时间可信性质疑)、质证准备清单表
6. 合法性边界：新增搜查证申请实务要点表、企业内调查合规流程图(mermaid)、25.2.4.5自动化取证工具的法律挑战
7. 跨境取证：补充数据出境三条路径、MLAT条约国数量、云取证最佳实践表、跨境数据调取法律冲突分析
8. 隐私平衡：补充比例原则四要素及适用示例表、隐私保护措施实施优先级图
9. 司法鉴定：补充鉴定机构数量、GB/T 29362标准、六种鉴定类型表、鉴定意见书标准结构、专家辅助人vs鉴定人对比表
10. 新增 25.2.8 典型案例分析：杭州区块链存证第一案、电子证据排除案、跨境数据调取中美博弈
11. 常见误区：新增2条误区(境外取证管辖、复制件效力)
12. 新增取证人员法律风险防范表、核心要点思维导图(mermaid)、进阶阅读新增2条推荐

session_id: 20260626_005820_96ca5a
[2026-06-26 01:01:24] [n] [hacker] 完成: 02-252数字取证的法律框架.md (186s)
[2026-06-26 01:01:24] [n] [hacker] 开始: 06-2626MITRECaldera自动化攻击模拟.md
  ┊ review diff
a/content/docs/hacker/第26章-红队蓝队紫队/核心技巧/06-2626MITRECaldera自动化攻击模拟.md → b/content/docs/hacker/第26章-红队蓝队紫队/核心技巧/06-2626MITRECaldera自动化攻击模拟.md
@@ -12,17 +12,17 @@
 
 MITRE Caldera 的核心价值在于三点：
 
-1. **可重复性**：同样的攻击剧本可反复执行，验证防御体系的改进效果
-2. **覆盖度**：按 ATT&CK 框架系统化执行，避免人工测试的盲区
-3. **可量化**：生成结构化的测试报告，蓝色团队可据此确认检测规则的覆盖缺口
-
-> **定位**：Caldera 是对抗模拟（Adversary Emulation）工具，不是渗透测试框架（如 Metasploit），也不是漏洞扫描器（如 Nessus）。它的目的是模拟真实攻击者的行为模式，而非单纯发现漏洞。
+1. **可重复性**：同样的攻击剧本可反复执行，验证防御体系的改进效果。例如，蓝色团队部署新的 EDR 检测规则后，红色团队用同一套 Operation 重新跑一遍，就能量化检测率从 40% 提升到了多少。
+2. **覆盖度**：按 ATT&CK 框架系统化执行，避免人工测试的盲区。人工渗透往往集中在高价值路径上，忽略了低频但有效的技术组合。
+3. **可量化**：生成结构化的测试报告，蓝色团队可据此确认检测规则的覆盖缺口。报告按 ATT&CK 战术阶段分类，精确到每个技术的检测/未检测状态。
+
+> **定位**：Caldera 是对抗模拟（Adversary Emulation）工具，不是渗透测试框架（如 Metasploit），也不是漏洞扫描器（如 Nessus）。它的目的是模拟真实攻击者的行为模式，而非单纯发现漏洞。与 Atomic Red Team 相比，Caldera 更侧重于编排多步攻击链和自动化运营，而 Atomic Red Team 更侧重于单个技术的可执行测试用例。
 
 ---
 
-### Caldera架构原理
-
-理解 Caldera 的架构是高效使用它的前提。一个完整的 Caldera 部署包含以下核心组件：
+### Caldera 架构原理
+
+理解 Caldera 的架构是高效使用它的前提。Caldera 采用客户端-服务器架构，核心设计理念是**关注点分离**：攻击逻辑（Ability/Adversary）、执行逻辑（Planner）、通信逻辑（Agent）各自独立，通过 REST API 统一编排。
 
 ```mermaid
 flowchart LR
@@ -44,26 +44,73 @@
     K --> N[跨平台目标]
 ```
 
-**组件详解：**
-
-| 组件 | 功能 | 说明 |
-|------|------|------|
-| **Server** | 控制中心 | 管理所有操作、代理、配置，通过 REST API 暴露所有功能 |
-| **Agent（代理）** | 植入端 | 部署到目标机器上执行攻击命令，支持 Sandcat(Go)、54ndc47(Python)等 |
-| **Ability（能力）** | 攻击技术 | 对应 ATT&CK 中的单个技术，由命令、平台、需求等组成 |
-| **Adversary（攻击者）** | 剧本模板 | 将多个 Ability 按顺序编排为完整的攻击链 |
-| **Planner（规划器）** | 执行逻辑 | 决定如何选择和执行 Ability（顺序执行/条件执行/随机执行） |
-| **Fact（事实）** | 运行参数 | Attack 执行过程中需要的上下文信息（IP、用户名、路径等） |
-| **Source（数据源）** | 事实提供 | 给 Planner 提供初始 Fact 集合 |
-| **Operation（操作）** | 运行实例 | 选定 Adversary + Planner + Group 后的一次具体运行 |
-
-**数据流：**
-
-```
-用户/API → Planner → [读取Adversary] → [遍历Abilities]
-    → [匹配Facts] → [下发命令到Agent] → Agent执行并回报结果
-    → [提取新Facts] → [继续下一Ability] → [完成] → [生成报告]
-```
+#### 核心组件
+
+| 组件 | 功能 | 详细说明 |
+|------|------|---------|
+| **Server** | 控制中心 | 管理所有操作、代理、配置。基于 Python asyncio 实现高并发，通过 REST API（v2）暴露所有功能，默认监听 8888 端口 |
+| **Agent（代理）** | 植入端 | 部署到目标机器上执行攻击命令。支持 Sandcat(Go)、54ndc47(Python)、Ragdoll(PowerShell) 等，每种代理有不同的隐蔽性和功能特性 |
+| **Ability（能力）** | 攻击技术 | 对应 ATT&CK 中的单个技术，由命令模板、平台兼容性、前置条件、清理命令等组成。是 Caldera 最小执行单元 |
+| **Adversary（攻击者）** | 剧本模板 | 将多个 Ability 按逻辑编排为完整攻击链。支持顺序执行、条件分支和动态选择 |
+| **Planner（规划器）** | 执行逻辑 | 决定如何选择和执行 Ability：顺序执行、条件执行、并行执行、按阶段分批等。可通过插件扩展 |
+| **Fact（事实）** | 运行参数 | Operation 执行过程中产生或注入的上下文信息（IP、用户名、密码哈希等），在 Ability 之间动态传递 |
+| **Source（数据源）** | 事实提供 | 给 Planner 提供初始 Fact 集合。可以是静态配置，也可以从外部工具（BloodHound、Nmap）导入 |
+| **Operation（操作）** | 运行实例 | 选定 Adversary + Planner + Group + Source 后的一次完整执行。记录所有 Ability 的执行结果和产生的 Facts |
+| **Group（组）** | 目标分组 | 将多个 Agent 按目标分类（如"工作站组"、"服务器组"），Operation 在指定组的所有 Agent 上执行 |
+| **Plugin（插件）** | 功能扩展 | Caldera 的扩展机制。官方插件包括 Stockpile（Ability 库）、Atomic（Atomic Red Team 集成）等 |
+
+#### 通信协议与安全机制
+
+Agent 与 Server 之间的通信是 Caldera 安全性的核心：
+
+```
+┌──────────────┐                    ┌──────────────┐
+│   Agent      │   HTTP/HTTPS       │  Caldera     │
+│  (目标机)    │◄══════════════════►│  Server      │
+│              │                    │              │
+│  ┌────────┐  │   心跳间隔: 15s   │  ┌────────┐  │
+│  │命令执行│  │   默认: HTTPS      │  │命令下发│  │
+│  │结果回传│  │   API Key认证      │  │结果接收│  │
+│  │事实提取│  │                    │  │事实存储│  │
+│  └────────┘  │                    │  └────────┘  │
… omitted 1631 diff line(s) across 1 additional file(s)/section(s)
DONE: 06-2626MITRECaldera自动化攻击模拟.md

重写完成。文件从 783 行/25KB 扩充到 1502 行/58KB。

主要增强内容：

1. 架构部分：新增通信协议与安全机制（心跳、加密、认证）、Caldera v5 新特性说明
2. 组件表：补充了 Group 和 Plugin 组件，增加字段说明
3. Agent 部分：新增选择策略表（含隐蔽性和功能完整度评级）、4 种部署方式（含离线编译和 C2 中继）、通信参数表
4. Ability 部分：新增 Fact 引用机制详解、输出格式最佳实践
5. Fact 系统：新增完整的生命周期图解、三种来源说明、引用规则、验证规则（含 YAML 示例）
6. Planner 部分：新增 ringed planner、完整的自定义 Planner 代码（含错误处理和 Fact 检查）
7. 新增"安全操作规范（OPSEC）"章节：通信隐蔽、命令执行隐蔽、日志管理
8. 蓝色团队视角：新增 Operation 执行结果中的蓝队检测情况表
9. 进阶部分：新增多阶段 Python 自动化编排、CI/CD 集成脚本（含 JUnit 输出）、SIEM/SOAR 集成（Splunk + Elasticsearch）
10. 新增"性能优化与大规模部署"章节：企业级架构图、5 条优化建议
11. 常见误区：扩展为 3 列表（误区/正确理解/建议做法），新增 2 条
12. 总结：新增第 5 点"知识沉淀"，学习路径增加"关键产出"列

session_id: 20260626_010125_c8103c
[2026-06-26 01:04:48] [n] [hacker] 完成: 06-2626MITRECaldera自动化攻击模拟.md (204s)
[2026-06-26 01:04:48] [n] [hacker] 开始: 02-272高价值漏洞挖掘技巧.md
  ┊ review diff
a/content/docs/hacker/第27章-Bug-Bounty变现指南/核心技巧/02-272高价值漏洞挖掘技巧.md → b/content/docs/hacker/第27章-Bug-Bounty变现指南/核心技巧/02-272高价值漏洞挖掘技巧.md
@@ -1,117 +1,853 @@
 ---
-title: "IP地址混淆"
+title: "高价值漏洞挖掘技巧"
 type: docs
 weight: 2
 ---
 
 ## 27.2 高价值漏洞挖掘技巧
 
+在Bug Bounty领域，"找到漏洞"只是第一步，"找到对的漏洞"才是决定收入的关键。一个SSRF导致AWS凭证泄露可能价值10,000美元，而一个普通XSS可能只值100美元。本节将系统化地讲解如何识别、定位、验证和最大化高价值漏洞，建立一套从侦察到提交的完整挖掘方法论。
+
+### 27.2.1 漏洞价值评估框架
+
+在投入时间挖掘之前，理解漏洞的价值分级是效率的前提。不同漏洞类型的赏金差异巨大，掌握价值评估框架能帮助你合理分配精力。
+
+**漏洞价值矩阵**
+
+| 漏洞类型 | 典型赏金范围 | 评级 | 自动化难度 | 推荐优先级 |
+|----------|-------------|------|-----------|-----------|
+| SSRF（云环境） | $500-$10,000+ | 严重 | 中等 | ⭐⭐⭐⭐⭐ |
+| 认证/授权绕过 | $300-$8,000 | 高-严重 | 困难 | ⭐⭐⭐⭐⭐ |
+| IDOR（批量数据） | $200-$5,000 | 高 | 较容易 | ⭐⭐⭐⭐ |
+| 业务逻辑漏洞 | $500-$10,000+ | 高-严重 | 极困难 | ⭐⭐⭐⭐ |
+| SQL注入 | $200-$5,000 | 严重 | 较容易 | ⭐⭐⭐⭐ |
+| RCE（远程代码执行） | $1,000-$25,000+ | 严重 | 困难 | ⭐⭐⭐⭐⭐ |
+| XXE（外部实体注入） | $300-$3,000 | 中-高 | 较容易 | ⭐⭐⭐ |
+| SSTI（模板注入） | $500-$5,000 | 高-严重 | 中等 | ⭐⭐⭐⭐ |
+| 路径遍历 | $100-$2,000 | 中-高 | 较容易 | ⭐⭐⭐ |
+| 反序列化 | $500-$10,000+ | 严重 | 困难 | ⭐⭐⭐⭐ |
+| 存储型XSS | $100-$2,000 | 中-高 | 中等 | ⭐⭐⭐ |
+| CSRF | $50-$500 | 低-中 | 较容易 | ⭐⭐ |
+
+**价值评估的三个关键维度**：
+
+1. **影响范围（Impact）**：漏洞能影响多少用户？单用户影响 vs 管理员影响 vs 全站影响
+2. **数据敏感度（Data Sensitivity）**：能获取什么数据？公开信息 vs PII vs 支付信息 vs 凭证
+3. **利用链潜力（Chaining Potential）**：单独漏洞 vs 可以组合形成更高级攻击
+
 ```mermaid
 graph TD
-    A["🎯 高价值漏洞挖掘"] --> B["SSRF"]
-    A --> C["IDOR"]
-    A --> D["认证绕过"]
-    A --> E["业务逻辑漏洞"]
-    
-    B --> B1["URL预览功能"]
-    B --> B2["PDF生成器"]
-    B --> B3["Webhook配置"]
-    
-    C --> C1["参数篡改"]
-    C --> C2["HTTP方法切换"]
-    C --> C3["批量测试"]
-    
-    D --> D1["密码重置缺陷"]
-    D --> D2["MFA绕过"]
-    D --> D3["JWT篡改"]
-    
-    E --> E1["竞态条件"]
-    E --> E2["价格篡改"]
-    E --> E3["流程绕过"]
-    
-    B1 --> F["💰 赏金奖励"]
-    C1 --> F
-
-    style A fill:#E91E63,stroke:#333,color:#fff
-    style F fill:#4CAF50,stroke:#333,color:#fff
-```
-
-### 27.2.1 SSRF（服务器端请求伪造）
-
-SSRF是Bug Bounty中价值最高的漏洞类型之一，因为它可能导致内部网络访问、云元数据泄露甚至远程代码执行。
-
-**常见SSRF测试点**：
-- URL预览/抓取功能
-- PDF生成器
-- Webhook配置
-- 文件导入功能
-- 图片加载/处理
… omitted 881 diff line(s) across 1 additional file(s)/section(s)
DONE: 02-272高价值漏洞挖掘技巧.md

**改动摘要**：

1. **修复 frontmatter**：标题从错误的"IP地址混淆"改为"高价值漏洞挖掘技巧"
2. **扩充规模**：从 117 行/3KB 扩充至 853 行/~30KB
3. **新增 10 个主要章节**：
   - 漏洞价值评估框架（含价值矩阵表格 + 决策流程图）
   - SSRF 深度覆盖（攻击面清单、系统化测试流程、绕过技巧大全、工具推荐）
   - IDOR 分类与实操（水平/垂直/对象级分类、5种测试策略、自动化脚本、高价值场景识别）
   - 认证与授权绕过（密码重置漏洞链、MFA绕过、OAuth攻击）
   - 业务逻辑漏洞（竞态条件测试器代码、价格篡改清单、流程绕过方法）
   - XXE 与 SSTI（检测payload、模板引擎识别）
   - 高效测试工作流（4-phase工作流 + Mermaid流程图 + 时间/投入/产出对照表）
   - 影响最大化策略（单点→全面影响、修复建议模板、复现步骤规范）
   - 常见误区避坑指南（9条误区对照表）
   - 工具箱总结（12款工具分类表）
4. **与 275 的定位区分**：272 聚焦"如何找到漏洞"（方法论、测试策略、工具），275 聚焦"漏洞深度剖析"（技术原理、高级利用），两者互补不重叠

session_id: 20260626_010449_7c15bb
[2026-06-26 01:07:06] [n] [hacker] 完成: 02-272高价值漏洞挖掘技巧.md (138s)
[2026-06-26 01:07:06] [n] [hacker] 开始: 06-276主流平台深度对比分析.md
  ┊ review diff
a/content/docs/hacker/第27章-Bug-Bounty变现指南/理论基础/06-276主流平台深度对比分析.md → b/content/docs/hacker/第27章-Bug-Bounty变现指南/理论基础/06-276主流平台深度对比分析.md
@@ -6,115 +6,482 @@
 
 ## 27.6 主流平台深度对比分析
 
+选择正确的Bug Bounty平台，往往比掌握更高深的漏洞挖掘技术更能影响你的变现效率。一个优秀的研究者如果错配了平台，可能在低奖金目标上浪费数月时间；而一个中等水平的研究者如果选对了平台和计划，年收入可以轻松突破六位数。本节将从多维度对全球主流平台进行系统性深度对比，帮助你做出最优决策。
+
+```mermaid
+flowchart TD
+    A[你是谁？] --> B{经验水平}
+    B -->|刚入门| C[补天/漏洞盒子<br/>HackerOne公开计划]
+    B -->|中级1-3年| D[TSRC/ASRC<br/>Bugcrowd公开计划<br/>HackerOne私密计划]
+    B -->|高级3年+| E[Synack Red Team<br/>Bugcrowd Vanguard<br/>Immunefi]
+    C --> F{专注领域}
+    D --> F
+    E --> F
+    F -->|Web3/区块链| G[Immunefi/Code4rena<br/>HackenProof]
+    F -->|传统Web| H[HackerOne/Bugcrowd<br/>补天/TSRC]
+    F -->|移动安全| I[Apple/Google官方<br/>HackerOne专项]
+    F -->|IoT/硬件| J[Synack/专用计划]
+    style A fill:#1a1a2e,stroke:#e94560,color:#fff
+    style G fill:#16213e,stroke:#0f3460,color:#fff
+    style H fill:#16213e,stroke:#0f3460,color:#fff
+```
+
 ### 27.6.1 HackerOne vs Bugcrowd vs Synack 全面对比
 
-选择合适的平台是Bug Bounty职业化的关键决策。以下是三大主流平台的深度对比：
+这三大平台占据了全球Bug Bounty市场约80%的份额，各有独特的定位和优势。选择哪个平台取决于你的经验水平、收入目标和职业规划。
+
+#### 综合对比矩阵
 
 | 维度 | HackerOne | Bugcrowd | Synack |
 |------|-----------|----------|--------|
-| **注册门槛** | 开放注册 | 开放注册 | 邀请制/申请审核 |
-| **活跃计划数** | 2000+ | 1000+ | 200+ |
+| **注册门槛** | 开放注册 | 开放注册 | 邀请制/申请审核+技术测试 |
+| **活跃计划数** | 2000+ | 1000+ | 200+（均为精选高质量目标） |
 | **累计支付赏金** | $300M+ | $200M+ | $100M+ |
 | **平均响应时间** | 1-3天 | 2-5天 | 1-2天 |
-| **支付周期** | 1-2周 | 2-4周 | 每两周固定支付 |
+| **支付周期** | PayPal/Wire 1-2周 | PayPal/Wire 2-4周 | 每两周固定支付（含时薪） |
 | **最低提款额** | $50 | $100 | 无最低限制 |
-| **信誉系统** | 信号积分(Signal) | Kudos积分 | 内部评级 |
-| **私密计划** | 高信号分可获邀请 | 高Kudos可获邀请 | 全部为内部计划 |
-| **社区资源** | Hacktivity/CTF | CrowdStream | Synack Red Team社区 |
-| **移动端支持** | 良好 | 良好 | 有限 |
-| **适合人群** | 全水平段 | 中高级 | 专业级 |
-| **税务处理** | 1099/W-8BEN | 1099/W-8BEN | W-2/1099混合 |
-
-**HackerOne深度分析**：
-
-HackerOne的最大优势在于其庞大的计划数量和活跃的社区生态。平台的"Hacktivity"功能允许研究者查看已公开的漏洞报告，这是学习漏洞挖掘技巧的宝贵资源。HackerOne的信号积分（Signal）系统基于报告质量而非数量，这意味着提交一份高价值的报告比提交十份低价值报告更有利于信誉积累。
-
-HackerOne的私密计划（Private Programs）是其核心竞争力之一。许多大公司只在私密计划中接受漏洞报告，只有信号分达到一定阈值的研究者才能收到邀请。这些私密计划通常奖金更高、竞争更少、响应更快。要获得私密计划邀请，建议在公开计划中专注于中高危漏洞，并确保报告质量上乘。
-
-HackerOne还提供Hacker101 CTF平台，完成挑战可以获得私密计划邀请。这是一个很好的入门路径，尤其适合新手研究者。
-
-**Bugcrowd深度分析**：
-
-Bugcrowd的特色在于其"精英化"路线。Bugcrowd Vanguard项目汇集了全球前1%的安全研究者，为他们提供最高价值的目标和专属支持。Bugcrowd的Kudos积分系统不仅考虑报告质量，还考虑研究者的响应速度和协作态度。
-
-Bugcrowd的漏洞披露计划（VDP）管理能力在业界领先。许多公司选择通过Bugcrowd管理其VDP计划，这意味着即使是没有奖金的VDP计划，也可能通过Bugcrowd平台获得结构化的反馈和认可。VDP计划虽然不直接支付奖金，但可以积累信誉、获得推荐信、并可能被邀请加入付费计划。
-
-Bugcrowd的"Priority"评分系统帮助企业优先处理最严重的漏洞，这意味着高严重性的报告通常会得到更快的响应。
-
-**Synack深度分析**：
-
-Synack采用严格的邀请制，研究者需要通过技术测试和背景审查才能加入。这种模式确保了平台上研究者的整体水平，同时也意味着竞争相对较少。Synack提供受控的测试环境，研究者在预定义的范围内进行测试，降低了法律风险。
-
-Synack的最大优势在于其稳定的收入模式。平台采用"按小时付费"的混合模式，研究者不仅可以获得漏洞赏金，还可以获得测试时间的报酬。这种模式特别适合追求稳定收入的全职安全研究者。
-
-Synack Red Team（SRT）成员还可以获得独家的漏洞研究资源和技术支持，包括Synack自研的扫描工具和漏洞数据库。
+| **信誉系统** | 信号积分（Signal） | Kudos积分 | 内部评级+持续审查 |
+| **私密计划邀请机制** | Signal≥阈值自动邀请 | Kudos≥阈值+人工审核 | 全部为内部受控计划 |
+| **社区资源** | Hacktivity公开报告/CTF | CrowdStream/大学项目 | Red Team社区/自研工具 |
+| **法律保护** | 平台标准免责协议 | 平台标准免责协议 | 完整授权+受控测试环境 |
+| **适合人群** | 全水平段（入门友好） | 中高级（精英路线） | 专业级（职业化路线） |
+| **对国内研究者友好度** | 中等（英文为主） | 中等（英文为主） | 较低（需较高英语能力） |
+
… omitted 497 diff line(s) across 1 additional file(s)/section(s)
DONE: 06-276主流平台深度对比分析.md

完成情况：

- 原文：120行 / 8.3KB
- 重写后：约29KB，大幅扩充

主要改进：

1. 新增3个mermaid流程图（平台选择决策树、国内平台生态、Web3平台分类、新手成长路径）
2. 深度扩展每个平台分析，补充了Signal/Kudos积分计算机制、Synack申请流程、TSRC奖金梯度等实操细节
3. 新增Web3专项平台章节（Immunefi、Code4rena审计竞赛模式、HackenProof）
4. 新增多维度评估模型和决策框架表格
5. 新增多平台并行组合推荐表（5种组合方案）
6. 新增新手12个月路径规划（含mermaid流程图）
7. 新增平台使用核心技巧、常见误区与纠正对照表
8. 新增最终总结对照表（按人群推荐平台+预期收入+成长周期）

session_id: 20260626_010707_32cf75
[2026-06-26 01:09:06] [n] [hacker] 完成: 06-276主流平台深度对比分析.md (120s)
[2026-06-26 01:09:06] [n] [hacker] 开始: 12-287案例六失败与重来的认证故事.md
  ┊ review diff
a/content/docs/hacker/第28章-认证路线图/实战案例/12-287案例六失败与重来的认证故事.md → b/content/docs/hacker/第28章-认证路线图/实战案例/12-287案例六失败与重来的认证故事.md
@@ -8,13 +8,15 @@
 
 ### 28.7.1 引言
 
-认证考试从来不只是知识的检验，更是对学习方法、心态管理和执行力的综合考验。在众多安全认证中，（ISC）² 的 CISSP（Certified Information Systems Security Professional）被誉为安全领域的"黄金标准"，但其通过率长期维持在 50%-60% 之间，意味着每两位考生中就有一人首战失利。
+认证考试从来不只是知识的检验，更是对学习方法、心态管理和执行力的综合考验。在众多安全认证中，（ISC）² 的 CISSP（Certified Information Systems Security Professional）被誉为安全领域的"黄金标准"，但其通过率长期维持在 50%-60% 之间——这意味着每两位考生中就有一人首战失利。
 
 本案例的主人公刘洋——一位 28 岁的网络工程师——就是这"一半"中的一员。他从第一次的惨败中站起来，通过系统性的策略调整，最终在第二次考试中成功通关。他的故事不是天才的传奇，而是一个普通从业者通过正确方法论实现逆袭的范本。本文将完整还原他的备考历程，并对每个关键节点进行深度剖析，提供可复制的经验框架。
 
----
-
-### 28.7.2 CISSP 认证概述
+> **本案例的核心价值**：不是告诉你"如何一次通过"，而是告诉你"当第一次失败后，如何系统性地调整并成功"。这比一次通过更有普适性——因为大多数人的第一次都不会那么顺利。
+
+---
+
+### 28.7.2 CISSP 认证概述：你要挑战的究竟是一座怎样的山？
 
 在进入具体案例之前，有必要先理解刘洋所挑战的究竟是怎样一座"高峰"。
 
@@ -22,22 +24,34 @@
 
 CISSP 由国际信息系统安全认证联盟（ISC）² 颁发，自 1994 年推出以来，已成为全球公认的信息安全领域最高级别认证之一。截至 2025 年，全球持证人数约 15 万人，覆盖超过 170 个国家和地区。CISSP 并非单纯的技术认证，它强调 **"管理者视角"**——考生需要证明自己不仅懂技术，更能从战略、管理、合规等维度理解安全。
 
+**为什么 CISSP 被称为"黄金标准"？**
+
+| 维度 | 说明 |
+|------|------|
+| 行业认可度 | 全球 80% 以上的安全岗位要求或优先录用 CISSP 持证者 |
+| 薪资溢价 | 持证者平均薪资比未持证者高出 25%-35%（ISC² 2024 数据） |
+| 法律要求 | 美国联邦政府（FedRAMP、DoD 8140）强制要求安全岗位持有 CISSP |
+| 知识广度 | 覆盖 8 大知识域，是安全领域最全面的认证 |
+| 持续要求 | 需每年完成 40 个 CPE 学分，确保持证者持续更新知识 |
+
 #### 28.7.2.2 八大知识域
 
 CISSP 考试涵盖（ISC）² 制定的 **CBK（Common Body of Knowledge）**，共 8 个知识域（Domain）：
 
-| 域编号 | 知识域名称 | 权重 | 核心内容 |
-|--------|-----------|------|---------|
-| 域1 | 安全与风险管理 | 15% | 保密性/完整性/可用性（CIA三元组）、合规、风险管理、威胁建模 |
-| 域2 | 资产安全 | 10% | 资产分类、数据生命周期、隐私保护 |
-| 域3 | 安全架构与工程 | 13% | 安全模型、密码学、物理安全、安全评估 |
-| 域4 | 通信与网络安全 | 14% | 网络架构、协议安全、安全通信通道 |
-| 域5 | 身份与访问管理（IAM） | 13% | 身份生命周期、认证/授权、访问控制模型 |
-| 域6 | 安全评估与测试 | 12% | 审计、渗透测试、漏洞评估 |
-| 域7 | 安全运营 | 13% | 事件响应、BCP/DRP、取证、人员安全 |
-| 域8 | 软件开发安全 | 10% | 安全开发生命周期、应用安全、安全编码 |
-
-#### 28.7.2.3 考试形式
+| 域编号 | 知识域名称 | 权重 | 核心内容 | 常见失分点 |
+|--------|-----------|------|---------|-----------|
+| 域1 | 安全与风险管理 | 15% | CIA三元组、合规、风险管理、威胁建模 | 混淆风险接受与风险转移 |
+| 域2 | 资产安全 | 10% | 资产分类、数据生命周期、隐私保护 | GDPR/CCPA 合规细节 |
+| 域3 | 安全架构与工程 | 13% | 安全模型、密码学、物理安全、安全评估 | 密码学算法选型场景题 |
+| 域4 | 通信与网络安全 | 14% | 网络架构、协议安全、安全通信通道 | VPN 类型选择、网络分段 |
+| 域5 | 身份与访问管理（IAM） | 13% | 身份生命周期、认证/授权、访问控制模型 | DAC/MAC/RBAC 场景选择 |
+| 域6 | 安全评估与测试 | 12% | 审计、渗透测试、漏洞评估 | 白盒/黑盒/灰盒测试区别 |
+| 域7 | 安全运营 | 13% | 事件响应、BCP/DRP、取证、人员安全 | RTO/RPO 计算、取证流程 |
+| 域8 | 软件开发安全 | 10% | 安全开发生命周期、应用安全、安全编码 | OWASP Top 10 场景应用 |
+
+> **权重解读**：域1（15%）和域4（14%）合计占近 30% 的考题，是备考的绝对重点。但域8（10%）虽然权重最低，却是网络工程师最陌生的领域——刘洋第一次失败的重要原因之一就是域8 几乎全军覆没。
+
+#### 28.7.2.3 考试形式与评分机制
 
 - **考试时长**：4 小时（250 道选择题，其中 25 道为不计分预测试题）
 - **合格分数线**：700 分（满分 1000 分）
@@ -45,8 +59,16 @@
 - **费用**：首次考试约 749 美元，重考约 599 美元
 - **工作经验要求**：需在至少 2 个知识域拥有 5 年工作经验（或 4 年+大学学历）
 
+**评分机制的隐藏规则**：
+
+CISSP 采用 **CAT（Computerized Adaptive Testing）自适应考试** 机制。系统会根据你当前答题的正确率动态调整下一题的难度——答对了就出更难的，答错了就出更简单的。这意味着：
+
+1. **你的最终得分取决于你在"最难区间"的表现**：如果你在中等难度题上表现良好，系统会把你推向高难度区间，而高难度题的正确率决定了你的上限。
+2. **25 道预测试题不计分**：你不知道哪 25 道是预测试，所以必须认真对待每一道题。
+3. **"差 18 分"不等于"只差 18 分"**：由于自适应算法，682 分可能意味着你在 2-3 个知识域存在系统性薄弱，而非仅仅少了 18 道正确答案。
+
… omitted 508 diff line(s) across 1 additional file(s)/section(s)
DONE: /tmp/ai-guides/content/docs/hacker/第28章-认证路线图/实战案例/12-287案例六失败与重来的认证故事.md

**修改摘要：**

| 维度 | 原文 | 重写后 |
|------|------|--------|
| 行数 | 429行 | 627行 |
| 字节 | 21,690 | 37,141 |
| 章节数 | 10个 | 11个（新增28.7.8常见误区） |

**核心增强点：**

1. **新增"常见误区与纠正方法"（28.7.8）**：6大误区（资源越多越好、刷题量=通过率、考前突击、只学不练、忽视时间管理、失败后立刻重考），每个含典型表现、危害、纠正方法和心理机制分析

2. **心理重建深度扩展（28.7.4.4）**：从3阶段扩展到5阶段（新增"讨价还价期""抑郁期"），新增"失败后心理重建三步法"框架和"值得的失败 vs 不值得的失败"辨析

3. **管理者思维体系化**：新增"管理者思维的核心公式"、"思维转变的标志"、"管理者思维 vs 技术员思维"对比表增加"关键差异"列

4. **数据化对比增强**：新增"各域得分分布（第一次）"表、"各域得分对比（第一次 vs 第二次）"表（含提升幅度），让数据说话

5. **实操细节补充**：新增"考前禁忌"清单、"时间管理训练的具体方法"4条、"复盘的三个层次"、"社区学习的三个收益"

6. **认证路径扩展**：新增"认证组合策略"（技术路线/管理路线/云安全路线），让进阶路径更清晰

7. **道法术器贯通**：道（管理者思维哲学）→ 法（4步思维训练法、科学刷题法）→ 术（错题本结构、模拟考试节奏模板、艾宾浩斯复习法）→ 器（6种资源、Notion、CCCure/Boson）

session_id: 20260626_010907_5c06b7
[2026-06-26 01:12:07] [n] [hacker] 完成: 12-287案例六失败与重来的认证故事.md (181s)
[2026-06-26 01:12:07] [n] [hacker] 开始: 07-深度拓展.md
  ┊ review diff
a/content/docs/hacker/第29章-实战平台总汇/07-深度拓展.md → b/content/docs/hacker/第29章-实战平台总汇/07-深度拓展.md
@@ -1,12 +1,50 @@
 ---
 title: "深度拓展"
 type: docs
+weight: 7
+description: "从学习科学理论、CTF比赛策略、平台横向对比到云安全/AI安全/IoT安全前沿领域的全面深度拓展"
+keywords: ["实战平台", "学习科学", "CTF比赛", "HackTheBox", "TryHackMe", "云安全", "AI安全", "IoT安全", "渗透测试", "技能评估"]
 ---
 
 # 第29章 实战平台总汇 - 深度拓展
 
 本章是实战平台总汇的深度拓展部分。前面的章节介绍了各类平台的基本使用方法和操作流程，本章将从学习科学的理论高度重新审视实战平台的价值，深度解析CTF比赛的策略体系，对全球主流平台进行横向对比评测，并展望云安全、AI安全、IoT安全等前沿领域的实战平台生态。无论你是刚入门的安全爱好者还是有经验的从业者，本章的内容都将帮助你构建系统化的实战能力提升框架。
 
+```mermaid
+graph TD
+    A[本章知识地图] --> B[一、学习科学理论]
+    A --> C[二、CTF比赛深度解析]
+    A --> D[三、平台全景对比]
+    A --> E[四、前沿领域拓展]
+    A --> F[五、资源与工具生态]
+    A --> G[六、思考与行动]
+    
+    B --> B1[建构主义]
+    B --> B2[刻意练习]
+    B --> B3[间隔/检索/交错练习]
+    B --> B4[能力图谱与路径]
+    
+    C --> C1[四大比赛模式]
+    C --> C2[五大题型剖析]
+    C --> C3[团队协作策略]
+    C --> C4[CTF与真实工作的映射]
+    
+    D --> D1[11+平台横向对比]
+    D --> D2[HTB/THM/PSA深度评测]
+    D --> D3[平台组合策略]
+    
+    E --> E1[云安全靶场]
+    E --> E2[AI安全]
+    E --> E3[IoT安全]
+    E --> E4[移动安全]
+    E --> E5[安全运营与蓝队]
+    
+    F --> F1[核心书籍]
+    F --> F2[在线资源导航]
+    F --> F3[工具链全景]
+    F --> F4[社区与认证]
+```
+
 ## 一、实战学习的理论基础与学习科学
 
 很多人把实战平台当作"刷题工具"，这种认知大大低估了它的价值。要真正发挥实战平台的潜力，需要理解其背后的学习科学原理。
@@ -26,6 +64,8 @@
 **一个具体的例子说明建构主义的威力：**
 
 假设一个初学者学习SQL注入，如果只是读教材，他会记住`' OR 1=1 --`这种经典的注入语句。但在DVWA的High级别练习中，他需要面对：时间盲注（无回显）、WAF过滤（关键词被拦截）、二次注入（存储后触发）。每一种变体都迫使他在原有知识的基础上构建新的理解层。到了HackTheBox实战中，他可能还需要结合信息收集（从报错信息推断数据库类型）、权限利用（数据库写文件getshell）、横向渗透（从数据库中获取其他用户密码），这才是SQL注入在真实环境中的完整图景。
+
+> **维果茨基的最近发展区理论补充：** 建构主义的一个重要分支——维果茨基（Vygotsky）的"最近发展区"（Zone of Proximal Development）理论指出，学习者在他人指导下能达到的水平，比独立能达到的水平更高。这解释了为什么TryHackMe的引导式教学对初学者如此有效：它恰好在你的"最近发展区"内提供脚手架（scaffolding），帮助你完成独立无法完成的任务。随着能力增长，脚手架逐步撤除——这正是从TryHackMe过渡到HackTheBox的认知科学依据。
 
 ### 1.2 刻意练习理论的具体实践方法
 
@@ -50,6 +90,7 @@
 | 技术反馈 | 解题报告对比 | 每题完成 | "我的方法是暴力枚举，官方解法用的是数学推导" |
 | 模式反馈 | 周期复盘 | 每周 | "我在XSS绕过类题目上失败率最高" |
 | 战略反馈 | 队友/导师点评 | 每月 | "你的信息收集不够系统，总是遗漏内网段" |
+| 元认知反馈 | 自我反思 | 每月 | "我是否在用正确的策略分配时间？是否过度依赖工具？" |
 
 **要素三：专注于弱点区域。** 人类的本能是重复自己擅长的事情（因为有成就感），但刻意练习要求你直面弱点。具体做法：
 
@@ -98,6 +139,15 @@
             rate = s["solved"] / s["attempted"] * 100 if s["attempted"] > 0 else 0
             avg_time = s["total_time"] / s["attempted"] if s["attempted"] > 0 else 0
             print(f"{t:<15} {s['attempted']:>6} {s['solved']:>6} {rate:>7.1f}% {avg_time:>8.1f}min")
+        
+        # 识别弱点并给出建议
+        print("\n=== 弱点分析 ===")
+        for t, s in stats.items():
+            rate = s["solved"] / s["attempted"] * 100 if s["attempted"] > 0 else 0
+            if rate < 50:
+                print(f"⚠️  {t}: 成功率仅{rate:.1f}%，建议集中突破")
… omitted 653 diff line(s) across 1 additional file(s)/section(s)
DONE: 07-深度拓展.md

改动总结：

1. **增强 frontmatter**：添加 weight、description、keywords，提升SEO和导航
2. **新增章节知识地图**：开头增加 mermaid 全局结构图，帮助读者快速把握全章脉络
3. **理论深度补充**：
   - 建构主义部分增加维果茨基"最近发展区"理论，解释从THM过渡到HTB的认知科学依据
   - 增加契克森米哈赖"心流"理论与难度匹配
   - 增加费曼学习法在安全学习中的应用
   - 增加交错练习的反直觉效应引用（Rohrer & Taylor, 2007）
4. **技能追踪脚本增强**：weakness_report() 增加弱点告警输出
5. **反馈层级扩展**：增加"元认知反馈"层级
6. **CTF比赛模式扩展**：
   - 新增阶梯计分规则
   - KotH增加典型战术（闪电战/龟缩防御/情报战/蝴蝶战术）
   - A&D exploit模板增加 flag 提取函数和 submit_flag 完整实现
   - 新增 Real World CTF 典型场景描述
7. **题型剖析扩展**：
   - Web新增 API 层攻击面（GraphQL/REST IDOR）
   - Web增加进阶技巧（WAF绕过/二阶漏洞/竞态条件）
   - Pwn增加 House of Lore/Spirit，补充学习路线
   - Crypto增加椭圆曲线 invalid curve attack，补充数学基础要求
   - Misc增加 OSINT 子方向和通用方法论
8. **团队协作增强**：新增"check-in机制"、赛后复盘流程
9. **平台对比扩展**：新增 CyberDefenders、LetsDefend、Immersive Labs、DVCP 四个平台
10. **安全运营蓝队章节**（4.5 新增）：LetsDefend/CyberDefenders/BTLO 平台对比 + 蓝队技能矩阵
11. **移动安全扩展**：新增 Android 标准测试流程（5步）、iOS 特殊挑战、APKTool/Jadx 工具
12. **云安全扩展**：新增供应链安全攻击面、AWS IMDSv2 防御机制说明
13. **AI安全扩展**：新增对抗性攻击分类表（白盒/黑盒/物理世界/后门）、间接Prompt Injection 说明、MITRE ATLAS/ART工具资源
14. **认证路径扩展**：新增 HTB CPTS、CISSP，OSCP认证详解（考试形式/通过标准/备考建议/时间投入/薪资影响）
15. **修复重复条目**：PSA漏洞列表中重复的"HTTP Host头攻击"已修正
16. **资源扩充**：新增 KCon/ISC会议、13Cubed/NetworkChuck频道、HackerOne Hacktivity、The Hacker Playbook 3/Hacking: Art of Exploitation 书籍

文件从 61KB/1134行 → 72KB/1383行，内容质量显著提升。

session_id: 20260626_011209_90b2dc
[2026-06-26 01:15:56] [n] [hacker] 完成: 07-深度拓展.md (229s)
[2026-06-26 01:15:56] [n] [hacker] 开始: 06-本章小结.md
  ┊ review diff
a/content/docs/hacker/第30章-黑客搞钱路径/06-本章小结.md → b/content/docs/hacker/第30章-黑客搞钱路径/06-本章小结.md
@@ -5,205 +5,435 @@
 
 # 第30章 黑客搞钱路径 - 本章小结
 
-## 核心知识点回顾
-
-### 1. 网络犯罪经济学
-
-本章首先建立了理解网络犯罪的经济学框架。网络犯罪本质上是一种理性经济行为，攻击者在决策过程中进行成本收益分析，选择风险最低、回报最高的行动路径。理解这一框架是构建有效防御的基础。
-
-**关键要点：**
-- 攻防成本存在严重不对称性（"防御者困境"）
-- 犯罪即服务（CaaS）大幅降低了网络犯罪的技术门槛
-- 勒索软件攻击的投资回报率（ROI）可高达900%以上
-- 暗网市场已形成成熟的交易生态系统，包括信誉系统、托管机制等
-
-### 2. 主要变现路径
-
-本章系统梳理了黑客将技术能力转化为经济收益的主要路径：
-
-**直接获利型：**
-- 勒索软件攻击（含双重/三重勒索）
-- 加密货币挖矿劫持（Cryptojacking）
-- 商业电子邮件欺诈（BEC）
-- DDoS勒索
-
-**间接获利型：**
-- 数据窃取与暗网贩卖
-- 凭证窃取与账户接管（ATO）
-- 供应链攻击获利
-
-**服务变现型：**
-- 黑客雇佣服务（Hack-for-Hire）
-- 漏洞利用工具销售
-- 初始访问代理（IAB）
-
-### 3. 技术手段深度解析
-
-在核心技巧部分，我们深入分析了攻击者使用的关键技术：
-
-| 变现路径 | 核心技术 | 演变趋势 |
-|---------|---------|---------|
-| 勒索软件 | RaaS、双重/三重勒索、BYOVD | 从加密转向数据窃取勒索 |
-| 数据贩卖 | 信息窃取恶意软件、API攻击 | AI增强的数据分析和定价 |
-| 挖矿劫持 | 容器逃逸、云凭证窃取 | 转向云环境和Kubernetes |
-| BEC | 深度伪造、AI生成内容 | 技术含量持续提升 |
-
-### 4. 真实案例的教训
-
-通过七个标志性案例，我们提炼出以下关键教训：
-
-- **WannaCry**：即使是非专业勒索行动也能造成全球影响；及时修补漏洞至关重要
-- **Colonial Pipeline**：一个泄露密码可能导致国家级基础设施瘫痪；MFA是最低安全基线
-- **Magecart**：供应链安全是防御的薄弱环节；第三方脚本需要持续监控
-- **Lazarus Group**：国家支持的黑客组织可将网络犯罪作为国家战略工具
-- **Conti**：勒索软件组织高度组织化运营；"重组而非消失"是常态
-- **SolarWinds**：软件供应链信任是安全的根本挑战
-- **MOVEit**：零日漏洞+数据窃取的模式正在成为主流
-
-### 5. 常见误区纠正
-
-本章纠正了八个常见认知误区：
-
-1. ❌ "黑客都是天才少年" → ✅ 现代网络犯罪高度产业化和分工化
-2. ❌ "小企业不会被攻击" → ✅ 中小企业是勒索软件的首选目标
-3. ❌ "支付赎金就能恢复数据" → ✅ 约20%支付赎金后无法恢复
-4. ❌ "防病毒软件就够了" → ✅ 需要纵深防御策略
-5. ❌ "网络安全是IT部门的事" → ✅ 安全是全员责任
-6. ❌ "我们有备份，不怕勒索" → ✅ 双重勒索和备份本身的安全同样重要
-7. ❌ "暗网是法外之地" → ✅ 执法能力持续增强，操作安全失误常见
-8. ❌ "AI彻底改变安全格局" → ✅ AI是工具而非银弹
-
-***
-## 防御核心原则
-
-基于对攻击者变现路径的深入理解，我们总结出以下防御核心原则：
-
-### 原则一：关注攻击者的经济动机
-
… omitted 553 diff line(s) across 1 additional file(s)/section(s)
DONE: 06-本章小结.md

重写完成，从 7.1KB/209行 扩充至 25.4KB/439行。主要改进：

**结构升级：**
- 新增"本章知识全景图"（mermaid流程图），展示理论→技术→案例→防御的完整知识体系
- 七大模块：知识回顾 → 防御原则 → 检查清单 → 趋势展望 → 行动指南 → 金句 → 资源

**内容深化：**
- 变现路径对比表新增技术门槛、收益规模、被捕风险、运营复杂度、攻击周期等维度
- 技术手段表新增"当前主流手法"列，具体到LockBit 3.0、RedLine、AitM攻击等
- 案例总结表新增防御启示列
- 误区表新增"认知偏差类型"和"防御影响"分析

**新增内容：**
- 防御原则体系：每条原则包含具体实施方法（如经济动机驱动防御的3步法）
- 纵深防御7层模型图
- 威胁情报4级应用框架（战略/战术/操作/技术）
- 检查清单增加优先级标注（P0/P1/P2）
- "行动指南"：立即/30天/90天/持续改进四阶段行动路径
- 延伸阅读分类：权威报告、学习资源、实践平台
- 新增第5条金句："最好的防御不是更厚的城墙，而是让攻击变得不值得"

session_id: 20260626_011557_6d8687
[2026-06-26 01:17:41] [n] [hacker] 完成: 06-本章小结.md (105s)
[2026-06-26 01:17:41] [n] [hacker] 开始: 05-5账户接管ATO与欺诈.md
  ┊ review diff
a/content/docs/hacker/第30章-黑客搞钱路径/核心技巧/05-5账户接管ATO与欺诈.md → b/content/docs/hacker/第30章-黑客搞钱路径/核心技巧/05-5账户接管ATO与欺诈.md
@@ -6,15 +6,19 @@
 
 ## 5. 账户接管（ATO）与欺诈
 
-账户接管（Account Takeover，ATO）是指攻击者通过各种手段获取合法用户的账户凭据，冒充账户所有者登录并控制账户的行为。ATO 是网络犯罪中最普遍、最直接的变现手段之一——它不需要攻击者自己构建系统或产品，只需要"接管"别人已有的资产即可获利。
-
-根据 Verizon《数据泄露调查报告》，超过 80% 的黑客相关数据泄露涉及被盗凭据或暴力破解。ATO 不是一个单独的攻击技术，而是一个**攻击链**，从凭据获取、自动化验证、账户控制到最终变现，每个环节都有不同的技术栈和对抗策略。
+账户接管（Account Takeover，ATO）是指攻击者通过各种手段获取合法用户的账户凭据或会话状态，冒充账户所有者登录并控制账户的行为。ATO 是网络犯罪中最普遍、最直接的变现手段之一——它不需要攻击者自己构建系统或产品，只需要"接管"别人已有的资产即可获利。
+
+根据 Verizon《2024 数据泄露调查报告》（DBIR），超过 80% 的黑客相关数据泄露涉及被盗凭据或暴力破解；Javelin Strategy 估计美国每年因 ATO 造成的直接经济损失超过 100 亿美元。ATO 不是一个单独的攻击技术，而是一个**完整攻击链**——从凭据获取、自动化验证、账户控制到最终变现，每个环节都有不同的技术栈、工具链和对抗策略。
+
+理解这条攻击链是构建有效防御的前提。本节将系统剖析 ATO 的每一个环节，同时为防御者提供可落地的检测与响应方案。
+
+---
 
 ### 5.1 ATO 攻击全景
 
 #### 5.1.1 ATO 攻击链模型
 
-一个完整的 ATO 攻击链包含以下阶段：
+一个完整的 ATO 攻击包含五个阶段，每个阶段都有特定的技术栈和对抗策略：
 
 ```mermaid
 graph LR
@@ -41,75 +45,174 @@
     D3[身份冒充] --> D
 ```
 
-理解这条攻击链是防御 ATO 的前提。攻击者在每个阶段都有特定的工具和策略，防御者也需要在每个阶段部署对应的检测和阻断手段。
+**各阶段详解：**
+
+| 阶段 | 核心目标 | 典型耗时 | 关键技术 | 防御窗口 |
+|------|---------|---------|---------|---------|
+| 凭据获取 | 拿到用户名+密码（或Token） | 秒级-数月 | 钓鱼、Infostealer、泄露库 | 终端防护、邮件安全 |
+| 自动化验证 | 确认哪些凭据有效 | 小时-天 | 撞库、代理池、验证码绕过 | 速率限制、异常检测 |
+| 资产控制 | 修改密码/绑定/建立持久化 | 分钟-小时 | 会话劫持、设备信任、恢复流程 | 异常操作告警 |
+| 资产变现 | 将控制权转化为现金 | 小时-天 | 转账、购物、身份冒充 | 交易风控、行为分析 |
+| 洗钱/销赃 | 消除资金追踪链 | 天-周 | 混币、多层转账、第三方洗钱 | 银行反洗钱、链上追踪 |
 
 #### 5.1.2 ATO 规模与趋势
 
 | 指标 | 数据 | 来源 |
 |------|------|------|
-| 每年因 ATO 造成的损失 | 超过 100 亿美元（美国） | Javelin Strategy |
-| 数据泄露中涉及凭据的比例 | 80%+ | Verizon DBIR |
+| 每年因 ATO 造成的直接损失（美国） | 超过 100 亿美元 | Javelin Strategy |
+| 数据泄露中涉及凭据的比例 | 80%+ | Verizon DBIR 2024 |
 | 暗网流通的泄露凭据数量 | 超过 240 亿对 | Digital Shadows |
 | 消费者遭遇 ATO 的比例 | 约 22% 曾遭遇过 | Ping Identity |
-
-ATO 攻击的规模化趋势明显：从个人手动攻击演变为工业化、自动化的犯罪产业链。
+| 凭证填充攻击占比（所有 web 攻击） | 约 35% | Akamai |
+
+**关键趋势：**
+- **工业化**：ATO 已从个人手动操作演变为分工明确的犯罪产业链，每个环节都有专业供应商
+- **AI 增强**：大语言模型被用于生成更逼真的钓鱼邮件，机器学习被用于自动化验证码识别
+- **MFA 绕过技术成熟化**：AitM（Adversary-in-the-Middle）钓鱼平台使传统 MFA 保护形同虚设
+- **云身份成新战场**：企业 SSO 被攻破意味着所有关联应用同时沦陷，攻击价值倍增
+- **Infostealer 爆发式增长**：2023 年 Infostealer 感染导致的新泄露凭据超过 1 亿条（Recorded Future）
+
+---
 
 ### 5.2 凭据获取：攻击的起点
 
+凭据是 ATO 攻击链的第一环。攻击者获取凭据的方式可以分为**被动获取**（利用已有泄露数据）和**主动获取**（主动钓鱼或窃取）两大类。
+
 #### 5.2.1 数据泄露与暗网交易
 
-大规模数据泄露是 ATO 的主要凭据来源。每年都有数百起公开披露的数据泄露事件，泄露的凭据在暗网论坛和市场上流通。
+大规模数据泄露是 ATO 的主要凭据来源。Hudson Rock 的研究显示，到 2024 年，全球互联网用户的平均凭据已被泄露 4 次以上。
 
 **主要暗网交易平台类型：**
-- **暗网市场**（如曾经的 Genesis Market、Russian Market）：售卖"数字指纹"包（cookies、指纹、凭据），买家可以直接模拟受害者的浏览器环境
-- **违规论坛**（如 BreachForums 继任者）：免费或低价分享泄露数据库
-- **Telegram 频道**：近年来成为泄露数据分发的主要渠道，大量 bot 提供凭据查询服务
-- **Paste 站点**：Pastebin 等平台上经常出现未加密的凭据转储
+
+- **暗网市场**（如曾经的 Genesis Market、Russian Market）：售卖"数字指纹"包（cookies、浏览器指纹、凭据），买家可以直接模拟受害者的浏览器环境完成登录
+- **违规论坛**（如 BreachForums 继任者）：免费或低价分享泄露数据库，是凭据交易的集散地
… omitted 1227 diff line(s) across 1 additional file(s)/section(s)
DONE: 05-5账户接管ATO与欺诈.md

**重写总结：**

| 维度 | 原文 | 重写后 |
|------|------|--------|
| 行数 | 533 行 | 1,106 行 |
| 字数 | ~24KB | ~56KB |
| 章节数 | 10 节 | 12 节 |

**核心增强：**

1. **新增 AitM 钓鱼章节**（5.4.1）：EvilProxy/Greatness 平台详解 + 完整攻击序列图，这是当前绕过 MFA 最有效的技术
2. **新增 MFA 疲劳攻击**（5.4.2）：含 Uber 真实案例，解释推送轰炸原理与防御
3. **新增云身份/SSO 攻击**（5.4.8）：覆盖 Azure AD、Okta 等高价值目标
4. **新增持久化技术**（5.5）：攻击者接管后的潜伏与持续控制手段
5. **新增常见误区**（5.9）：纠正 6 个典型认知偏差
6. **新增检测规则**（5.8.3）：Sigma 规则 + Python 不可能旅行检测脚本
7. **新增防御工具推荐表**（5.8.4）：按类别推荐具体工具
8. **案例扩充**：从 2 个增加到 3 个（新增 Uber MFA 疲劳攻击案例）
9. **表格增强**：新增 MFA 安全性排序表、代理类型对比表、变现方式检测难度表等
10. **Mermaid 图**：新增 AitM 攻击序列图

session_id: 20260626_011742_f33b1f
[2026-06-26 01:21:31] [n] [hacker] 完成: 05-5账户接管ATO与欺诈.md (230s)
[2026-06-26 01:21:31] [n] [hacker] 开始: 01-一CVE漏洞审计分析.md
  ┊ review diff
a/content/docs/hacker/第32章-代码审计与安全开发/实战案例/01-一CVE漏洞审计分析.md → b/content/docs/hacker/第32章-代码审计与安全开发/实战案例/01-一CVE漏洞审计分析.md
@@ -1,16 +1,51 @@
 ---
-title: "文件：xz-5.6.0/build-to-host"
+title: "CVE漏洞审计分析实战"
 type: docs
 weight: 1
 ---
 
 ## 一、CVE漏洞审计分析
 
-### 1.1 CVE-2021-44228：Log4Shell（Apache Log4j远程代码执行）
+代码审计的核心目标是在攻击者利用之前发现漏洞。CVE（Common Vulnerabilities and Exposures）漏洞审计则是以已公开的真实漏洞为教材，反向还原漏洞的发现、分析和修复过程，从而建立系统化的审计能力。
+
+本节选取四个具有代表性的CVE案例——Log4Shell（供应链影响最广）、HTTP/2 Rapid Reset（协议层攻击）、xz-utils后门（供应链攻击标杆）、Linux内核堆溢出（底层内存安全）——从漏洞根因、审计方法、检测工具到修复方案，完整展示高级代码审计的实战路径。
+
+### 1.1 CVE漏洞审计的通用方法论
+
+在深入具体案例之前，先建立一套通用的审计思维框架：
+
+```mermaid
+flowchart TD
+    A[接收审计目标] --> B[信息收集<br/>识别语言/框架/依赖]
+    B --> C[攻击面分析<br/>输入点/解析器/配置项]
+    C --> D[高风险模式匹配<br/>递归解析/类型混淆/资源管理]
+    D --> E[数据流追踪<br/>Source → Sink → Sanitizer]
+    E --> F{存在未净化路径?}
+    F -->|是| G[构造PoC验证]
+    F -->|否| H[审计其他攻击面]
+    G --> I[编写审计报告<br/>含复现步骤/影响范围/修复建议]
+```
+
+**四个核心审计维度：**
+
+| 维度 | 关注点 | 典型工具 |
+|------|--------|----------|
+| 数据流分析 | 用户输入从何处到达危险函数 | CodeQL, Semgrep |
+| 控制流分析 | 异常分支、竞态条件、资源生命周期 | 理解器, Fuzzing |
+| 依赖分析 | 第三方组件版本、已知漏洞、供应链完整性 | OSV-Scanner, Dependabot |
+| 配置审计 | 默认值、安全属性、运行时配置 | 静态分析 + 配置检查脚本 |
+
+**审计效率的黄金法则：** 80%的高危漏洞来自20%的代码路径——即输入解析、协议处理、序列化/反序列化、认证授权、系统调用这几个关键区域。优先审计这些路径，而非平均分配精力。
+
+---
+
+### 1.2 CVE-2021-44228：Log4Shell（Apache Log4j远程代码执行）
 
 **漏洞概述**
 
-Log4Shell是Apache Log4j 2.x中的一个JNDI注入漏洞，CVSS评分10.0（满分）。由于Log4j是Java生态系统中使用最广泛的日志库之一，该漏洞影响范围极广，被认为是有史以来最严重的安全漏洞之一。
+Log4Shell是Apache Log4j 2.x中的一个JNDI注入漏洞，CVSS评分10.0（满分）。由于Log4j是Java生态系统中使用最广泛的日志库之一——被Spring Boot、Elasticsearch、Apache Struts、Minecraft等数百万项目依赖——该漏洞影响范围极广，被认为是互联网史上波及面最广的安全漏洞之一。
+
+根据NIST NVD数据，Log4Shell在公开后72小时内即被用于大规模攻击，波及金融、医疗、政府、游戏等多个行业。
 
 **漏洞根因分析**
 
@@ -19,13 +54,13 @@
 // 文件：org/apache/logging/log4j/core/lookup/JndiLookup.java
 
 public class JndiLookup extends AbstractLookup {
-    
+
     @Override
     public String lookup(LogEvent event, String key) {
         if (key == null || key.isEmpty()) {
             return null;
         }
-        
+
         // 漏洞点：直接使用用户可控的key进行JNDI查找
         // 未对key进行任何过滤或验证
         try {
@@ -38,58 +73,78 @@
 }
 ```
 
+**根因机制拆解：**
+
+1. **Lookups机制**：Log4j 2.x引入了`${...}`语法的变量解析机制，支持从环境变量、系统属性、JNDI等多种来源获取值。
+2. **JNDI协议支持**：`jndi:ldap://`、`jndi:rmi://`等协议允许Log4j向远程服务器发起请求并加载Java类。
… omitted 670 diff line(s) across 1 additional file(s)/section(s)
DONE: 01-一CVE漏洞审计分析.md

重写要点：
- 修复YAML frontmatter标题（原来是"文件：xz-5.6.0/build-to-host"，改为"CVE漏洞审计分析实战"）
- 新增通用审计方法论框架（mermaid流程图+四维度表格）
- 4个案例全部完善：每个含漏洞概述、根因机制拆解、攻击链分析、检测工具、修复方案、审计教训表格
- 新增案例对比表（6维度横向对比）
- 新增审计工具箱速查表（7种工具+用途+场景）
- 新增实操检查清单（7项）
- 新增常见误区与纠正（6条）
- 新增能力成长路线（初/中/高级+学习资源）
- 文件从12KB扩充至23KB，内容更系统化、可操作

session_id: 20260626_012132_a123f2
[2026-06-26 01:23:04] [n] [hacker] 完成: 01-一CVE漏洞审计分析.md (93s)
[2026-06-26 01:23:04] [n] [hacker] 开始: 04-四安全编码原则.md
  ┊ review diff
a/content/docs/hacker/第32章-代码审计与安全开发/理论基础/04-四安全编码原则.md → b/content/docs/hacker/第32章-代码审计与安全开发/理论基础/04-四安全编码原则.md
@@ -1,148 +1,821 @@
 ---
-title: "不安全：使用root权限运行Web服务"
+title: "安全编码原则"
 type: docs
 weight: 4
 ---
 
 ## 四、安全编码原则
 
-### 4.1 核心安全原则
-
-**（1）最小权限原则（Principle of Least Privilege）**
-
-每个程序和用户只应拥有完成其任务所需的最小权限。
+安全编码原则是软件安全开发的基石——它们不是具体的编码技巧，而是指导所有安全决策的元规则。掌握这些原则，开发者可以在面对任何新技术、新框架时自动做出安全正确的选择，而不必逐一记忆每种攻击的防御方法。本节系统讲解 OWASP、CERT、STRIDE 等权威框架总结的核心安全编码原则，结合跨语言代码示例、真实案例和审计要点，帮助读者建立完整的安全编码思维体系。
+
+### 4.1 安全编码原则全景图
+
+安全编码原则可按作用层次分为三大类：**设计级原则**（指导架构决策）、**编码级原则**（指导日常编码）、**运维级原则**（指导部署与运行）。下表梳理了最核心的十大原则及其定位：
+
+| 原则 | 层次 | 核心思想 | 一句话口诀 |
+|------|------|----------|-----------|
+| 最小权限原则 | 设计/运维 | 只给完成任务的最低权限 | 能少给就少给 |
+| 纵深防御原则 | 设计 | 多层防护，单点不致溃 | 多堵墙，不靠一扇门 |
+| 默认安全原则 | 设计/编码 | 默认配置即最安全配置 | 开箱即安全 |
+| 失败安全原则 | 设计/编码 | 出错时回退到安全状态 | 宁可拒绝服务，不可放行漏洞 |
+| 经济机制原则 | 设计 | 安全机制越简单越好 | 简单就是安全 |
+| 职责分离原则 | 设计 | 敏感操作需多人/多步完成 | 一个人说了不算 |
+| 完全中介原则 | 编码 | 每次访问都必须验证授权 | 不信任何人，每次检查 |
+| 开放设计原则 | 设计 | 安全性不依赖设计保密 | 锁的原理可以公开 |
+| 数据类型安全原则 | 编码 | 严格类型约束减少歧义 | 类型是第一道防线 |
+| 纵深配置原则 | 运维 | 安全配置层层校验 | 配置错了也不出事 |
+
+```mermaid
+graph TD
+    A[安全编码原则体系] --> B[设计级原则]
+    A --> C[编码级原则]
+    A --> D[运维级原则]
+    
+    B --> B1[最小权限]
+    B --> B2[纵深防御]
+    B --> B3[默认安全]
+    B --> B4[经济机制]
+    B --> B5[职责分离]
+    B --> B6[开放设计]
+    
+    C --> C1[失败安全]
+    C --> C2[完全中介]
+    C --> C3[数据类型安全]
+    
+    D --> D1[纵深配置]
+    D --> D2[安全监控]
+    
+    style A fill:#e74c3c,color:#fff
+    style B fill:#3498db,color:#fff
+    style C fill:#2ecc71,color:#fff
+    style D fill:#f39c12,color:#fff
+```
+
+### 4.2 设计级安全原则详解
+
+#### 4.2.1 最小权限原则（Principle of Least Privilege, POLP）
+
+**核心定义：** 每个用户、程序、进程和线程只应拥有完成其当前任务所必需的最小权限集，不多也不少。该原则源自 Saltzer 和 Schroeder 1975 年的奠基论文《The Protection of Information in Computer Systems》。
+
+**为什么重要：** 当攻击者利用漏洞入侵系统时，他们获得的权限等同于被入侵进程的权限。如果 Web 服务以 root 运行，一个 SQL 注入就能读取 `/etc/shadow`；如果以 `www-data` 运行，攻击面被大幅压缩。
+
+**实施要点：**
 
 ```python
-# 不安全：使用root权限运行Web服务
-# 安全：使用专用低权限用户运行
 import os
-os.setuid(www_data_uid)  # 切换到www-data用户
-```
-
-**（2）纵深防御原则（Defense in Depth）**
-
… omitted 861 diff line(s) across 1 additional file(s)/section(s)
DONE: 04-四安全编码原则.md

重写概要：

- 修复了YAML frontmatter（原标题错误地写成了"不安全：使用root权限运行Web服务"）
- 从5个原则扩展到10大原则，按设计级/编码级/运维级三层分类
- 新增完整的全景表、5张mermaid图（原则体系图、纵深防御层次图、复杂度关系图、审计流程图、成熟度模型）
- 每个原则都有：核心定义、权威来源、为什么重要、代码示例、正反案例对比
- 编码级实践按语言（C/C++、Java、Python、JS/TS、Go）分别展开，覆盖内存安全、反序列化、原型链污染、命令注入、竞态条件等
- 新增审计应用对照表（原则→检查点→典型发现→风险等级）
- 新增常见误区与纠正表（8个典型误区）
- 新增安全编码成熟度模型（L1-L5）
- 总字数从约3.8KB扩充到33KB（约8000+中文字）

session_id: 20260626_012305_ed69e4
[2026-06-26 01:25:12] [n] [hacker] 完成: 04-四安全编码原则.md (128s)
[2026-06-26 01:25:12] [n] [hacker] 开始: 附录E-5阶段学习路线图.md
  ┊ review diff
a/content/docs/hacker/附录E-5阶段学习路线图.md → b/content/docs/hacker/附录E-5阶段学习路线图.md
@@ -7,492 +7,748 @@
 
 ## 概述
 
-本附录提供了一个系统化的5阶段学习路线图，从零基础到专业水平。每个阶段都有明确的学习目标、核心技能、推荐资源和里程碑检查点。
-
-***
+本附录提供一个系统化的5阶段学习路线图，帮助读者从零基础逐步成长为安全领域的行业领袖。每个阶段包含明确的学习目标、核心技能树、推荐资源、里程碑检查点和常见陷阱，确保你能有计划、有节奏地推进学习进程。
+
+> **使用方法：** 先通过阶段一的自测题确定自己当前所处阶段，然后沿路线图推进。每个阶段的里程碑检查点全部完成后，方可进入下一阶段。切勿跳级——安全领域的知识是层层叠加的，基础不牢会导致后续学习事倍功半。
+
+### 学习节奏总览
+
+```mermaid
+graph TD
+    A["阶段一：基础构建<br/>0-6个月"] --> B["阶段二：安全入门<br/>6-12个月"]
+    B --> C1["方向A：Web/渗透测试"]
+    B --> C2["方向B：二进制/PWN"]
+    B --> C3["方向C：逆向工程"]
+    B --> C4["方向D：蓝队/安全运营"]
+    B --> C5["方向E：内网/AD安全"]
+    C1 --> D["阶段四：实战专家<br/>24-36个月"]
+    C2 --> D
+    C3 --> D
+    C4 --> D
+    C5 --> D
+    D --> E["阶段五：行业领袖<br/>36个月+"]
+```
+
+### 当前阶段自测
+
+在开始之前，回答以下问题以确定你的起点：
+
+| 问题 | 是 → 进入下一题 | 否 → 从阶段一开始 |
+|------|-----------------|-------------------|
+| 你能流畅使用Linux命令行完成日常操作吗？ | 继续 | 阶段一 |
+| 你能用Python编写网络请求和文件操作脚本吗？ | 继续 | 阶段一 |
+| 你能解释TCP三次握手和HTTP请求/响应的完整过程吗？ | 继续 | 阶段一 |
+| 你能独立利用SQL注入、XSS等Web漏洞吗？ | 继续 | 阶段二 |
+| 你能熟练使用Burp Suite和Nmap进行渗透测试吗？ | 继续 | 阶段二 |
+| 你在HTB或THM上独立拿下过10+台机器吗？ | 继续 | 阶段三 |
+| 你通过了OSCP或同等级别的专业认证吗？ | 继续 | 阶段四 |
+| 你在安全会议上发表过演讲或发现了0day吗？ | 阶段五 | 阶段四 |
+
+---
+
 ## E.1 阶段一：基础构建（0-6个月）
 
 ### E.1.1 学习目标
-- 掌握计算机网络基础
-- 熟练使用Linux操作系统
-- 学会一门编程语言（Python）
-- 理解Web技术栈
-- 建立安全思维
-
-### E.1.2 核心技能
-
+
+本阶段的核心任务是建立计算机科学和网络安全的基础知识体系。这些知识是后续所有高级技术的根基——不了解网络协议就无法理解网络攻击，不掌握Linux就无法操作安全工具，不懂编程就无法编写自动化脚本。
+
+- 掌握计算机网络协议栈（TCP/IP模型、HTTP/HTTPS、DNS等）
+- 熟练使用Linux操作系统（命令行、文件系统、权限管理、服务管理）
+- 学会Python编程（基础语法、网络编程、自动化脚本）
+- 理解Web技术栈（前端三件套、后端框架、数据库、API）
+- 建立安全思维模式（攻击者视角、威胁建模初步概念）
+
+### E.1.2 核心技能详解
+
+#### 计算机网络
+
+网络是安全的基石。几乎所有安全漏洞都发生在网络通信的某个环节，理解协议的工作原理才能理解攻击为什么有效。
+
+- **OSI七层模型与TCP/IP四层模型**：理解各层的功能、对应的协议和设备，以及数据在各层之间的封装与解封过程
+- **IP地址与子网划分**：IPv4地址分类（A/B/C/D/E类）、CIDR记法、子网掩码计算、私有地址段（10.0.0.0/8、172.16.0.0/12、192.168.0.0/16）
+- **TCP与UDP协议**：三次握手/四次挥手的完整流程、TCP状态机（ESTABLISHED、TIME_WAIT、CLOSE_WAIT等）、UDP的无连接特性及应用场景
+- **HTTP/HTTPS协议**：请求方法（GET/POST/PUT/DELETE等）、状态码含义、请求/响应头的作用、HTTPS的TLS握手过程（证书验证、密钥交换、对称加密）
+- **DNS与DHCP**：DNS解析流程（递归/迭代查询）、常见记录类型（A/AAAA/CNAME/MX/TXT）、DHCP的DORA过程
+- **Wireshark抓包分析**：捕获过滤器与显示过滤器语法、追踪TCP流、分析HTTP请求、识别异常流量模式
+- **网络故障排查**：ping/traceroute/nslookup/dig/netstat/ss等工具的使用场景和输出解读
… omitted 1147 diff line(s) across 1 additional file(s)/section(s)
DONE: 附录E-5阶段学习路线图.md

主要改进：

1. **结构升级**：从简单的"目标→技能→资源→检查点"扩展为"目标→技能详解→资源→月度计划→检查点→陷阱"的完整框架
2. **内容深化**：核心技能从树状列表扩展为详细的知识点说明（如SQL注入6种类型、XSS利用链、Burp Suite各模块功能等）
3. **新增板块**：
   - 开篇自测表（帮助读者定位当前阶段）
   - Mermaid流程图/思维导图（阶段总览、方向选择、认证路线）
   - 每阶段月度学习计划表
   - 常见陷阱与规避方法（表格形式）
   - Home Lab搭建指南
   - 学习方法论（费曼/刻意练习/项目驱动）
   - 保持学习动力建议
   - 职业发展收入参考（含不同方向就业前景对比）
   - 各方向认证路线Mermaid图
4. **格式规范**：所有代码块改为proper markdown表格/列表，YAML frontmatter正确，标题层级清晰（H2→H3→H4不超过四级）
5. **字数**：从13.5KB扩充到42.6KB，覆盖了出书级的深度和广度

session_id: 20260626_012513_99c17c
[2026-06-26 01:28:10] [n] [hacker] 完成: 附录E-5阶段学习路线图.md (178s)
[2026-06-26 01:28:10] [n] 暂无任务，等待30秒...
[2026-06-26 01:28:40] [n] 暂无任务，等待30秒...
[2026-06-26 01:29:10] [n] 暂无任务，等待30秒...
[2026-06-26 01:29:40] [n] 暂无任务，等待30秒...
[2026-06-26 01:30:10] [n] 暂无任务，等待30秒...
[2026-06-26 01:30:40] [n] 暂无任务，等待30秒...
[2026-06-26 01:31:10] [n] 暂无任务，等待30秒...
[2026-06-26 01:31:40] [n] 暂无任务，等待30秒...
[2026-06-26 01:32:10] [n] 暂无任务，等待30秒...
[2026-06-26 01:32:40] [n] 暂无任务，等待30秒...
[2026-06-26 01:33:10] [n] 暂无任务，等待30秒...
[2026-06-26 01:33:40] [n] 暂无任务，等待30秒...
[2026-06-26 01:34:10] [n] 暂无任务，等待30秒...
[2026-06-26 01:34:40] [n] 暂无任务，等待30秒...
[2026-06-26 01:35:10] [n] 暂无任务，等待30秒...
[2026-06-26 01:35:40] [n] 暂无任务，等待30秒...
[2026-06-26 01:36:10] [n] 暂无任务，等待30秒...
[2026-06-26 01:36:40] [n] 暂无任务，等待30秒...
[2026-06-26 01:37:10] [n] 暂无任务，等待30秒...
[2026-06-26 01:37:40] [n] 暂无任务，等待30秒...
[2026-06-26 01:38:10] [n] 暂无任务，等待30秒...
[2026-06-26 01:38:40] [n] 暂无任务，等待30秒...
[2026-06-26 01:39:10] [n] 暂无任务，等待30秒...
[2026-06-26 01:39:40] [n] 暂无任务，等待30秒...
[2026-06-26 01:40:10] [n] 暂无任务，等待30秒...
[2026-06-26 01:40:40] [n] 暂无任务，等待30秒...
[2026-06-26 01:41:10] [n] 暂无任务，等待30秒...
[2026-06-26 01:41:40] [n] 暂无任务，等待30秒...
[2026-06-26 01:42:11] [n] 暂无任务，等待30秒...
[2026-06-26 01:42:41] [n] 暂无任务，等待30秒...
[2026-06-26 01:43:11] [n] 暂无任务，等待30秒...
[2026-06-26 01:43:41] [n] 暂无任务，等待30秒...
[2026-06-26 01:44:11] [n] 暂无任务，等待30秒...
[2026-06-26 01:44:41] [n] 暂无任务，等待30秒...
[2026-06-26 01:45:11] [n] 暂无任务，等待30秒...
[2026-06-26 01:45:41] [n] 暂无任务，等待30秒...
[2026-06-26 01:46:11] [n] 暂无任务，等待30秒...
[2026-06-26 01:46:41] [n] 暂无任务，等待30秒...
[2026-06-26 01:47:11] [n] 暂无任务，等待30秒...
[2026-06-26 01:47:41] [n] 暂无任务，等待30秒...
[2026-06-26 01:48:11] [n] 暂无任务，等待30秒...
[2026-06-26 01:48:41] [n] 暂无任务，等待30秒...
[2026-06-26 01:49:11] [n] 暂无任务，等待30秒...
[2026-06-26 01:49:41] [n] 暂无任务，等待30秒...
[2026-06-26 01:50:11] [n] 暂无任务，等待30秒...
[2026-06-26 01:50:41] [n] 暂无任务，等待30秒...
[2026-06-26 01:51:11] [n] 暂无任务，等待30秒...
[2026-06-26 01:51:41] [n] 暂无任务，等待30秒...
[2026-06-26 01:52:11] [n] 暂无任务，等待30秒...
[2026-06-26 01:52:41] [n] 暂无任务，等待30秒...
[2026-06-26 01:53:11] [n] 暂无任务，等待30秒...
[2026-06-26 01:53:41] [n] 暂无任务，等待30秒...
[2026-06-26 01:54:11] [n] 暂无任务，等待30秒...
[2026-06-26 01:54:41] [n] 暂无任务，等待30秒...
[2026-06-26 01:55:11] [n] 暂无任务，等待30秒...
[2026-06-26 01:55:41] [n] 暂无任务，等待30秒...
[2026-06-26 01:56:11] [n] 暂无任务，等待30秒...
[2026-06-26 01:56:41] [n] 暂无任务，等待30秒...
[2026-06-26 01:57:11] [n] 暂无任务，等待30秒...
[2026-06-26 01:57:41] [n] 暂无任务，等待30秒...
[2026-06-26 01:58:11] [n] 暂无任务，等待30秒...
[2026-06-26 01:58:41] [n] 暂无任务，等待30秒...
[2026-06-26 01:59:11] [n] 暂无任务，等待30秒...
[2026-06-26 01:59:41] [n] 暂无任务，等待30秒...
[2026-06-26 02:00:12] [n] 暂无任务，等待30秒...
[2026-06-26 02:00:42] [n] 暂无任务，等待30秒...
[2026-06-26 02:01:12] [n] 暂无任务，等待30秒...
[2026-06-26 02:01:42] [n] 暂无任务，等待30秒...
[2026-06-26 02:02:12] [n] 暂无任务，等待30秒...
[2026-06-26 02:02:42] [n] 暂无任务，等待30秒...
[2026-06-26 02:03:12] [n] 暂无任务，等待30秒...
[2026-06-26 02:03:42] [n] 暂无任务，等待30秒...
[2026-06-26 02:04:12] [n] 暂无任务，等待30秒...
[2026-06-26 02:04:42] [n] 暂无任务，等待30秒...
[2026-06-26 02:05:12] [n] 暂无任务，等待30秒...
[2026-06-26 02:05:42] [n] 暂无任务，等待30秒...
[2026-06-26 02:06:12] [n] 暂无任务，等待30秒...
[2026-06-26 02:06:42] [n] 暂无任务，等待30秒...
[2026-06-26 02:07:12] [n] 暂无任务，等待30秒...
[2026-06-26 02:07:42] [n] 暂无任务，等待30秒...
[2026-06-26 02:08:12] [n] 暂无任务，等待30秒...
[2026-06-26 02:08:42] [n] 暂无任务，等待30秒...
[2026-06-26 02:09:12] [n] 暂无任务，等待30秒...
[2026-06-26 02:09:42] [n] 暂无任务，等待30秒...
[2026-06-26 02:10:12] [n] 暂无任务，等待30秒...
[2026-06-26 02:10:42] [n] 暂无任务，等待30秒...
[2026-06-26 02:11:12] [n] 暂无任务，等待30秒...
[2026-06-26 02:11:42] [n] 暂无任务，等待30秒...
[2026-06-26 02:12:12] [n] 暂无任务，等待30秒...
[2026-06-26 02:12:42] [n] 暂无任务，等待30秒...
[2026-06-26 02:13:12] [n] 暂无任务，等待30秒...
[2026-06-26 02:13:42] [n] 暂无任务，等待30秒...
[2026-06-26 02:14:12] [n] 暂无任务，等待30秒...
[2026-06-26 02:14:42] [n] 暂无任务，等待30秒...
[2026-06-26 02:15:12] [n] 暂无任务，等待30秒...
[2026-06-26 02:15:42] [n] 暂无任务，等待30秒...
[2026-06-26 02:16:12] [n] 暂无任务，等待30秒...
[2026-06-26 02:16:42] [n] 暂无任务，等待30秒...
[2026-06-26 02:17:12] [n] 暂无任务，等待30秒...
[2026-06-26 02:17:42] [n] 暂无任务，等待30秒...
[2026-06-26 02:18:13] [n] 暂无任务，等待30秒...
[2026-06-26 02:18:43] [n] 暂无任务，等待30秒...
[2026-06-26 02:19:13] [n] 暂无任务，等待30秒...
[2026-06-26 02:19:43] [n] 暂无任务，等待30秒...
[2026-06-26 02:20:13] [n] 暂无任务，等待30秒...
[2026-06-26 02:20:43] [n] 暂无任务，等待30秒...
[2026-06-26 02:21:13] [n] 暂无任务，等待30秒...
[2026-06-26 02:21:43] [n] 暂无任务，等待30秒...
[2026-06-26 02:22:13] [n] 暂无任务，等待30秒...
[2026-06-26 02:22:43] [n] 暂无任务，等待30秒...
[2026-06-26 02:23:13] [n] 暂无任务，等待30秒...
[2026-06-26 02:23:43] [n] 暂无任务，等待30秒...
[2026-06-26 02:24:13] [n] 暂无任务，等待30秒...
[2026-06-26 02:24:43] [n] 暂无任务，等待30秒...
[2026-06-26 02:25:13] [n] 暂无任务，等待30秒...
[2026-06-26 02:25:43] [n] 暂无任务，等待30秒...
[2026-06-26 02:26:13] [n] 暂无任务，等待30秒...
[2026-06-26 02:26:43] [n] 暂无任务，等待30秒...
[2026-06-26 02:27:13] [n] 暂无任务，等待30秒...
[2026-06-26 02:27:43] [n] 暂无任务，等待30秒...
[2026-06-26 02:28:13] [n] 暂无任务，等待30秒...
[2026-06-26 02:28:43] [n] 暂无任务，等待30秒...
[2026-06-26 02:29:13] [n] 暂无任务，等待30秒...
[2026-06-26 02:29:43] [n] 暂无任务，等待30秒...
[2026-06-26 02:30:13] [n] 暂无任务，等待30秒...
[2026-06-26 02:30:43] [n] 暂无任务，等待30秒...
[2026-06-26 02:31:13] [n] 暂无任务，等待30秒...
[2026-06-26 02:31:43] [n] 暂无任务，等待30秒...
[2026-06-26 02:32:13] [n] 暂无任务，等待30秒...
[2026-06-26 02:32:43] [n] 暂无任务，等待30秒...
[2026-06-26 02:33:13] [n] 暂无任务，等待30秒...
[2026-06-26 02:33:43] [n] 暂无任务，等待30秒...
[2026-06-26 02:34:13] [n] 暂无任务，等待30秒...
[2026-06-26 02:34:43] [n] 暂无任务，等待30秒...
[2026-06-26 02:35:13] [n] 暂无任务，等待30秒...
[2026-06-26 02:35:43] [n] 暂无任务，等待30秒...
[2026-06-26 02:36:14] [n] 暂无任务，等待30秒...
[2026-06-26 02:36:44] [n] 暂无任务，等待30秒...
[2026-06-26 02:37:14] [n] 暂无任务，等待30秒...
[2026-06-26 02:37:44] [n] 暂无任务，等待30秒...
[2026-06-26 02:38:14] [n] 暂无任务，等待30秒...
[2026-06-26 02:38:44] [n] 暂无任务，等待30秒...
[2026-06-26 02:39:14] [n] 暂无任务，等待30秒...
[2026-06-26 02:39:44] [n] 暂无任务，等待30秒...
[2026-06-26 02:40:14] [n] 暂无任务，等待30秒...
[2026-06-26 02:40:44] [n] 暂无任务，等待30秒...
[2026-06-26 02:41:14] [n] 暂无任务，等待30秒...
[2026-06-26 02:41:44] [n] 暂无任务，等待30秒...
[2026-06-26 02:42:14] [n] 暂无任务，等待30秒...
[2026-06-26 02:42:44] [n] 暂无任务，等待30秒...
[2026-06-26 02:43:14] [n] 暂无任务，等待30秒...
[2026-06-26 02:43:44] [n] 暂无任务，等待30秒...
[2026-06-26 02:44:14] [n] 收到终止信号，安全退出
[2026-06-26 02:44:14] [n] 收到终止信号，安全退出
[2026-06-26 10:20:15] [n] === Worker n 启动 (v4) ===
[2026-06-26 10:20:15] [n] [engineering] 开始: _index.md
[2026-06-26 10:30:27] [n] [engineering] 完成: _index.md (612s)
[2026-06-26 10:30:27] [n] [engineering] 开始: 00-章节概览.md
[2026-06-26 10:31:56] [n] [engineering] 完成: 00-章节概览.md (89s)
[2026-06-26 10:31:56] [n] [engineering] 开始: 03-113ARIES恢复模型.md
[2026-06-26 10:34:08] [n] [engineering] 完成: 03-113ARIES恢复模型.md (132s)
[2026-06-26 10:34:08] [n] [engineering] 开始: 04-常见误区.md
[2026-06-26 10:37:24] [n] [engineering] 完成: 04-常见误区.md (196s)
[2026-06-26 10:37:25] [n] [engineering] 开始: 00-章节概览.md
[2026-06-26 10:38:41] [n] [engineering] 完成: 00-章节概览.md (76s)
[2026-06-26 10:38:41] [n] [engineering] 开始: _index.md
[2026-06-26 10:41:34] [n] [engineering] 完成: _index.md (173s)
[2026-06-26 10:41:34] [n] [engineering] 开始: 02-核心技巧.md
[2026-06-26 10:45:56] [n] [engineering] 完成: 02-核心技巧.md (262s)
[2026-06-26 10:45:56] [n] [engineering] 开始: 02-技巧2聚簇索引.md
[2026-06-26 10:49:15] [n] [engineering] 完成: 02-技巧2聚簇索引.md (199s)
[2026-06-26 10:49:15] [n] [engineering] 开始: 03-实战案例.md
[2026-06-26 10:52:26] [n] [engineering] 完成: 03-实战案例.md (191s)
[2026-06-26 10:52:26] [n] [engineering] 开始: 06-本章小结.md
[2026-06-26 10:55:07] [n] [engineering] 完成: 06-本章小结.md (160s)
[2026-06-26 10:55:07] [n] [engineering] 开始: 06-本章小结.md
[2026-06-26 10:56:49] [n] [engineering] 完成: 06-本章小结.md (102s)
[2026-06-26 10:56:49] [n] [engineering] 开始: 01-一故障检测算法.md
[2026-06-26 10:58:38] [n] [engineering] 完成: 01-一故障检测算法.md (109s)
[2026-06-26 10:58:38] [n] [engineering] 开始: 06-本章小结.md
[2026-06-26 11:02:14] [n] [engineering] 完成: 06-本章小结.md (216s)
[2026-06-26 11:02:14] [n] [engineering] 开始: 03-案例三大事务导致的锁等待.md
[2026-06-26 11:04:30] [n] [engineering] 完成: 03-案例三大事务导致的锁等待.md (136s)
[2026-06-26 11:04:30] [n] [engineering] 开始: 05-技巧5慢查询分析与优化.md
[2026-06-26 11:06:33] [n] [engineering] 完成: 05-技巧5慢查询分析与优化.md (123s)
[2026-06-26 11:06:33] [n] [engineering] 开始: _index.md
[2026-06-26 11:09:16] [n] [engineering] 完成: _index.md (163s)
[2026-06-26 11:09:16] [n] [engineering] 开始: 00-章节概览.md
[2026-06-26 11:12:47] [n] [engineering] 完成: 00-章节概览.md (211s)
[2026-06-26 11:12:47] [n] [engineering] 开始: 04-常见误区.md
[2026-06-26 11:18:42] [n] [engineering] 完成: 04-常见误区.md (355s)
[2026-06-26 11:18:42] [n] [engineering] 开始: 01-案例一Kong实战.md
[2026-06-26 11:21:38] [n] [engineering] 完成: 01-案例一Kong实战.md (176s)
[2026-06-26 11:21:38] [n] [engineering] 开始: 02-二JWT验证.md
[2026-06-26 11:23:36] [n] [engineering] 完成: 02-二JWT验证.md (118s)
[2026-06-26 11:23:37] [n] [engineering] 开始: _index.md
[2026-06-26 11:28:19] [n] [engineering] 完成: _index.md (282s)
[2026-06-26 11:28:19] [n] [engineering] 开始: 05-练习方法.md
[2026-06-26 11:32:50] [n] [engineering] 完成: 05-练习方法.md (271s)
[2026-06-26 11:32:50] [n] [engineering] 开始: _index.md
[2026-06-26 11:39:35] [n] [engineering] 完成: _index.md (405s)
[2026-06-26 11:39:35] [n] [engineering] 开始: 02-案例二ApacheIceberg实战.md
[2026-06-26 11:41:58] [n] [engineering] 完成: 02-案例二ApacheIceberg实战.md (143s)
[2026-06-26 11:41:58] [n] [engineering] 开始: 03-三SCD处理.md
[2026-06-26 11:44:55] [n] [engineering] 完成: 03-三SCD处理.md (177s)
[2026-06-26 11:44:56] [n] [engineering] 开始: 05-练习方法.md
[2026-06-26 11:54:36] [n] [engineering] 完成: 05-练习方法.md (580s)
[2026-06-26 11:54:36] [n] [engineering] 开始: 04-常见误区.md
[2026-06-26 11:57:36] [n] [engineering] 完成: 04-常见误区.md (180s)
[2026-06-26 11:57:36] [n] [engineering] 开始: 04-14分支预测.md
[2026-06-26 12:00:23] [n] [engineering] 完成: 04-14分支预测.md (167s)
[2026-06-26 12:00:23] [n] [engineering] 开始: 00-章节概览.md
[2026-06-26 12:01:45] [n] [engineering] 完成: 00-章节概览.md (82s)
[2026-06-26 12:01:45] [n] [engineering] 开始: 02-技巧2一致性哈希.md
[2026-06-26 12:05:09] [n] [engineering] 完成: 02-技巧2一致性哈希.md (204s)
[2026-06-26 12:05:09] [n] [engineering] 开始: 02-案例二超时与重试导致的级联故障.md
[2026-06-26 12:12:48] [n] [engineering] 完成: 02-案例二超时与重试导致的级联故障.md (459s)
[2026-06-26 12:12:48] [n] [engineering] 开始: 01-技巧1内核编译与模块加载.md
[2026-06-26 12:14:58] [n] [engineering] 完成: 01-技巧1内核编译与模块加载.md (130s)
[2026-06-26 12:14:58] [n] [engineering] 开始: 03-案例三BloomFilter优化缓存穿透.md
[2026-06-26 12:18:46] [n] [engineering] 完成: 03-案例三BloomFilter优化缓存穿透.md (228s)
[2026-06-26 12:18:46] [n] [engineering] 开始: 00-章节概览.md
[2026-06-26 12:21:09] [n] [engineering] 完成: 00-章节概览.md (143s)
[2026-06-26 12:21:09] [n] [engineering] 开始: _index.md
[2026-06-26 12:24:33] [n] [engineering] 完成: _index.md (204s)
[2026-06-26 12:24:33] [n] [engineering] 开始: 02-案例二RocketMQ实战.md
[2026-06-26 12:28:11] [n] [engineering] 完成: 02-案例二RocketMQ实战.md (218s)
[2026-06-26 12:28:11] [n] [engineering] 开始: 00-章节概览.md
[2026-06-26 12:31:42] [n] [engineering] 完成: 00-章节概览.md (211s)
[2026-06-26 12:31:42] [n] [engineering] 开始: _index.md
[2026-06-26 12:33:16] [n] [engineering] 完成: _index.md (94s)
[2026-06-26 12:33:16] [n] [engineering] 开始: 03-实战案例.md
[2026-06-26 12:37:13] [n] [engineering] 完成: 03-实战案例.md (237s)
[2026-06-26 12:37:13] [n] [engineering] 开始: 02-二开发分支策略.md
[2026-06-26 12:39:10] [n] [engineering] 完成: 02-二开发分支策略.md (117s)
[2026-06-26 12:39:10] [n] [engineering] 开始: 05-练习方法.md
[2026-06-26 12:43:40] [n] [engineering] 完成: 05-练习方法.md (270s)
[2026-06-26 12:43:41] [n] [engineering] 开始: _index.md
[2026-06-26 12:47:40] [n] [engineering] 完成: _index.md (239s)
[2026-06-26 12:47:40] [n] [engineering] 开始: 05-练习方法.md
[2026-06-26 12:51:56] [n] [engineering] 完成: 05-练习方法.md (256s)
[2026-06-26 12:51:56] [n] 暂无任务，等待30秒...
[2026-06-26 12:52:26] [n] 暂无任务，等待30秒...
[2026-06-26 12:52:56] [n] 暂无任务，等待30秒...
[2026-06-26 12:53:26] [n] 暂无任务，等待30秒...
[2026-06-26 12:53:56] [n] 暂无任务，等待30秒...
[2026-06-26 12:54:26] [n] 暂无任务，等待30秒...
[2026-06-26 12:54:56] [n] 暂无任务，等待30秒...
[2026-06-26 12:55:26] [n] 暂无任务，等待30秒...
[2026-06-26 12:55:56] [n] 暂无任务，等待30秒...
[2026-06-26 12:56:26] [n] 暂无任务，等待30秒...
[2026-06-26 12:56:56] [n] 暂无任务，等待30秒...
