[2026-06-26 00:55:09] [c] === Worker c 启动 (v4) ===
[2026-06-26 00:55:09] [c] 暂无任务，等待30秒...
[2026-06-26 00:55:39] [c] 暂无任务，等待30秒...
[2026-06-26 00:56:09] [c] 暂无任务，等待30秒...
[2026-06-26 00:56:39] [c] 暂无任务，等待30秒...
[2026-06-26 00:57:09] [c] 暂无任务，等待30秒...
[2026-06-26 00:57:39] [c] 暂无任务，等待30秒...
[2026-06-26 00:58:15] [c] === Worker c 启动 (v4) ===
[2026-06-26 00:58:15] [c] [hacker] 开始: 04-244恶意软件家族分类详解.md
  ┊ review diff
a/content/docs/hacker/第24章-恶意软件分析/理论基础/04-244恶意软件家族分类详解.md → b/content/docs/hacker/第24章-恶意软件分析/理论基础/04-244恶意软件家族分类详解.md
@@ -6,241 +6,1052 @@
 
 ## 24.4 恶意软件家族分类详解
 
-### 24.4.1 APT组织与关联恶意软件
-
-高级持续性威胁（APT）组织通常由国家支持，拥有丰富的资源和高级技术能力。以下是全球主要APT组织及其关联恶意软件的详细分析：
+恶意软件（Malware）并非铁板一块——不同类型的恶意软件在**感染机制、传播方式、持久化策略、攻击目的**上存在本质差异。理解这些差异，是进行有效分析和检测的前提。一个只会用静态特征匹配勒索软件的分析师，面对无文件攻击或Bootkit时将束手无策；一个只熟悉Windows PE分析的团队，遇到Linux挖矿木马时同样会陷入困境。
+
+本节将从**分类体系框架**出发，逐类深入每种恶意软件家族的技术原理、代表性变种、关键检测指标（IoC）和分析要点，构建完整的恶意软件认知地图。
+
+### 24.4.1 恶意软件分类体系概述
+
+恶意软件的分类并非单维度，而是可以从多个维度进行交叉分类：
+
+| 分类维度 | 分类方式 | 典型类别 |
+|---------|---------|---------|
+| **按功能目的** | 恶意行为的具体目标 | 窃密、勒索、破坏、挖矿、DDoS、僵尸网络 |
+| **按传播机制** | 是否具备自我复制能力 | 病毒（需宿主）、蠕虫（自主传播）、木马（依赖社会工程） |
+| **按技术实现** | 代码驻留和执行方式 | 文件型、内存型（无文件）、引导区型 |
+| **按目标平台** | 受影响的操作系统/设备 | Windows、Linux、macOS、Android、iOS、IoT固件 |
+| **按攻击者归属** | 幕后运营者类型 | 网络犯罪组织、APT国家行为体、脚本小子、内部威胁 |
+| **按商业模式** | 变现或分发方式 | RaaS（勒索软件即服务）、MaaS（恶意软件即服务）、暗网订阅 |
+
+```mermaid
+graph TD
+    A[恶意软件] --> B[按功能目的]
+    A --> C[按传播机制]
+    A --> D[按技术实现]
+    A --> E[按目标平台]
+
+    B --> B1[窃密/信息窃取]
+    B --> B2[勒索/加密]
+    B --> B3[破坏/擦除]
+    B --> B4[挖矿/资源劫持]
+    B --> B5[僵尸网络/DDoS]
+    B --> B6[间谍/监控]
+
+    C --> C1[文件感染型病毒]
+    C --> C2[蠕虫]
+    C --> C3[木马/后门]
+    C --> C4[加载器/Dropper]
+
+    D --> D1[文件驻留型]
+    D --> D2[内存驻留型/无文件]
+    D --> D3[引导区/Bootkit]
+    D --> D4[内核级Rootkit]
+
+    E --> E1[Windows PE]
+    E --> E2[Linux ELF]
+    E --> E3[macOS/跨平台]
+    E --> E4[移动端ARM]
+    E --> E5[IoT固件]
+
+    style A fill:#1a1a2e,stroke:#e94560,stroke-width:2px
+    style B fill:#16213e,stroke:#0f3460
+    style C fill:#16213e,stroke:#0f3460
+    style D fill:#16213e,stroke:#0f3460
+    style E fill:#16213e,stroke:#0f3460
+```
+
+在实际分析中，一个恶意软件样本往往同时属于多个类别。例如LockBit既是勒索软件（功能），又是RaaS（商业模式），同时依赖加载器（如BazarLoader）投递（传播机制）。分析师需要从多维度建立对样本的完整认知。
+
+---
+
+### 24.4.2 文件感染型病毒（File Infector）
+
+文件感染型病毒是最古老但仍存活的恶意软件类型。它们通过将自身代码嵌入到合法的可执行文件（PE/ELF/Mach-O）中，当宿主文件被运行时病毒代码随之执行。
+
+#### 核心感染机制
+
+| 感染方式 | 技术原理 | 特征 | 代表家族 |
+|---------|---------|------|---------|
+| **追加感染** | 将病毒体追加到宿主文件末尾，修改入口点跳转到病毒体 | 宿主文件大小显著增加 | Sality、Virut |
+| **代码洞感染** | 利用PE文件节区对齐后的空隙（代码洞/Code Cave）嵌入病毒体 | 宿主文件大小不变，更隐蔽 | Parite |
+| **头部/入口点感染** | 替换或劫持宿主文件的入口点代码，跳转至病毒体 | 入口点代码异常 | CIH（切尔诺贝利） |
+| **伴生感染** | 不修改原文件，而是创建同名伴生文件或修改搜索顺序 | 原文件完整，但优先执行病毒体 | DLP类变种 |
+
+#### 代表性家族
… omitted 1192 diff line(s) across 1 additional file(s)/section(s)
DONE: 04-244恶意软件家族分类详解.md

重写完成。文件从原文的 ~10KB/246行 扩充到 ~57KB/1057行，包含18个完整小节：

新增内容（原文完全缺失）：
- 24.4.1 恶意软件分类体系概述（多维度分类框架 + mermaid架构图）
- 24.4.2 文件感染型病毒（CIH/Virut/Sality + Python检测代码）
- 24.4.3 蠕虫（WannaCry/Conficker/Mydoom + 检测指标表）
- 24.4.7 间谍软件（Pegasus/FinFisher + 技术层级）
- 24.4.8 Rootkit与Bootkit（技术层级表 + TDL4/UEFI Rootkit + 检测命令）
- 24.4.9 加密货币挖矿恶意软件（Lemon Duck/Mirai/Coinhive）
- 24.4.10 广告软件与灰色软件（PUP/Adware）
- 24.4.11 加载器与Dropper（BazarLoader/IcedID/Dridex + 攻击链mermaid图）
- 24.4.14 恶意软件家族综合对比表
- 24.4.15 MITRE ATT&CK视角对比表
- 24.4.16 分析实战要点（流程图 + 识别检查清单）
- 24.4.17 常见误区与纠正（7条）
- 24.4.18 进阶：生态系统宏观视角

深度增强（原文较浅）：
- 24.4.4 木马/后门：新增Cobalt Strike详细分析（Beacon特征、JA3指纹、检测Python代码）、Gh0st RAT、AsyncRAT、NjRAT
- 24.4.5 勒索软件：新增RaaS运营模式分析表、REvil、DarkSide、勒索软件技术演进mermaid图、间歇性加密概念
- 24.4.6 银行木马：新增TrickBot、Raccoon Stealer、银行木马演进时间线
- 24.4.12 APT组织：新增APT vs 普通恶意软件对比表、分析挑战分析
- 24.4.13 无文件攻击：新增.NET反射加载、进程注入类型对比表（5种技术）、检测手段对比表

session_id: 20260626_005817_8d330c
[2026-06-26 01:02:52] [c] [hacker] 完成: 04-244恶意软件家族分类详解.md (277s)
[2026-06-26 01:02:53] [c] [hacker] 开始: 07-2617威胁情报与攻防对抗.md
  ┊ review diff
a/content/docs/hacker/第26章-红队蓝队紫队/理论基础/07-2617威胁情报与攻防对抗.md → b/content/docs/hacker/第26章-红队蓝队紫队/理论基础/07-2617威胁情报与攻防对抗.md
@@ -6,64 +6,816 @@
 
 ## 26.1.7 威胁情报与攻防对抗
 
-### 威胁情报的层次
-
-威胁情报（Threat Intelligence）是红蓝对抗的信息基础，按受众和抽象层次可分为：
-
-**战略情报（Strategic Intelligence）**：
-- 面向管理层，关注宏观威胁趋势
-- 内容包括：行业威胁态势、APT组织活动趋势、新兴攻击技术趋势
-- 用途：安全战略规划、预算分配决策、风险管理
-
-**战术情报（Tactical Intelligence）**：
-- 面向安全团队，关注攻击者的TTP（战术、技术、过程）
-- 内容包括：攻击链分析、MITRE ATT&CK映射、防御措施建议
-- 用途：检测规则开发、安全架构优化、红队模拟计划
-
-**运营情报（Operational Intelligence）**：
-- 面向SOC分析师，关注正在进行的攻击活动
-- 内容包括：攻击活动细节、目标行业/组织、时间窗口
-- 用途：实时威胁监控、事件响应、主动狩猎
-
-**技术情报（Technical Intelligence）**：
-- 面向技术团队，关注具体的技术指标
-- 内容包括：IOC（IP、域名、文件哈希）、YARA规则、Snort规则
-- 用途：安全设备配置、自动化检测、黑名单更新
-
-### 威胁情报在红蓝对抗中的应用
-
-**红队应用**：
-- 选择与真实威胁组织一致的TTP进行模拟
-- 使用开源情报（OSINT）进行侦察
-- 了解目标组织可能的防御措施并制定绕过策略
-- 基于行业威胁情报设计攻击场景
-
-**蓝队应用**：
-- 基于威胁情报开发检测规则
-- 使用IOC进行威胁狩猎
-- 评估现有防御能力对已知威胁的覆盖程度
-- 优先修复被活跃利用的漏洞
-
-### STIX/TAXII标准
-
-STIX（Structured Threat Information Expression）和TAXII（Trusted Automated Exchange of Intelligence Information）是威胁情报共享的两大标准：
-
-- **STIX**：定义了威胁情报的结构化表示格式，包括攻击模式、威胁角色、安全事件等
-- **TAXII**：定义了威胁情报的传输协议，支持发布-订阅和请求-响应两种模式
+威胁情报（Threat Intelligence, TI）是红蓝对抗的"眼睛"和"耳朵"——没有情报支撑的攻防对抗如同蒙眼格斗。本节系统讲解威胁情报的完整知识体系，包括情报层次模型、情报生命周期、核心标准协议、关键工具平台，以及情报在红队和蓝队实战中的具体应用方法。
+
+---
+
+### 威胁情报的本质与价值
+
+威胁情报的本质是**经过加工处理的、具有决策价值的安全信息**。原始数据（raw data）本身不是情报，只有经过收集、处理、分析、提炼后形成可指导行动的知识，才能称为威胁情报。
+
+理解这个区别至关重要：
+
+| 层次 | 定义 | 示例 |
+|------|------|------|
+| 数据（Data） | 未经处理的原始记录 | 某IP在14:03:22发起了443端口连接 |
+| 信息（Information） | 经过初步整理的数据 | 该IP在24小时内连接了157个不同主机 |
+| 情报（Intelligence） | 经过深度分析、可指导行动的知识 | 该IP属于APT29基础设施，正在对金融行业进行C2通信，建议立即封禁并排查内部横向移动痕迹 |
+
+威胁情报的核心价值体现在三个维度：
+
+1. **缩短检测时间**：从平均207天（IBM 2023数据泄露报告）缩短到数小时甚至实时
+2. **提高响应精度**：用真实威胁指标指导响应，减少误报导致的资源浪费
+3. **驱动主动防御**：从被动救火转变为主动预见，提前部署防御措施
+
+---
+
+### 威胁情报的层次模型
+
+威胁情报按受众、抽象层次和决策场景分为四个层次，形成一个从宏观到微观的完整体系：
+
+```mermaid
+graph TD
+    A[战略情报 Strategic] -->|下沉到| B[战术情报 Tactical]
… omitted 793 diff line(s) across 1 additional file(s)/section(s)
DONE: 07-2617威胁情报与攻防对抗.md

文件从 2,474 字节扩充至 29,654 字节（约 12 倍），覆盖了以下核心内容：

- 威胁情报本质与价值（数据→信息→情报三层区分）
- 四层情报模型（战略/战术/运营/技术）含 mermaid 图
- 六阶段情报生命周期（计划→收集→处理→分析→分发→反馈）
- STIX 2.1 完整对象模型与 TAXII 2.1 双模式详解
- 四层工具架构（采集→平台→分析→应用）含架构图
- MISP/OpenCTI 部署与对比
- YARA/Sigma 检测规则编写实战
- 红队情报应用工作流（含 APT 选择矩阵和攻击计划模板）
- 蓝队情报应用工作流（威胁狩猎+漏洞优先级）
- 情报共享生态与法律合规
- 五大常见误区与最佳实践
- 紫队协作模型（含完整流程图）
- 实战案例：基于 APT38 情报的金融机构红蓝对抗全过程

session_id: 20260626_010254_fa37d3
[2026-06-26 01:05:05] [c] [hacker] 完成: 07-2617威胁情报与攻防对抗.md (132s)
[2026-06-26 01:05:05] [c] [hacker] 开始: 05-摘要.md
  ┊ review diff
a/content/docs/hacker/第27章-Bug-Bounty变现指南/核心技巧/05-摘要.md → b/content/docs/hacker/第27章-Bug-Bounty变现指南/核心技巧/05-摘要.md
@@ -26,6 +26,15 @@
 
 数据来源：HackerOne Blog《How to Write a Better Bug Bounty Report》、Twitter/X 上 @securinti、@infosec_au 等 Top Hackers 的实战分享。
 
+### 心理学原理：为什么摘要如此重要
+
+理解审核员的认知模式，是写好摘要的前提。
+
+- **注意力衰减曲线**：认知心理学研究表明，人在处理新信息的前 30 秒内注意力最集中，之后迅速衰减。审核员打开你的报告时，注意力峰值就在摘要这 30 秒。
+- **锚定效应（Anchoring Bias）**：审核员在摘要阶段形成的初步判断会成为"锚点"，后续信息会被无意识地用来验证而非推翻这个锚点。如果你的摘要说"高危"，审核员会倾向于寻找支持高危的证据。
+- **认知负荷理论**：审核员同时处理多份报告，大脑处于高负荷状态。一份结构清晰、信息密度适中的摘要能显著降低认知负荷，让审核员更愿意仔细阅读你的报告。
+- **损失厌恶（Loss Aversion）**：当摘要中提到具体的合规罚款金额（如 GDPR 4% 年营收）或资金损失时，会触发审核员的损失厌恶心理，促使他们更快行动。
+
 ---
 
 ## 优秀摘要的核心要素
@@ -48,6 +57,19 @@
 - 精准分类直接对应 CVE 描述规范，减少后续沟通成本
 - 不同漏洞类型的奖金池和评分规则不同（RCE 通常比 XSS 奖金高）
 
+**常见 CWE 速查（Bug Bounty 高频类型）：**
+
+| CWE 编号 | 漏洞类型 | 典型奖金范围 |
+|---------|---------|------------|
+| CWE-79 | XSS（跨站脚本） | $500-$5,000 |
+| CWE-89 | SQL Injection | $1,000-$25,000 |
+| CWE-22 | Path Traversal | $500-$5,000 |
+| CWE-78 | Command Injection | $5,000-$100,000 |
+| CWE-200 | Information Exposure | $100-$2,000 |
+| CWE-639 | IDOR | $500-$10,000 |
+| CWE-352 | CSRF | $100-$1,000 |
+| CWE-362 | Race Condition | $1,000-$15,000 |
+
 ### 2. 受影响组件——精确到端点
 
 明确指出哪个功能模块、哪个 URL 端点、哪个参数存在漏洞。这比"用户资料页面"这种模糊描述好十倍。
@@ -59,6 +81,16 @@
 ✅ 优秀示例：GET /api/orders/{order_id} 缺少 owner_id 校验，攻击者可遍历 order_id 查看任意用户订单
 ```
 
+**进阶技巧：多端点漏洞的写法**
+
+当漏洞影响多个端点时，使用"主端点 + 扩展端点"的写法：
+
+```
+主端点：POST /api/v2/users/profile 的 nickname 参数
+扩展端点：同一漏洞同时存在于 /api/v2/users/settings、/api/v2/users/avatar/name
+影响范围：所有用户资料编辑功能（共 3 个 API 端点）
+```
+
 ### 3. 复现步骤——一句话核心
 
 不要在这里写详细步骤（那是复现部分的事），但要用一句话说出攻击路径的本质。
@@ -66,6 +98,12 @@
 ```
 ❌ 不良示例：需要抓包然后改参数再发包
 ✅ 优秀示例：通过修改 GET 请求中的 user_id 参数为其他用户 ID，可越权访问任意用户的发票数据
+```
+
+**一句话复现的公式：**
+
+```
+[攻击者身份] + 通过 + [攻击方法] + 在 + [目标端点/参数] + 实现 + [攻击效果]
 ```
 
 ### 4. 影响评估——说清楚后果
@@ -84,6 +122,16 @@
 - 安全团队用业务影响向管理层申请优先级和资源
 - 厂商更愿意为"能说清楚危害"的报告支付溢价
 
+**业务影响的量化维度：**
+
+| 维度 | 量化方法 | 示例 |
+|-----|---------|------|
+| 用户规模 | 活跃用户数、受影响用户占比 | "影响 50 万活跃买家（占平台总用户 30%）" |
+| 数据规模 | 可获取记录数、敏感字段类型 | "可获取 200 万条用户记录，含姓名、手机号、身份证" |
+| 资金影响 | 单次最大损失、累计损失上限 | "单次活动损失上限 50 万元优惠券金额" |
+| 合规风险 | 具体法规条款、罚款上限 | "触发 GDPR 第 33 条 72 小时通报义务，罚款上限 4% 年营收" |
+| 攻击成本 | 时间、请求次数、门槛 | "1 秒可枚举 50+ 个订单，无需认证" |
… omitted 302 diff line(s) across 1 additional file(s)/section(s)
DONE: /tmp/ai-guides/content/docs/hacker/第27章-Bug-Bounty变现指南/核心技巧/05-摘要.md

文件从 18KB/424 行扩充到 28KB/667 行。主要增强：

**新增内容：**
- 心理学原理（注意力衰减、锚定效应、认知负荷、损失厌恶）
- 常见 CWE 速查表（含典型奖金范围）
- 多端点漏洞写法技巧
- 一句话复现公式
- 业务影响量化维度表（用户规模/数据规模/资金影响/合规风险/攻击成本）
- CVSS 3.1 向量速查表（6 种常见场景）
- 摘要写作流程图（mermaid）
- 新增案例三（RCE 案例 Before/After）
- 不同平台的摘要策略（HackerOne/补天/Google/创业公司）
- AI 辅助最佳实践（含提示词模板）
- 钩子写法技巧表
- 多语言摘要策略
- 摘要质量自检清单（基础/进阶/高级三档）

**保留并优化：**
- 原有 5 大核心要素、3 种结构框架、8 种漏洞模板、5 大常见错误、4 项进阶技巧
- 语言风格对比表从 3 行扩展到 5 行

session_id: 20260626_010507_e693c8
[2026-06-26 01:07:42] [c] [hacker] 完成: 05-摘要.md (157s)
[2026-06-26 01:07:42] [c] [hacker] 开始: 07-深度拓展.md
  ┊ review diff
a/content/docs/hacker/第28章-认证路线图/07-深度拓展.md → b/content/docs/hacker/第28章-认证路线图/07-深度拓展.md
@@ -5,536 +5,815 @@
 
 # 第28章 认证路线图 - 深度拓展
 
-## 一、进阶知识拓展
-
-### 1.1 网络安全认证体系
-
-#### 1.1.1 认证的价值与分类
-
-**认证的价值：**
-1. **知识验证**：证明持有者具备特定领域的知识和技能
-2. **职业发展**：提升职业竞争力，获得更好的工作机会
-3. **行业认可**：获得行业和雇主的认可
-4. **持续学习**：激励持续学习和专业发展
-5. **合规要求**：满足某些职位或项目的合规要求
-
-**认证的分类：**
-1. **按级别分类**：
-   - 入门级（Entry-level）：适合初学者
-   - 专业级（Professional）：适合有经验的专业人员
-   - 专家级（Expert）：适合高级专家
-   - 大师级（Master）：行业顶尖水平
-
-2. **按领域分类**：
-   - 渗透测试
-   - 安全运营
-   - 安全管理
-   - 安全架构
-   - 数字取证
-   - 云安全
-   - 应用安全
-
-3. **按发证机构分类**：
-   - 厂商认证（Vendor-specific）
-   - 行业认证（Vendor-neutral）
-   - 政府认证（Government）
-   - 学术认证（Academic）
-
-#### 1.1.2 主要认证机构
-
-**国际认证机构：**
-
-1. **(ISC)²（International Information System Security Certification Consortium）**：
-   - CISSP（Certified Information Systems Security Professional）
-   - CCSP（Certified Cloud Security Professional）
-   - SSCP（Systems Security Certified Practitioner）
-   - CAP（Certified Authorization Professional）
-   - CSSLP（Certified Secure Software Lifecycle Professional）
-
-2. **ISACA（Information Systems Audit and Control Association）**：
-   - CISM（Certified Information Security Manager）
-   - CISA（Certified Information Systems Auditor）
-   - CRISC（Certified in Risk and Information Systems Control）
-   - CGEIT（Certified in the Governance of Enterprise IT）
-   - CDTPA（Certified Data Protection Solutions Associate）
-
-3. **EC-Council（International Council of E-Commerce Consultants）**：
-   - CEH（Certified Ethical Hacker）
-   - CHFI（Computer Hacking Forensic Investigator）
-   - CCISO（Certified Chief Information Security Officer）
-   - ECSA（EC-Council Certified Security Analyst）
-   - LPT（Licensed Penetration Tester）
-
-4. **CompTIA（Computing Technology Industry Association）**：
-   - Security+
-   - CySA+（Cybersecurity Analyst）
-   - CASP+（Advanced Security Practitioner）
-   - PenTest+
-   - Server+
-
-5. **SANS/GIAC（Global Information Assurance Certification）**：
-   - GPEN（GIAC Penetration Tester）
-   - GCIH（GIAC Certified Incident Handler）
-   - GWAPT（GIAC Web Application Penetration Tester）
-   - GREM（GIAC Reverse Engineering Malware）
-   - GCFA（GIAC Certified Forensic Analyst）
-
-6. **Offensive Security**：
… omitted 1266 diff line(s) across 1 additional file(s)/section(s)
DONE: 07-深度拓展.md

重写完成。文件从540行/14.6KB扩充至819行/41.8KB（约3倍），主要改进：

**结构升级：**
- 十大章节的总-分-总逻辑框架（体系全景→深度解析→成本分析→路径规划→考试策略→前沿趋势→资源地图→误区纠正→思考练习→小结）
- 6个mermaid流程图（认证分类体系、CISSP知识域权重、各方向认证路径）
- 20+个对比表格（认证对比、成本分析、ROI计算、时间规划等）

**内容深化：**
- 每个主流认证机构（(ISC)²/ISACA/OffSec/SANS/CompTIA/中国机构）给出完整的认证矩阵（费用、考试格式、续证要求、经验要求）
- CISSP八大知识域逐一拆解考点和题型
- OSCP课程模块+考试结构+12周备考时间表
- 认证成本全景分析（直接成本、间接成本、ROI量化计算）
- 五大职业方向的mermaid路径图（渗透/管理/运营/云安全/取证）
- 选择题和实操考试的差异化策略
- 云安全/AI安全/微认证等前沿趋势的实质分析
- 中国本土认证（CISP/CISP-PTE/NISP）的报名须知和费用明细

session_id: 20260626_010743_832e42
[2026-06-26 01:10:43] [c] [hacker] 完成: 07-深度拓展.md (181s)
[2026-06-26 01:10:43] [c] [hacker] 开始: 01-281认证体系概述.md
  ┊ review diff
a/content/docs/hacker/第28章-认证路线图/理论基础/01-281认证体系概述.md → b/content/docs/hacker/第28章-认证路线图/理论基础/01-281认证体系概述.md
@@ -6,6 +6,8 @@
 
 ## 28.1 认证体系概述
 
+网络安全认证是信息安全行业最成熟的人才评价体系之一。本节从认证的本质、分类体系、核心价值、选择策略和发展趋势五个维度，构建一个完整的认知框架，帮助读者在数十种认证中找到最适合自己的路径。
+
 ### 28.1.1 认证的起源与本质
 
 #### 认证产生的历史背景
@@ -16,51 +18,60 @@
 timeline
     title 网络安全认证发展历程
     1980s : IT审计需求萌芽
-           : ISACA成立（1969），推出CISA
-    1990s : 互联网商业化，安全威胁爆发
-           : （ISC）²推出CISSP
+          : ISACA成立(1969)推出CISA
+    1990s : 互联网商业化安全威胁爆发
+          : (ISC)2推出CISSP(1994)
     2000s : 渗透测试专业化
-           : EC-Council推出CEH
-           : Offensive Security推出OSCP
+          : EC-Council推出CEH(2003)
+          : OffSec推出OSCP(2006)
     2010s : 云与移动安全兴起
-           : CCSP/AWS Security Specialty
-           : 中国推出CISP体系
+          : CCSP/AWS Security Specialty
+          : 中国推出CISP体系
     2020s : 认证体系多元化
-           : 厂商专属认证爆发
-           : 实战考核成为趋势
-```
-
-早在1989年，（ISC）²成立时，信息安全还是一个模糊的岗位概念，企业缺乏衡量安全专业人员能力的客观标准。当时的"安全专家"往往是自学成才的系统管理员。随着1990年代互联网商业化带来的安全事件激增——如1998年Solar Sunrise事件、2000年分布式拒绝服务攻击潮——行业迫切需要一个标准化的能力评估框架。认证制度就在这样的背景下应运而生。
+          : 厂商专属认证爆发
+          : 实战考核成为主流趋势
+```
+
+早在1989年（ISC）²成立时，信息安全还是一个模糊的岗位概念，企业缺乏衡量安全专业人员能力的客观标准。当时的"安全专家"往往是自学成才的系统管理员。随着1990年代互联网商业化带来的安全事件激增——如1998年Solar Sunrise事件中一名15岁少年入侵了美国国防部系统、2000年Mafiaboy发动的分布式拒绝服务攻击瘫痪了Amazon和Yahoo等主要网站——行业迫切需要一个标准化的能力评估框架。认证制度就在这样的背景下应运而生。
 
 #### 认证的本质：信任传递机制
 
-从经济学角度看，网络安全认证解决的是一个典型的**信息不对称**问题。当雇主招聘安全人员时，他们很难在短时间内准确评估候选人的真实能力。认证机构充当了**第三方信用担保**的角色：
+从经济学角度看，网络安全认证解决的是一个典型的**信息不对称**问题。诺贝尔经济学奖得主Michael Spence在1973年提出的"信号传递理论"（Signaling Theory）完美解释了认证的经济学本质：
 
 ```
 求职者能力 → 认证机构评估 → 认证证书 → 雇主信任
-   未知             筛选          标签         降低信息成本
-```
-
-这种信任传递链条的有效性取决于三个核心要素：
-
-1. **认证机构的声誉**：机构本身的可信度，由其历史、规模、行业认可度决定
-2. **评估标准的严格性**：考试的难度、监考的严谨性、继续教育要求
-3. **认证持有人的长期表现**：持有认证群体在行业中的整体绩效口碑
-
-当任何一个环节出现问题时，认证的公信力就会受到质疑。这也解释了为什么CISSP在30多年后仍然被广泛认可——（ISC）²在以上三个维度上持续保持了高标准。
+   未知            筛选          标签        降低信息成本
+```
+
+在劳动力市场中，雇主和求职者之间存在天然的信息鸿沟：
+- **雇主的困境**：无法在2-3轮面试中准确判断候选人的真实技术水平。一个能流利谈论"零信任架构"的候选人，可能从未在生产环境中配置过一条防火墙规则。
+- **求职者的困境**：即使拥有真才实学，也缺乏让陌生人快速相信的凭证。能力是隐性的，需要信号来显性化。
+
+认证机构充当了**第三方信用担保**的角色。这种信任传递链条的有效性取决于三个核心要素：
+
+| 信任要素 | 含义 | 典型体现 |
+|---------|------|---------|
+| **机构声誉** | 机构本身的可信度 | （ISC）²成立30+年，CISSP持证人超20万 |
+| **评估严格性** | 考试难度与监考严谨度 | OSCP要求24h实机攻破、CEH需140分(满分100)的加权通过线 |
+| **持证人表现** | 持证群体的行业口碑 | CISSP持证者在安全管理岗位上的平均绩效表现 |
+
+当任何一个环节出现问题时，认证的公信力就会受到质疑。这也解释了为什么CISSP在30多年后仍然被广泛认可——（ISC）²在以上三个维度上持续保持了高标准。反之，某些机构通过"交钱即过"的方式发放证书，短期内获取了大量考生，但长期来看严重损害了自身品牌价值。
+
+**信号强度的衰减规律**：认证的信号价值并非永恒。一项研究表明，认证对薪资的正向影响在获得后1-2年内最强，之后逐渐衰减——因为雇主会逐步关注你的实际产出而非证书本身。这意味着认证的最大价值窗口在职业转换期（跳槽、转岗、升职），而非平稳发展期。
 
 #### 认证的心理与社会功能
 
… omitted 550 diff line(s) across 1 additional file(s)/section(s)
DONE: 01-281认证体系概述.md

**改动概要**（23KB → 32KB，+39%）：

新增内容：
- **信号传递理论**：引入Spence的Signaling Theory解释认证经济学本质，增加了信任要素表格和信号衰减规律
- **认证ROI分析框架**：新增投资回报率计算模型和各认证回本周期对比表
- **认证维护与持续发展**（28.1.6）：新增续证策略表（含各认证续证要求、年均成本）和最大化认证价值的5条策略
- **选择认证的常见误区**：6个典型误区与真相对照表
- **蓝队认证补充**：新增BTL1/BTL2（Security Blue Team）作为GIAC的平价替代
- **工控安全补充**：新增ISA/IEC 62443认证
- **趋势四补充**：新增中国安全厂商（奇安信/深信服）自建认证体系的前沿动态
- **CISSP vs CISM对比表**：从简短文字扩展为5维度对比表格

质量修复：
- Mermaid timeline修复缩进格式问题
- mermaid graph移除无效的箭头连接线
- 各分类表格补充了"费用"列
- 本章小节从5条扩展为6条，增加ROI相关要点
- 删除冗余mermaid箭头连接（A1-->B1-->C1-->D1在不同subgraph间无实际意义）

session_id: 20260626_011044_32dfbd
[2026-06-26 01:12:43] [c] [hacker] 完成: 01-281认证体系概述.md (120s)
[2026-06-26 01:12:43] [c] [hacker] 开始: 05-案例五LetsDefend蓝队实战训练.md
  ┊ review diff
a/content/docs/hacker/第29章-实战平台总汇/实战案例/05-案例五LetsDefend蓝队实战训练.md → b/content/docs/hacker/第29章-实战平台总汇/实战案例/05-案例五LetsDefend蓝队实战训练.md
@@ -1,110 +1,1015 @@
 ---
-title: "文件信息"
+title: "案例五 LetsDefend蓝队实战训练"
 type: docs
 weight: 5
 ---
 
 ## 案例五：LetsDefend蓝队实战训练
 
-### 5.1 训练背景
-
-小李是一名安全运维工程师，希望提升自己的安全事件分析和响应能力。他选择LetsDefend平台进行蓝队技能训练。
-
-### 5.2 SOC分析师模拟
-
-**场景一：恶意邮件分析**
-
-在LetsDefend的"Email Analysis"模块中，小李收到了一封可疑邮件：
-
-1. **分析邮件头**
-   - 检查发件人域名
-   - 分析SPF/DKIM/DMARC记录
-   - 检查邮件路由
-
-2. **分析邮件内容**
-   - 识别社会工程学手法
-   - 检查URL链接
-   - 分析附件
-
-3. **沙箱分析**
-   - 提交附件到沙箱
-   - 分析行为报告
-   - 提取IOC指标
-
-**分析结果**：
-- 发件人域名与显示名称不匹配
-- URL指向钓鱼网站
-- 附件包含恶意宏代码
-- 判定为钓鱼邮件
-
-### 5.3 恶意软件分析
-
-**场景二：可疑文件分析**
-
-平台提供了一个可疑的可执行文件，小李需要判断其是否为恶意软件。
-
-**静态分析**：
+### 5.1 LetsDefend平台概述与定位
+
+#### 5.1.1 什么是LetsDefend
+
+LetsDefend是目前全球最受欢迎的在线蓝队（Blue Team）实战训练平台之一，专注于安全运营中心（SOC）分析师的技能培养。与传统的CTF平台侧重攻防对抗不同，LetsDefend模拟的是**真实企业SOC环境**，让学习者在接近实战的场景中训练安全事件检测、分析和响应能力。
+
+平台的核心理念是"Learn by Doing"（做中学），通过100+个精心设计的实战场景（Use Cases），覆盖从初级SOC分析师到高级安全工程师的完整技能树。每个场景都基于真实的攻击技术和安全事件，配有完整的日志数据、告警信息和响应工具链。
+
+#### 5.1.2 LetsDefend的核心特色
+
+| 特色维度 | 具体内容 |
+|---------|---------|
+| **真实日志环境** | 提供Windows Event Logs、Sysmon、Firewall、Proxy、IDS/IPS等多源日志，非简化模拟数据 |
+| **完整SOC工具链** | 内置SIEM、SOAR、EDR、沙箱等工具，模拟企业级安全基础设施 |
+| **分级难度体系** | 入门级（Beginner）→ 中级（Intermediate）→ 高级（Advanced），循序渐进 |
+| **即时反馈机制** | 每个Use Case完成后即时评分，显示分析正确率和遗漏项 |
+| **认证体系** | 完成指定课程可获得SOC Analyst Level 1/2等认证证书 |
+| **社区互动** | 全球用户社区，分享分析报告和解题思路 |
+
+#### 5.1.3 与其他蓝队平台的对比
+
+| 平台 | 侧重方向 | 难度范围 | 费用 | 特色优势 |
+|------|---------|---------|------|---------|
+| LetsDefend | SOC运营、事件响应 | 入门-高级 | 免费+付费课程 | 真实日志环境，内置工具链 |
+| CyberDefenders | 数字取证、恶意软件分析 | 中级-高级 | 免费 | 蓝队CTF，取证深度强 |
+| Blue Team Labs Online (BTLO) | 蓝队挑战 | 中级-高级 | 免费 | 场景多样，社区活跃 |
+| TryHackMe | 攻防综合（含蓝队） | 入门-中级 | 免费+付费 | 引导式学习路径，适合新手 |
+| SANS CyberRange | 企业级SOC模拟 | 中级-高级 | 付费 | SANS认证体系，企业认可度高 |
+
+LetsDefend的最大优势在于其**"渐进式真实感"**——不像传统CTF那样直接抛出难题，而是从简单的告警分析开始，逐步增加场景复杂度，让学习者建立完整的SOC工作思维。
+
… omitted 1037 diff line(s) across 1 additional file(s)/section(s)
DONE: 05-案例五LetsDefend蓝队实战训练.md

文件从 2,297 字节扩充至 43,743 字节，主要改进：

1. 新增5.1平台概述：LetsDefend定位、特色、与其他平台对比、适用人群与分层目标
2. 新增5.2环境搭建：注册配置、核心工具界面（SIEM/EDR/沙箱/案例管理）、日志体系说明
3. 深度重写5.3 SOC模拟：邮件分析从头到尾展示SPF/DKIM/DMARC验证、URL/附件沙箱分析、IOC提取；新增EDR告警场景（进程树分析、Base64解码、关联查询）；恶意软件分析完整走完静态+动态两阶段
4. 深度重写5.4事件响应：按NIST五阶段框架，每阶段给出可执行的命令/查询/处置清单，含完整事件报告模板
5. 新增5.5进阶技巧：SIEM高效查询模板（KQL）、核心Playbook解读
6. 新增5.6认证路径：三级认证体系、四阶段提升路径、真实SOC过渡建议
7. 新增5.8常见误区：8个典型错误及纠正方法

session_id: 20260626_011244_8c6006
[2026-06-26 01:15:41] [c] [hacker] 完成: 05-案例五LetsDefend蓝队实战训练.md (178s)
[2026-06-26 01:15:41] [c] [hacker] 开始: 00-章节概览.md
  ┊ review diff
a/content/docs/hacker/第30章-黑客搞钱路径/00-章节概览.md → b/content/docs/hacker/第30章-黑客搞钱路径/00-章节概览.md
@@ -1,73 +1,287 @@
 ---
 title: "章节概览"
 type: docs
+weight: 1
 ---
 
 # 第30章 黑客搞钱路径
 
 ## 章节概览
 
-### 引言
+### 为什么要研究黑客的"搞钱路径"？
 
 在网络安全领域，"以攻促防"是提升防御能力的核心理念。要有效抵御网络攻击，安全从业者必须深入了解攻击者的动机、手段和经济模型。本章将系统剖析黑客利用技术能力牟利的各种路径，帮助防御者从攻击者视角理解威胁格局，从而构建更有针对性的安全防护体系。
 
 理解黑客的"搞钱路径"并非教唆犯罪，而是安全防御的必修课。正如医学研究病毒需要了解其传播机制，网络安全防御也需要理解攻击者如何将技术能力转化为经济利益。只有掌握了攻击者的完整价值链，才能在关键环节实施有效的阻断和防御。
 
+**一组触目惊心的数据，说明为什么这个话题刻不容缓：**
+
+| 指标 | 数据 | 来源 |
+|------|------|------|
+| 全球网络犯罪年损失 | 约8万亿美元（2023年） | Cybersecurity Ventures |
+| 勒索软件平均赎金 | 约150万美元（2023年） | Palo Alto Unit 42 |
+| 勒索软件攻击频率 | 每11秒发生一次 | Cybersecurity Ventures |
+| BEC全球累计损失 | 超500亿美元（2013-2022） | FBI IC3 |
+| 暗网企业RDP访问价格 | $500 - $100,000 | Recorded Future |
+| 犯罪即服务(CaaS)年增长率 | 超过30% | Chainalysis |
+
+这些数字背后是一个高度产业化、分工明确、技术驱动的犯罪经济体系。本章将带你全面拆解这个体系的运作机制。
+
 ### 章节目标
 
 通过本章学习，读者将能够：
 
-1. **理解网络犯罪的经济模型**：掌握黑客将技术能力转化为经济收益的主要方式和价值链
-2. **识别主要变现路径**：能够区分勒索软件、数据贩卖、挖矿劫持、欺诈服务等不同变现模式
-3. **分析攻击者行为特征**：理解不同类型攻击者的动机、目标选择标准和操作模式
-4. **构建防御思维**：基于对攻击者经济模型的理解，识别关键防御节点，设计有效的安全策略
-5. **追踪资金流向**：了解加密货币在网络安全犯罪中的角色，以及基本的资金追踪方法
-
-### 内容结构
-
-本章共分为六个部分，循序渐进地展开对黑客变现路径的全面分析：
-
-**第一部分：理论基础** - 从经济学和犯罪学角度建立理解框架，介绍网络犯罪生态系统的基本构成，包括威胁行为者分类、犯罪即服务(CaaS)模型、暗网经济体系等核心概念。
-
-**第二部分：核心技巧** - 详细解析当前主流的黑客变现技术手段，包括勒索软件即服务(RaaS)、数据窃取与贩卖、加密货币挖矿劫持、凭证窃取与账户接管、商业电子邮件欺诈(BEC)等关键技术路径。
-
-**第三部分：实战案例** - 通过真实案例深入分析，展示不同类型变现路径的实际运作方式。案例涵盖WannaCry勒索软件事件、Colonial Pipeline攻击、Magecart网络窃取集团、Lazarus Group金融攻击等标志性事件。
-
-**第四部分：常见误区** - 纠正对网络犯罪的常见认知偏差，包括"黑客都是天才少年"、"小企业不会被攻击"、"支付赎金就能恢复数据"等错误观念。
-
-**第五部分：练习方法** - 提供实践训练方案，帮助安全人员通过模拟环境、威胁情报分析、CTF竞赛等方式加深对攻击者变现路径的理解。
-
-**第六部分：本章小结** - 总结关键知识点，梳理防御要点，展望网络犯罪趋势。
-
-### 核心知识点
-
-| 知识领域 | 关键概念 |
-|---------|---------|
-| 犯罪经济模型 | CaaS、RaaS、犯罪生态系统、攻击成本与收益 |
-| 勒索软件 | 双重勒索、三重勒索、勒索软件生命周期 |
-| 数据变现 | 暗网市场、数据定价、PII/PHI/金融数据 |
-| 挖矿劫持 | 加密劫持(Cryptojacking)、资源窃取 |
-| 欺诈服务 | BEC、钓鱼即服务、身份欺诈 |
-| 加密货币 | 资金混币、隐私币、追踪技术 |
-| 防御策略 | 攻击面管理、零信任、威胁情报应用 |
+1. **理解网络犯罪的经济模型**：掌握黑客将技术能力转化为经济收益的主要方式和价值链，理解"防御者困境"的根本原因
+2. **识别主要变现路径**：能够区分勒索软件、数据贩卖、挖矿劫持、BEC欺诈、DDoS勒索等不同变现模式的运作机制和适用场景
+3. **分析攻击者行为特征**：理解不同类型攻击者（国家APT、有组织犯罪、黑客活动家、内部威胁）的动机、目标选择标准和操作模式
+4. **掌握犯罪即服务生态**：理解CaaS、RaaS、IAB等商业模式如何重塑网络犯罪格局
+5. **构建防御思维**：基于对攻击者经济模型的理解，识别关键防御节点，设计有针对性的安全策略
+6. **追踪资金流向**：了解加密货币在网络安全犯罪中的角色，以及区块链分析的基本方法
+
+### 知识地图
+
+本章的知识体系可以用以下框架来理解——攻击者的每一种变现方式，都对应着防御者需要守护的一道防线：
+
… omitted 258 diff line(s) across 1 additional file(s)/section(s)
文件已重写完成。

**改造摘要：**

- 原文件：73行，4,128字节 → 新文件：287行，14,392字节（3.5倍扩充）
- 新增内容：
  1. **数据驱动的引言**：用Cybersecurity Ventures、FBI IC3等权威来源的关键统计数据开头，建立紧迫感
  2. **知识地图**：用 mermaid 流程图展示六大变现路径的分类关系
  3. **六大变现路径速览对比表**：一张表纵览所有路径的技术门槛、收益上限、持续性、风险
  4. **分段阅读导航**：每个部分配有预计阅读时间、内容摘要、直达链接
  5. **实战案例数据表**：7个案例的关键损失数据一目了然
  6. **核心知识点全景图**：所有概念按领域分类并标注对应章节编号
  7. **攻击者价值链全景**：用文本流程图展示从技术能力到合法资金的完整转化链路
  8. **分角色学习路径**：为SOC分析师、威胁情报分析师、安全架构师、管理者等6类读者定制推荐
  9. **三层学习路径**：入门/进阶/管理三条路线
  10. **实用工具与框架**：MITRE ATT&CK、FBI IC3、Chainalysis等外部资源链接
  11. **章节间关联表**：标注与书中其他章节的先修/配合关系

DONE: 00-章节概览.md

session_id: 20260626_011542_b41b74
[2026-06-26 01:17:01] [c] [hacker] 完成: 00-章节概览.md (80s)
[2026-06-26 01:17:01] [c] [hacker] 开始: 03-3加密货币挖矿劫持Cryptojacking.md
  ┊ review diff
a/content/docs/hacker/第30章-黑客搞钱路径/核心技巧/03-3加密货币挖矿劫持Cryptojacking.md → b/content/docs/hacker/第30章-黑客搞钱路径/核心技巧/03-3加密货币挖矿劫持Cryptojacking.md
@@ -6,11 +6,11 @@
 
 # 3. 加密货币挖矿劫持（Cryptojacking）
 
-## 3.1 攻击原理
+## 3.1 攻击原理与经济模型
 
 加密劫持（Cryptojacking）是指在未经用户或系统所有者授权的情况下，秘密利用其计算资源进行加密货币挖矿的攻击行为。与勒索软件直接索要赎金不同，加密劫持是一种**隐形吸血式变现**——攻击者通过长期、低烈度的资源占用积累加密货币收益。
 
-### 3.1.1 经济模型
+### 3.1.1 盈利公式与成本结构
 
 加密劫持的盈利公式为：
 
@@ -20,67 +20,118 @@
 
 以 Monero（XMR）为例，2025 年一枚 XMR 约 $150，1 台普通服务器（16 核）日挖矿收益约 $0.15-$0.50。攻击者控制 1000 台机器时，日收益可达 $150-$500，月收益 $4500-$15000，而运营成本极低（仅需域名和矿池费用）。
 
+**成本结构详解：**
+
+| 成本项 | 月费用 | 说明 |
+|--------|--------|------|
+| 矿池手续费 | 1%-3% | 矿池从挖矿收益中抽取的比例 |
+| 域名与服务器 | $5-$50 | 控制服务器、C2 域名 |
+| 漏洞利用工具 | $0-$500 | 购买 0-day 或利用公开 exploit |
+| 洗钱成本 | 5%-10% | 混币器、多跳转账 |
+| 总运营成本 | $10-$600 | 相对收益极低 |
+
+**关键经济特征：**
+- **规模效应极强**：单台机器收益微薄，但千台级别即可实现可观利润
+- **边际成本趋零**：每新增一台被劫持机器，攻击者几乎不需要额外投入
+- **风险分散**：即使部分机器被清除，剩余机器继续产生收益
+- **收益稳定性**：加密货币市场波动大，但大规模挖矿收益相对稳定
+
 ### 3.1.2 为什么是 Monero（门罗币）？
 
 Monero 是当前加密劫持的首选币种，原因如下：
 
 | 特性 | Monero (XMR) | Bitcoin (BTC) | Ethereum (ETH) |
-|------|-------------|---------------|-----------------|
+|------|-------------|---------------|----------------|
 | 算法 | RandomX（CPU 友好） | SHA-256（ASIC 主导） | Ethash（GPU 主导） |
 | 隐私性 | 默认匿名（环签名+隐形地址） | 公开账本（可追溯） | 公开账本 |
 | 劫持友好度 | 极高（普通 CPU 即可挖） | 极低（需专业矿机） | 中（需 GPU） |
 | 交易追踪 | 极难 | 容易 | 较难 |
+| 币价（2025） | ~$150 | ~$60,000 | ~$3,000 |
+| 交易手续费 | ~$0.01 | ~$5-$20 | ~$1-$10 |
 
 RandomX 算法专门设计为 CPU 友好，使得在普通服务器和 PC 上挖矿具有经济可行性。而比特币挖矿已被 ASIC 矿机垄断，劫持普通 CPU 毫无意义。
 
+**Monero 的隐私特性详解：**
+- **环签名（Ring Signatures）**：将真实交易与多个"诱饵"交易混合，无法确定真正的发送方
+- **隐形地址（Stealth Addresses）**：每笔交易生成一次性地址，无法关联到收款方真实地址
+- **环机密交易（RingCT）**：隐藏交易金额，保护交易隐私
+- **默认隐私**：无需额外配置，所有交易默认匿名
+
 ### 3.1.3 主要感染途径
 
-```
-                    ┌──────────────────────┐
-                    │   攻击者控制矿池     │
-                    └──────────┬───────────┘
-                               │
-         ┌─────────────────────┼─────────────────────┐
-         ▼                     ▼                     ▼
-   ┌──────────────┐   ┌───────────────┐   ┌────────────────┐
-   │ 浏览器端挖矿  │   │ 服务器入侵植入 │   │ 供应链/容器投毒 │
-   │ (JS 脚本注入) │   │ (SSH/RCE/漏洞) │   │ (恶意镜像+包)  │
-   └──────────────┘   └───────────────┘   └────────────────┘
+```mermaid
+graph TD
+    A[攻击者控制矿池] --> B[浏览器端挖矿<br/>JS 脚本注入]
+    A --> C[服务器入侵植入<br/>SSH/RCE/漏洞]
+    A --> D[供应链/容器投毒<br/>恶意镜像+包]
+    A --> E[云环境配置错误<br/>IAM 凭证泄露]
+    A --> F[蠕虫自动化传播<br/>EternalBlue 等]
+
+    B --> B1[XSS 注入]
+    B --> B2[第三方资源篡改]
… omitted 722 diff line(s) across 1 additional file(s)/section(s)
DONE: 03-3加密货币挖矿劫持Cryptojacking.md

文件已从 508 行（~20KB）扩展到 932 行（~41KB），主要改进：

**结构优化：**
- 所有 ASCII 图表转为 mermaid 图（感染途径、攻击链、防御层次）
- 层级标题更清晰（H2/H3/H4）
- 每个论点都有表格或代码支撑

**内容新增：**
- 成本结构详解表（矿池手续费、域名、洗钱成本）
- Monero 隐私特性深度解析（环签名、隐形地址、RingCT）
- WebAssembly/Web Workers 技术原理
- 浏览器端反检测对抗技术（节流、检测开发者工具、检测虚拟机）
- 云攻击者成本优化策略（Spot Instance、区域选择、免费层）
- 加密货币"洗白"与追踪方法
- Windows 系统检测命令
- Stratum 协议特征详解
- YARA 规则示例（检测 XMRig）
- 服务器加固清单
- K8s 安全最佳实践
- 容器镜像安全最佳实践
- IoT/嵌入式设备防护（特点、策略、常见漏洞）
- 法律合规与取证（法律后果、取证步骤、合规建议）
- 3 个近期案例（2023 AWS 凭证泄露、2024 Docker Hub 投毒）
- 挖矿即服务（MaaS）商业模式
- 加密货币挖矿经济学深度分析
- 未来趋势（量子抗性、AI 辅助、绿色挖矿）

session_id: 20260626_011702_4c76a1
[2026-06-26 01:19:53] [c] [hacker] 完成: 03-3加密货币挖矿劫持Cryptojacking.md (172s)
[2026-06-26 01:19:53] [c] [hacker] 开始: 03-316JIT喷射技术.md
  ┊ review diff
a/content/docs/hacker/第31章-高级漏洞利用技术/核心技巧/03-316JIT喷射技术.md → b/content/docs/hacker/第31章-高级漏洞利用技术/核心技巧/03-316JIT喷射技术.md
@@ -6,78 +6,1095 @@
 
 ## 31.6 JIT喷射技术
 
-### 31.6.1 JIT喷射原理
-
-JIT喷射（JIT Spray）是一种利用JavaScript引擎的JIT编译器来绕过DEP/NX保护的技术。其核心思想是：通过精心构造JavaScript代码，使JIT编译器将攻击者控制的常量数据编译为机器码的一部分。
-
-```
-JIT喷射原理：
-
-JavaScript代码：
-  var x = 0x90909090 ^ 0xCCCCCCCC;
-  var y = 0x90909090 ^ 0xDDDDDDDD;
-
-JIT编译后的机器码：
-  mov eax, 0x90909090    ; 常量嵌入到指令流中
-  xor eax, 0xCCCCCCCC
-  mov eax, 0x90909090    ; 另一个常量
-  xor eax, 0xDDDDDDDD
-
-攻击者控制的地址：
-  如果跳转到 0x90909090 附近，会执行：
-  0x90909090: 0x90 (NOP)
-  0x90909091: 0x90 (NOP)
-  0x90909092: 0x90 (NOP)
-  ...
-```
-
-### 31.6.2 JIT喷射实现
+```mermaid
+graph TD
+    A["🔥 JIT喷射技术"] --> B["JIT编译基础"]
+    A --> C["JIT喷射原理"]
+    A --> D["主流引擎分析"]
+    A --> E["实现与编码"]
+    A --> F["防御与对抗"]
+    A --> G["实战案例"]
+
+    B --> B1["解释执行 vs 即时编译"]
+    B --> B2["编译管线：Ignition→TurboFan"]
+    B --> B3["常量嵌入机制"]
+
+    C --> C1["常量编码为机器码"]
+    C --> C2["内存布局与地址预测"]
+    C --> C3["绕过DEP/NX的本质"]
+
+    D --> D1["V8 Chrome/Node.js"]
+    D --> D2["SpiderMonkey Firefox"]
+    D --> D3["JavaScriptCore Safari"]
+
+    E --> E1["NOP Sled构造"]
+    E --> E2["Shellcode编码"]
+    E --> E3["浮点数编码"]
+    E --> E4["常量拼接"]
+
+    F --> F1["W^X保护"]
+    F --> F2["常量池分离"]
+    F --> F3["对抗技术演进"]
+
+    G --> G1["CVE案例分析"]
+    G --> G2["现代攻击链"]
+
+    A --> H["🎯 任意代码执行"]
+
+    style A fill:#9C27B0,stroke:#333,color:#fff
+    style H fill:#4CAF50,stroke:#333,color:#fff
+```
+
+### 31.6.1 JIT喷射概述
+
+JIT喷射（JIT Spray）是由安全研究员 Alex Sotirov 于2009年首次系统提出的一种漏洞利用技术，其核心思想是**利用JavaScript引擎的JIT（Just-In-Time）编译器，将攻击者控制的常量数据编译为可执行的机器码**。与传统堆喷射（Heap Spray）在数据段布置shellcode不同，JIT喷射直接在代码段生成包含攻击载荷的指令——由于JIT生成的代码页天然具备可执行（R-X）权限，这项技术从根本上绕过了DEP/NX保护。
+
+#### JIT喷射与传统堆喷射的本质区别
+
+| 对比维度 | 传统堆喷射 | JIT喷射 |
+|---------|-----------|---------|
+| 数据位置 | 堆（数据段，RW-） | JIT代码段（RX或RWX） |
+| DEP绕过 | 需要额外机制（ROP等） | 天然绕过（代码已在可执行页） |
… omitted 1087 diff line(s) across 1 additional file(s)/section(s)
DONE: 03-316JIT喷射技术.md

文件从 2,454 字节扩充至 42,004 字节（1100行），新增11个主要章节：

1. **31.6.1 JIT喷射概述** — 与传统堆喷射的对比表格、在利用链中的定位
2. **31.6.2 JIT编译基础** — 分层架构（Ignition→TurboFan）、常量嵌入机制、XOR操作的核心原理
3. **31.6.3 主流JIT引擎分析** — V8/SpiderMonkey/JavaScriptCore三大引擎的编译管线和喷射特征对比
4. **31.6.4 JIT喷射原理深度解析** — 常量到指令的转化过程、偏移解读、NOP sled密度分析、地址预测
5. **31.6.5 JIT喷射实现详解** — 完整7步实现流程（编码→喷射→JIT编译→泄露→劫持），含可执行代码
6. **31.6.6 常量编码技术** — NOP sled构造、Shellcode编码器（JITShellcodeEncoder类）、IEEE 754浮点数编码
7. **31.6.7 防御机制** — W^X、常量池分离、ASLR、CFI，含三引擎防御策略对比表
8. **31.6.8 对抗防御的演进** — 绕过常量池、绕过随机化、类型混淆+JIT喷射组合攻击链
9. **31.6.9 实战案例** — CVE-2021-30632、CVE-2019-11757、CVE-2021-30858分析
10. **31.6.10 检测与取证** — 内存取证、行为监控（含eBPF脚本）、取证清单
11. **31.6.11 总结与展望** — 技术演进路线、安全研究启示

session_id: 20260626_011955_a77891
[2026-06-26 01:23:51] [c] [hacker] 完成: 03-316JIT喷射技术.md (238s)
[2026-06-26 01:23:51] [c] [hacker] 开始: 01-331Web漏洞扫描器开发.md
  ┊ review diff
a/content/docs/hacker/第33章-安全工具开发/实战案例/01-331Web漏洞扫描器开发.md → b/content/docs/hacker/第33章-安全工具开发/实战案例/01-331Web漏洞扫描器开发.md
@@ -1,648 +1,2528 @@
 ---
-title: "安装依赖"
+title: "Web漏洞扫描器开发"
 type: docs
 weight: 1
 ---
 
-## 33.1 Web漏洞扫描器开发
-
-### 33.1.1 需求分析
-
-开发一个完整的Web漏洞扫描器，需要实现以下功能：
-
-1. **目标管理**：支持单个URL和批量URL扫描
-2. **爬虫模块**：自动爬取网站链接和表单
-3. **漏洞检测**：支持SQL注入、XSS、文件包含等漏洞检测
-4. **报告生成**：生成详细的扫描报告
-
-### 33.1.2 架构设计
-
+# 33.7 Web漏洞扫描器开发
+
+## 为什么需要自己开发Web漏洞扫描器
+
+Web漏洞扫描器是安全工具体系中最核心、最实用的一类。市面上虽然有Burp Suite Pro、AWVS、Nessus等商业工具，以及OWASP ZAP、Nikto等开源工具，但在以下场景中，自研扫描器是唯一选择：
+
+- **自定义业务逻辑漏洞检测**：商业扫描器无法理解你的业务语义（如"优惠券重复使用"、"越权查看他人订单"）
+- **内网专用扫描**：针对内部系统的特定框架、自研CMS编写专用检测规则
+- **CI/CD集成**：将漏洞检测嵌入发布流水线，要求轻量化、可编程、可定制输出格式
+- **合规审计自动化**：按特定安全标准（等保2.0、PCI-DSS）自动生成合规检查报告
+
+自研扫描器还有一个被低估的价值：**开发过程本身就是最深度的安全学习**。要写好一个SQL注入检测器，你必须深入理解MySQL、PostgreSQL、SQL Server的语法差异，理解时间盲注与布尔盲注的原理区别，理解WAF的过滤机制。这些知识是使用现成工具永远无法获得的。
+
+## 扫描器架构设计
+
+### 核心模块划分
+
+一个专业的Web漏洞扫描器由五大模块协作完成：
+
+```mermaid
+graph TD
+    subgraph 输入层
+        A[目标管理器<br/>Target Manager] --> B[爬虫引擎<br/>Crawler Engine]
+    end
+    
+    subgraph 检测层
+        B --> C[爬取结果<br/>URLs + Forms + Parameters]
+        C --> D[检测引擎<br/>Detection Engine]
+        D --> E1[SQL注入检测器]
+        D --> E2[XSS检测器]
+        D --> E3[文件包含检测器]
+        D --> E4[SSRF检测器]
+        D --> E5[目录遍历检测器]
+        D --> E6[命令注入检测器]
+        D --> E7[XXE检测器]
+        D --> E8[开放重定向检测器]
+    end
+    
+    subgraph 输出层
+        E1 & E2 & E3 & E4 & E5 & E6 & E7 & E8 --> F[去重与聚合<br/>Dedup & Aggregate]
+        F --> G[报告生成器<br/>Reporter]
+        G --> G1[HTML报告]
+        G --> G2[JSON报告]
+        G --> G3[SARIF报告]
+        G --> G4[Markdown报告]
+    end
+    
+    H[配置管理器<br/>Config Manager] --> A
+    H --> B
+    H --> D
+    H --> G
+    I[日志与审计<br/>Logger] -.-> A
+    I -.-> B
+    I -.-> D
+    I -.-> G
+    
+    style A fill:#E91E63,stroke:#333,color:#fff
+    style B fill:#FF5722,stroke:#333,color:#fff
… omitted 2924 diff line(s) across 1 additional file(s)/section(s)
DONE: /tmp/ai-guides/content/docs/hacker/第33章-安全工具开发/实战案例/01-331Web漏洞扫描器开发.md

**重写总结**：

原文件（648行，21KB）→ 重写后（2528行，97KB），扩充约4.7倍。

**主要改进**：

1. **修正 YAML frontmatter**：标题从错误的"安装依赖"改为"Web漏洞扫描器开发"
2. **补充理论铺垫**：为什么需要自研扫描器、扫描策略对比（主动vs被动）、认证扫描三种方式
3. **架构设计增强**：五大模块划分 + mermaid架构图、插件式检测器设计
4. **代码全面重写**：
   - 配置模块：支持命令行/配置文件/环境变量三级覆盖
   - 爬虫模块：BFS+多线程、JS链接提取、meta URL提取、robots.txt支持
   - 检测引擎：7种独立检测器（SQL注入4种模式、XSS、LFI、SSRF、开放重定向、HTTP头安全）
   - 速率控制：令牌桶算法实现
   - 去重引擎：四层过滤策略
   - 报告生成：HTML/JSON/SARIF/Markdown四种格式
5. **新增内容**：Payload文件示例、DVWA靶场验证方案、与现有工具对比表、常见问题排错、进阶扩展方向（Nuclei模板、异步扫描、分布式、智能Payload）
6. **格式规范**：YAML frontmatter正确、mermaid图、多表格对比、代码块标注语言类型

session_id: 20260626_012352_d5aba3
[2026-06-26 01:28:43] [c] [hacker] 完成: 01-331Web漏洞扫描器开发.md (292s)
[2026-06-26 01:28:43] [c] 暂无任务，等待30秒...
[2026-06-26 01:29:13] [c] 暂无任务，等待30秒...
[2026-06-26 01:29:43] [c] 暂无任务，等待30秒...
[2026-06-26 01:30:13] [c] 暂无任务，等待30秒...
[2026-06-26 01:30:43] [c] 暂无任务，等待30秒...
[2026-06-26 01:31:13] [c] 暂无任务，等待30秒...
[2026-06-26 01:31:43] [c] 暂无任务，等待30秒...
[2026-06-26 01:32:13] [c] 暂无任务，等待30秒...
[2026-06-26 01:32:43] [c] 暂无任务，等待30秒...
[2026-06-26 01:33:13] [c] 暂无任务，等待30秒...
[2026-06-26 01:33:43] [c] 暂无任务，等待30秒...
[2026-06-26 01:34:13] [c] 暂无任务，等待30秒...
[2026-06-26 01:34:43] [c] 暂无任务，等待30秒...
[2026-06-26 01:35:13] [c] 暂无任务，等待30秒...
[2026-06-26 01:35:43] [c] 暂无任务，等待30秒...
[2026-06-26 01:36:13] [c] 暂无任务，等待30秒...
[2026-06-26 01:36:43] [c] 暂无任务，等待30秒...
[2026-06-26 01:37:13] [c] 暂无任务，等待30秒...
[2026-06-26 01:37:43] [c] 暂无任务，等待30秒...
[2026-06-26 01:38:13] [c] 暂无任务，等待30秒...
[2026-06-26 01:38:43] [c] 暂无任务，等待30秒...
[2026-06-26 01:39:14] [c] 暂无任务，等待30秒...
[2026-06-26 01:39:44] [c] 暂无任务，等待30秒...
[2026-06-26 01:40:14] [c] 暂无任务，等待30秒...
[2026-06-26 01:40:44] [c] 暂无任务，等待30秒...
[2026-06-26 01:41:14] [c] 暂无任务，等待30秒...
[2026-06-26 01:41:44] [c] 暂无任务，等待30秒...
[2026-06-26 01:42:14] [c] 暂无任务，等待30秒...
[2026-06-26 01:42:44] [c] 暂无任务，等待30秒...
[2026-06-26 01:43:14] [c] 暂无任务，等待30秒...
[2026-06-26 01:43:44] [c] 暂无任务，等待30秒...
[2026-06-26 01:44:14] [c] 暂无任务，等待30秒...
[2026-06-26 01:44:44] [c] 暂无任务，等待30秒...
[2026-06-26 01:45:14] [c] 暂无任务，等待30秒...
[2026-06-26 01:45:44] [c] 暂无任务，等待30秒...
[2026-06-26 01:46:14] [c] 暂无任务，等待30秒...
[2026-06-26 01:46:44] [c] 暂无任务，等待30秒...
[2026-06-26 01:47:14] [c] 暂无任务，等待30秒...
[2026-06-26 01:47:44] [c] 暂无任务，等待30秒...
[2026-06-26 01:48:14] [c] 暂无任务，等待30秒...
[2026-06-26 01:48:44] [c] 暂无任务，等待30秒...
[2026-06-26 01:49:14] [c] 暂无任务，等待30秒...
[2026-06-26 01:49:44] [c] 暂无任务，等待30秒...
[2026-06-26 01:50:14] [c] 暂无任务，等待30秒...
[2026-06-26 01:50:44] [c] 暂无任务，等待30秒...
[2026-06-26 01:51:14] [c] 暂无任务，等待30秒...
[2026-06-26 01:51:44] [c] 暂无任务，等待30秒...
[2026-06-26 01:52:14] [c] 暂无任务，等待30秒...
[2026-06-26 01:52:44] [c] 暂无任务，等待30秒...
[2026-06-26 01:53:14] [c] 暂无任务，等待30秒...
[2026-06-26 01:53:44] [c] 暂无任务，等待30秒...
[2026-06-26 01:54:14] [c] 暂无任务，等待30秒...
[2026-06-26 01:54:44] [c] 暂无任务，等待30秒...
[2026-06-26 01:55:14] [c] 暂无任务，等待30秒...
[2026-06-26 01:55:44] [c] 暂无任务，等待30秒...
[2026-06-26 01:56:14] [c] 暂无任务，等待30秒...
[2026-06-26 01:56:44] [c] 暂无任务，等待30秒...
[2026-06-26 01:57:15] [c] 暂无任务，等待30秒...
[2026-06-26 01:57:45] [c] 暂无任务，等待30秒...
[2026-06-26 01:58:15] [c] 暂无任务，等待30秒...
[2026-06-26 01:58:45] [c] 暂无任务，等待30秒...
[2026-06-26 01:59:15] [c] 暂无任务，等待30秒...
[2026-06-26 01:59:45] [c] 暂无任务，等待30秒...
[2026-06-26 02:00:15] [c] 暂无任务，等待30秒...
[2026-06-26 02:00:45] [c] 暂无任务，等待30秒...
[2026-06-26 02:01:15] [c] 暂无任务，等待30秒...
[2026-06-26 02:01:45] [c] 暂无任务，等待30秒...
[2026-06-26 02:02:15] [c] 暂无任务，等待30秒...
[2026-06-26 02:02:45] [c] 暂无任务，等待30秒...
[2026-06-26 02:03:15] [c] 暂无任务，等待30秒...
[2026-06-26 02:03:45] [c] 暂无任务，等待30秒...
[2026-06-26 02:04:15] [c] 暂无任务，等待30秒...
[2026-06-26 02:04:45] [c] 暂无任务，等待30秒...
[2026-06-26 02:05:15] [c] 暂无任务，等待30秒...
[2026-06-26 02:05:45] [c] 暂无任务，等待30秒...
[2026-06-26 02:06:15] [c] 暂无任务，等待30秒...
[2026-06-26 02:06:45] [c] 暂无任务，等待30秒...
[2026-06-26 02:07:15] [c] 暂无任务，等待30秒...
[2026-06-26 02:07:45] [c] 暂无任务，等待30秒...
[2026-06-26 02:08:15] [c] 暂无任务，等待30秒...
[2026-06-26 02:08:45] [c] 暂无任务，等待30秒...
[2026-06-26 02:09:15] [c] 暂无任务，等待30秒...
[2026-06-26 02:09:45] [c] 暂无任务，等待30秒...
[2026-06-26 02:10:15] [c] 暂无任务，等待30秒...
[2026-06-26 02:10:45] [c] 暂无任务，等待30秒...
[2026-06-26 02:11:15] [c] 暂无任务，等待30秒...
[2026-06-26 02:11:45] [c] 暂无任务，等待30秒...
[2026-06-26 02:12:15] [c] 暂无任务，等待30秒...
[2026-06-26 02:12:45] [c] 暂无任务，等待30秒...
[2026-06-26 02:13:15] [c] 暂无任务，等待30秒...
[2026-06-26 02:13:45] [c] 暂无任务，等待30秒...
[2026-06-26 02:14:15] [c] 暂无任务，等待30秒...
[2026-06-26 02:14:45] [c] 暂无任务，等待30秒...
[2026-06-26 02:15:16] [c] 暂无任务，等待30秒...
[2026-06-26 02:15:46] [c] 暂无任务，等待30秒...
[2026-06-26 02:16:16] [c] 暂无任务，等待30秒...
[2026-06-26 02:16:46] [c] 暂无任务，等待30秒...
[2026-06-26 02:17:16] [c] 暂无任务，等待30秒...
[2026-06-26 02:17:46] [c] 暂无任务，等待30秒...
[2026-06-26 02:18:16] [c] 暂无任务，等待30秒...
[2026-06-26 02:18:46] [c] 暂无任务，等待30秒...
[2026-06-26 02:19:16] [c] 暂无任务，等待30秒...
[2026-06-26 02:19:46] [c] 暂无任务，等待30秒...
[2026-06-26 02:20:16] [c] 暂无任务，等待30秒...
[2026-06-26 02:20:46] [c] 暂无任务，等待30秒...
[2026-06-26 02:21:16] [c] 暂无任务，等待30秒...
[2026-06-26 02:21:46] [c] 暂无任务，等待30秒...
[2026-06-26 02:22:16] [c] 暂无任务，等待30秒...
[2026-06-26 02:22:46] [c] 暂无任务，等待30秒...
[2026-06-26 02:23:16] [c] 暂无任务，等待30秒...
[2026-06-26 02:23:46] [c] 暂无任务，等待30秒...
[2026-06-26 02:24:16] [c] 暂无任务，等待30秒...
[2026-06-26 02:24:46] [c] 暂无任务，等待30秒...
[2026-06-26 02:25:16] [c] 暂无任务，等待30秒...
[2026-06-26 02:25:46] [c] 暂无任务，等待30秒...
[2026-06-26 02:26:16] [c] 暂无任务，等待30秒...
[2026-06-26 02:26:46] [c] 暂无任务，等待30秒...
[2026-06-26 02:27:16] [c] 暂无任务，等待30秒...
[2026-06-26 02:27:46] [c] 暂无任务，等待30秒...
[2026-06-26 02:28:16] [c] 暂无任务，等待30秒...
[2026-06-26 02:28:46] [c] 暂无任务，等待30秒...
[2026-06-26 02:29:16] [c] 暂无任务，等待30秒...
[2026-06-26 02:29:46] [c] 暂无任务，等待30秒...
[2026-06-26 02:30:16] [c] 暂无任务，等待30秒...
[2026-06-26 02:30:46] [c] 暂无任务，等待30秒...
[2026-06-26 02:31:16] [c] 暂无任务，等待30秒...
[2026-06-26 02:31:46] [c] 暂无任务，等待30秒...
[2026-06-26 02:32:16] [c] 暂无任务，等待30秒...
[2026-06-26 02:32:46] [c] 暂无任务，等待30秒...
[2026-06-26 02:33:17] [c] 暂无任务，等待30秒...
[2026-06-26 02:33:47] [c] 暂无任务，等待30秒...
[2026-06-26 02:34:17] [c] 暂无任务，等待30秒...
[2026-06-26 02:34:47] [c] 暂无任务，等待30秒...
[2026-06-26 02:35:17] [c] 暂无任务，等待30秒...
[2026-06-26 02:35:47] [c] 暂无任务，等待30秒...
[2026-06-26 02:36:17] [c] 暂无任务，等待30秒...
[2026-06-26 02:36:47] [c] 暂无任务，等待30秒...
[2026-06-26 02:37:17] [c] 暂无任务，等待30秒...
[2026-06-26 02:37:47] [c] 暂无任务，等待30秒...
[2026-06-26 02:38:17] [c] 暂无任务，等待30秒...
[2026-06-26 02:38:47] [c] 暂无任务，等待30秒...
[2026-06-26 02:39:17] [c] 暂无任务，等待30秒...
[2026-06-26 02:39:47] [c] 暂无任务，等待30秒...
[2026-06-26 02:40:17] [c] 暂无任务，等待30秒...
[2026-06-26 02:40:47] [c] 暂无任务，等待30秒...
[2026-06-26 02:41:17] [c] 暂无任务，等待30秒...
[2026-06-26 02:41:47] [c] 暂无任务，等待30秒...
[2026-06-26 02:42:17] [c] 暂无任务，等待30秒...
[2026-06-26 02:42:47] [c] 暂无任务，等待30秒...
[2026-06-26 02:43:17] [c] 暂无任务，等待30秒...
[2026-06-26 02:43:47] [c] 收到终止信号，安全退出
[2026-06-26 02:43:47] [c] 收到终止信号，安全退出
[2026-06-26 08:19:18] [c] === Worker c 启动 (v4) ===
[2026-06-26 08:19:18] [c] [engineering] 开始: 04-常见误区.md
[2026-06-26 08:21:59] [c] [engineering] 完成: 04-常见误区.md (161s)
[2026-06-26 08:21:59] [c] [engineering] 开始: 02-核心技巧.md
[2026-06-26 08:26:40] [c] [engineering] 完成: 02-核心技巧.md (281s)
[2026-06-26 08:26:41] [c] [engineering] 开始: 05-练习方法.md
[2026-06-26 08:29:28] [c] [engineering] 完成: 05-练习方法.md (167s)
[2026-06-26 08:29:28] [c] [engineering] 开始: _index.md
[2026-06-26 08:33:30] [c] [engineering] 完成: _index.md (242s)
[2026-06-26 08:33:30] [c] [engineering] 开始: 03-三单元化路由.md
[2026-06-26 08:37:01] [c] [engineering] 完成: 03-三单元化路由.md (211s)
[2026-06-26 08:37:01] [c] [engineering] 开始: 05-练习方法.md
[2026-06-26 08:40:28] [c] [engineering] 完成: 05-练习方法.md (207s)
[2026-06-26 08:40:28] [c] [engineering] 开始: 03-三灰度发布.md
[2026-06-26 08:48:22] [c] [engineering] 完成: 03-三灰度发布.md (474s)
[2026-06-26 08:48:22] [c] [engineering] 开始: 06-本章小结.md
[2026-06-26 08:49:54] [c] [engineering] 完成: 06-本章小结.md (92s)
[2026-06-26 08:49:54] [c] [engineering] 开始: _index.md
[2026-06-26 08:51:35] [c] [engineering] 完成: _index.md (101s)
[2026-06-26 08:51:35] [c] [engineering] 开始: 02-二Docker深度解析.md
[2026-06-26 08:53:46] [c] [engineering] 完成: 02-二Docker深度解析.md (131s)
[2026-06-26 08:53:46] [c] [engineering] 开始: 03-技巧三Helm模板技巧.md
[2026-06-26 08:56:26] [c] [engineering] 完成: 03-技巧三Helm模板技巧.md (160s)
[2026-06-26 08:56:26] [c] [engineering] 开始: 06-本章小结.md
[2026-06-26 08:58:43] [c] [engineering] 完成: 06-本章小结.md (137s)
[2026-06-26 08:58:43] [c] [engineering] 开始: 00-章节概览.md
[2026-06-26 09:00:59] [c] [engineering] 完成: 00-章节概览.md (136s)
[2026-06-26 09:00:59] [c] [engineering] 开始: 04-四无锁数据结构.md
[2026-06-26 09:03:49] [c] [engineering] 完成: 04-四无锁数据结构.md (170s)
[2026-06-26 09:03:49] [c] [engineering] 开始: 01-一并发模型.md
[2026-06-26 09:06:13] [c] [engineering] 完成: 01-一并发模型.md (144s)
[2026-06-26 09:06:13] [c] [engineering] 开始: 02-技巧二连接池配置.md
[2026-06-26 09:09:07] [c] [engineering] 完成: 02-技巧二连接池配置.md (174s)
[2026-06-26 09:09:07] [c] [engineering] 开始: 01-案例一ShardingSphere实战.md
[2026-06-26 09:12:00] [c] [engineering] 完成: 01-案例一ShardingSphere实战.md (173s)
[2026-06-26 09:12:01] [c] [engineering] 开始: 03-三分库分表策略.md
[2026-06-26 09:13:45] [c] [engineering] 完成: 03-三分库分表策略.md (104s)
[2026-06-26 09:13:45] [c] [engineering] 开始: 03-三数据迁移.md
[2026-06-26 09:16:29] [c] [engineering] 完成: 03-三数据迁移.md (164s)
[2026-06-26 09:16:29] [c] [engineering] 开始: 06-本章小结.md
[2026-06-26 09:17:55] [c] [engineering] 完成: 06-本章小结.md (86s)
[2026-06-26 09:17:55] [c] [engineering] 开始: 00-章节概览.md
[2026-06-26 09:20:19] [c] [engineering] 完成: 00-章节概览.md (144s)
[2026-06-26 09:20:19] [c] [engineering] 开始: _index.md
[2026-06-26 09:22:39] [c] [engineering] 完成: _index.md (140s)
[2026-06-26 09:22:40] [c] [engineering] 开始: 01-一测试金字塔.md
[2026-06-26 09:25:20] [c] [engineering] 完成: 01-一测试金字塔.md (160s)
[2026-06-26 09:25:20] [c] [engineering] 开始: 01-一高效的Mock策略.md
[2026-06-26 09:28:22] [c] [engineering] 完成: 01-一高效的Mock策略.md (182s)
[2026-06-26 09:28:22] [c] [engineering] 开始: 03-实战案例.md
[2026-06-26 09:32:27] [c] [engineering] 完成: 03-实战案例.md (245s)
[2026-06-26 09:32:27] [c] [engineering] 开始: 02-技巧二性能优化.md
[2026-06-26 09:35:25] [c] [engineering] 完成: 02-技巧二性能优化.md (178s)
[2026-06-26 09:35:25] [c] [engineering] 开始: 06-本章小结.md
[2026-06-26 09:37:06] [c] [engineering] 完成: 06-本章小结.md (101s)
[2026-06-26 09:37:06] [c] [engineering] 开始: 05-练习方法.md
[2026-06-26 09:39:19] [c] [engineering] 完成: 05-练习方法.md (133s)
[2026-06-26 09:39:19] [c] [engineering] 开始: 06-本章小结.md
[2026-06-26 09:39:44] [c] [engineering] 完成: 06-本章小结.md (25s)
[2026-06-26 09:39:44] [c] [engineering] 开始: 03-实战案例.md
[2026-06-26 09:42:58] [c] [engineering] 完成: 03-实战案例.md (194s)
[2026-06-26 09:42:58] [c] [engineering] 开始: 01-一网络分层模型.md
[2026-06-26 09:45:47] [c] [engineering] 完成: 01-一网络分层模型.md (169s)
[2026-06-26 09:45:47] [c] [engineering] 开始: 04-四TCP协议详解.md
[2026-06-26 09:48:37] [c] [engineering] 完成: 04-四TCP协议详解.md (170s)
[2026-06-26 09:48:37] [c] [engineering] 开始: 04-常见误区.md
[2026-06-26 09:51:15] [c] [engineering] 完成: 04-常见误区.md (158s)
[2026-06-26 09:51:15] [c] [engineering] 开始: 03-实战案例.md
[2026-06-26 09:53:58] [c] [engineering] 完成: 03-实战案例.md (163s)
[2026-06-26 09:53:58] [c] [engineering] 开始: 04-常见误区.md
[2026-06-26 09:57:46] [c] [engineering] 完成: 04-常见误区.md (228s)
[2026-06-26 09:57:46] [c] [engineering] 开始: 00-章节概览.md
[2026-06-26 10:00:07] [c] [engineering] 完成: 00-章节概览.md (141s)
[2026-06-26 10:00:07] [c] [engineering] 开始: 01-技巧一基本操作.md
[2026-06-26 10:03:35] [c] [engineering] 完成: 01-技巧一基本操作.md (208s)
[2026-06-26 10:03:35] [c] [engineering] 开始: 06-本章小结.md
[2026-06-26 10:05:58] [c] [engineering] 完成: 06-本章小结.md (143s)
[2026-06-26 10:05:58] [c] [engineering] 开始: _index.md
[2026-06-26 10:09:46] [c] [engineering] 完成: _index.md (228s)
[2026-06-26 10:09:46] [c] [engineering] 开始: 04-四数字签名.md
[2026-06-26 10:12:36] [c] [engineering] 完成: 04-四数字签名.md (170s)
[2026-06-26 10:12:36] [c] [engineering] 开始: 04-常见误区.md
[2026-06-26 10:14:51] [c] [engineering] 完成: 04-常见误区.md (135s)
[2026-06-26 10:14:51] [c] [engineering] 开始: _index.md
[2026-06-26 10:16:06] [c] === Worker c 启动 (v4) ===
[2026-06-26 10:16:06] [c] 暂无任务，等待30秒...
[2026-06-26 10:16:36] [c] 暂无任务，等待30秒...
[2026-06-26 10:17:06] [c] 暂无任务，等待30秒...
[2026-06-26 10:17:36] [c] [engineering] 开始: _index.md
[2026-06-26 10:20:15] [c] === Worker c 启动 (v4) ===
[2026-06-26 10:20:15] [c] [engineering] 开始: 01-一连接复用.md
[2026-06-26 10:23:17] [c] [engineering] 完成: 01-一连接复用.md (182s)
[2026-06-26 10:23:17] [c] [engineering] 开始: 02-二技术演进.md
[2026-06-26 10:26:48] [c] [engineering] 完成: 02-二技术演进.md (211s)
[2026-06-26 10:26:48] [c] [engineering] 开始: _index.md
[2026-06-26 10:31:02] [c] [engineering] 完成: _index.md (254s)
[2026-06-26 10:31:02] [c] [engineering] 开始: 01-案例1PostgreSQL的WAL架构详解.md
[2026-06-26 10:33:31] [c] [engineering] 完成: 01-案例1PostgreSQL的WAL架构详解.md (149s)
[2026-06-26 10:33:31] [c] [engineering] 开始: 03-113检查点Checkpoint.md
[2026-06-26 10:36:38] [c] [engineering] 完成: 03-113检查点Checkpoint.md (187s)
[2026-06-26 10:36:39] [c] [engineering] 开始: 04-常见误区.md
[2026-06-26 10:39:34] [c] [engineering] 完成: 04-常见误区.md (175s)
[2026-06-26 10:39:34] [c] [engineering] 开始: 02-二最终一致性.md
[2026-06-26 10:44:16] [c] [engineering] 完成: 02-二最终一致性.md (282s)
[2026-06-26 10:44:16] [c] [engineering] 开始: _index.md
[2026-06-26 10:51:59] [c] [engineering] 完成: _index.md (463s)
[2026-06-26 10:51:59] [c] [engineering] 开始: 03-技巧三安全扫描自动化.md
[2026-06-26 10:54:00] [c] [engineering] 完成: 03-技巧三安全扫描自动化.md (121s)
[2026-06-26 10:54:00] [c] [engineering] 开始: 02-技巧2inode与数据块管理.md
[2026-06-26 10:55:56] [c] [engineering] 完成: 02-技巧2inode与数据块管理.md (116s)
[2026-06-26 10:55:56] [c] [engineering] 开始: 01-案例一etcd实战.md
[2026-06-26 10:57:48] [c] [engineering] 完成: 01-案例一etcd实战.md (112s)
[2026-06-26 10:57:48] [c] [engineering] 开始: 03-三Raft选举.md
[2026-06-26 11:00:58] [c] [engineering] 完成: 03-三Raft选举.md (190s)
[2026-06-26 11:00:58] [c] [engineering] 开始: 04-常见误区.md
[2026-06-26 11:05:36] [c] [engineering] 完成: 04-常见误区.md (278s)
[2026-06-26 11:05:36] [c] [engineering] 开始: 00-章节概览.md
[2026-06-26 11:07:09] [c] [engineering] 完成: 00-章节概览.md (93s)
[2026-06-26 11:07:09] [c] [engineering] 开始: 02-二Redis分布式锁.md
[2026-06-26 11:09:17] [c] [engineering] 完成: 02-二Redis分布式锁.md (128s)
[2026-06-26 11:09:17] [c] [engineering] 开始: 05-练习方法.md
[2026-06-26 11:14:22] [c] [engineering] 完成: 05-练习方法.md (305s)
[2026-06-26 11:14:22] [c] [engineering] 开始: 05-练习方法.md
[2026-06-26 11:17:13] [c] [engineering] 完成: 05-练习方法.md (171s)
[2026-06-26 11:17:13] [c] [engineering] 开始: 00-章节概览.md
[2026-06-26 11:19:47] [c] [engineering] 完成: 00-章节概览.md (154s)
[2026-06-26 11:19:47] [c] [engineering] 开始: 02-二认证授权.md
[2026-06-26 11:23:15] [c] [engineering] 完成: 02-二认证授权.md (208s)
[2026-06-26 11:23:15] [c] [engineering] 开始: 04-常见误区.md
[2026-06-26 11:26:51] [c] [engineering] 完成: 04-常见误区.md (216s)
[2026-06-26 11:26:52] [c] [engineering] 开始: 06-本章小结.md
[2026-06-26 11:29:46] [c] [engineering] 完成: 06-本章小结.md (174s)
[2026-06-26 11:29:46] [c] [engineering] 开始: _index.md
[2026-06-26 11:30:54] [c] [engineering] 完成: _index.md (68s)
[2026-06-26 11:30:55] [c] [engineering] 开始: _index.md
[2026-06-26 11:33:51] [c] [engineering] 完成: _index.md (176s)
[2026-06-26 11:33:51] [c] [engineering] 开始: 04-案例对比RaftvsZAB在实际系统中的表现.md
[2026-06-26 11:35:48] [c] [engineering] 完成: 04-案例对比RaftvsZAB在实际系统中的表现.md (117s)
[2026-06-26 11:35:48] [c] [engineering] 开始: 03-3Paxos协议详解.md
[2026-06-26 11:37:37] [c] [engineering] 完成: 03-3Paxos协议详解.md (109s)
[2026-06-26 11:37:37] [c] [engineering] 开始: 07-技巧七选主LeaderElection.md
[2026-06-26 11:40:34] [c] [engineering] 完成: 07-技巧七选主LeaderElection.md (177s)
[2026-06-26 11:40:34] [c] [engineering] 开始: _index.md
[2026-06-26 11:42:48] [c] [engineering] 完成: _index.md (134s)
[2026-06-26 11:42:48] [c] [engineering] 开始: 00-章节概览.md
[2026-06-26 11:46:52] [c] [engineering] 完成: 00-章节概览.md (244s)
[2026-06-26 11:46:52] [c] [engineering] 开始: 04-四ExactlyOnce语义.md
[2026-06-26 11:50:50] [c] [engineering] 完成: 04-四ExactlyOnce语义.md (238s)
[2026-06-26 11:50:50] [c] [engineering] 开始: 01-技巧1HTTP演进.md
[2026-06-26 11:53:08] [c] [engineering] 完成: 01-技巧1HTTP演进.md (138s)
[2026-06-26 11:53:08] [c] [engineering] 开始: 02-案例二Avro实战.md
[2026-06-26 11:56:23] [c] [engineering] 完成: 02-案例二Avro实战.md (195s)
[2026-06-26 11:56:23] [c] [engineering] 开始: 02-12流水线技术.md
[2026-06-26 11:57:37] [c] [engineering] 完成: 02-12流水线技术.md (74s)
[2026-06-26 11:57:37] [c] [engineering] 开始: 07-17超线程与SIMD.md
[2026-06-26 11:59:20] [c] [engineering] 完成: 07-17超线程与SIMD.md (103s)
[2026-06-26 11:59:21] [c] [engineering] 开始: _index.md
[2026-06-26 12:08:35] [c] [engineering] 完成: _index.md (554s)
[2026-06-26 12:08:35] [c] [engineering] 开始: _index.md
[2026-06-26 12:11:46] [c] [engineering] 完成: _index.md (191s)
[2026-06-26 12:11:46] [c] [engineering] 开始: _index.md
[2026-06-26 12:14:20] [c] [engineering] 完成: _index.md (154s)
[2026-06-26 12:14:20] [c] [engineering] 开始: 06-本章小结.md
[2026-06-26 12:17:29] [c] [engineering] 完成: 06-本章小结.md (189s)
[2026-06-26 12:17:29] [c] [engineering] 开始: _index.md
[2026-06-26 12:19:42] [c] [engineering] 完成: _index.md (133s)
[2026-06-26 12:19:42] [c] [engineering] 开始: 02-案例二Istio实战.md
[2026-06-26 12:25:20] [c] [engineering] 完成: 02-案例二Istio实战.md (338s)
[2026-06-26 12:25:20] [c] [engineering] 开始: 04-四事务性发件箱.md
[2026-06-26 12:27:07] [c] [engineering] 完成: 04-四事务性发件箱.md (107s)
[2026-06-26 12:27:07] [c] [engineering] 开始: 04-常见误区.md
[2026-06-26 12:28:58] [c] [engineering] 完成: 04-常见误区.md (111s)
[2026-06-26 12:28:58] [c] [engineering] 开始: 01-一设计原则SOLID.md
[2026-06-26 12:32:30] [c] [engineering] 完成: 01-一设计原则SOLID.md (212s)
[2026-06-26 12:32:30] [c] [engineering] 开始: _index.md
[2026-06-26 12:35:58] [c] [engineering] 完成: _index.md (208s)
[2026-06-26 12:35:58] [c] [engineering] 开始: 02-案例二金丝雀发布实践.md
[2026-06-26 12:38:34] [c] [engineering] 完成: 02-案例二金丝雀发布实践.md (156s)
[2026-06-26 12:38:34] [c] [engineering] 开始: 06-本章小结.md
[2026-06-26 12:41:27] [c] [engineering] 完成: 06-本章小结.md (173s)
[2026-06-26 12:41:27] [c] [engineering] 开始: 03-实战案例.md
[2026-06-26 12:44:10] [c] [engineering] 完成: 03-实战案例.md (163s)
[2026-06-26 12:44:10] [c] [engineering] 开始: _index.md
[2026-06-26 12:46:36] [c] [engineering] 完成: _index.md (146s)
[2026-06-26 12:46:36] [c] [engineering] 开始: 01-技巧1实现一个线程安全的LRU缓存.md
[2026-06-26 12:49:07] [c] [engineering] 完成: 01-技巧1实现一个线程安全的LRU缓存.md (150s)
[2026-06-26 12:49:07] [c] 暂无任务，等待30秒...
[2026-06-26 12:49:37] [c] 暂无任务，等待30秒...
[2026-06-26 12:50:07] [c] 暂无任务，等待30秒...
[2026-06-26 12:50:37] [c] 暂无任务，等待30秒...
[2026-06-26 12:51:07] [c] 暂无任务，等待30秒...
[2026-06-26 12:51:37] [c] 暂无任务，等待30秒...
[2026-06-26 12:52:07] [c] 暂无任务，等待30秒...
[2026-06-26 12:52:37] [c] 暂无任务，等待30秒...
[2026-06-26 12:53:07] [c] 暂无任务，等待30秒...
[2026-06-26 12:53:37] [c] 暂无任务，等待30秒...
[2026-06-26 12:54:07] [c] 暂无任务，等待30秒...
[2026-06-26 12:54:37] [c] 暂无任务，等待30秒...
[2026-06-26 12:55:07] [c] 暂无任务，等待30秒...
[2026-06-26 12:55:37] [c] 暂无任务，等待30秒...
[2026-06-26 12:56:07] [c] 暂无任务，等待30秒...
[2026-06-26 12:56:37] [c] 暂无任务，等待30秒...
[2026-06-26 12:57:07] [c] 暂无任务，等待30秒...
[2026-06-26 13:33:29] [c] === Worker c 启动 (v4) ===
[2026-06-26 13:33:29] [c] [engineering] 开始: _index.md
