[2026-06-26 00:55:09] [a] === Worker a 启动 (v4) ===
[2026-06-26 00:55:09] [a] 暂无任务，等待30秒...
[2026-06-26 00:55:39] [a] 暂无任务，等待30秒...
[2026-06-26 00:56:09] [a] 暂无任务，等待30秒...
[2026-06-26 00:56:39] [a] 暂无任务，等待30秒...
[2026-06-26 00:57:09] [a] 暂无任务，等待30秒...
[2026-06-26 00:57:39] [a] 暂无任务，等待30秒...
[2026-06-26 00:58:15] [a] === Worker a 启动 (v4) ===
[2026-06-26 00:58:15] [a] [money] 开始: 附录K_搞钱常见错误大全.md
DONE: 附录K_搞钱常见错误大全.md

文件从31KB/550行扩充至88KB/1631行，完成了从"仅10个投资错误"到"完整100个错误六大类别"的全面重写。

完成内容概览：

  文件结构
  ├── 导读：如何使用本文（严重度评级、关联图、自检评分表）
  ├── 一、投资错误 20个（错误1-20）
  ├── 二、理财错误 20个（错误21-40）
  ├── 三、创业错误 20个（错误41-60）
  ├── 四、副业错误 10个（错误61-70）
  ├── 五、税务错误 15个（错误71-85）
  ├── 六、心态错误 15个（错误86-100）
  └── 总结：搞钱错误的底层逻辑

  保留的优秀内容
  - 导读部分（严重度评级、mermaid关联图、60题自检评分表）完整保留
  - 投资错误1-10的详细内容（含案例、数据表格、mermaid图）完整保留

  新增内容
  - 投资错误11-20：迷信技术分析、忽视基本面、从不止盈、盲目跟风名人投资、忽视流动性风险、把所有钱投入股市、频繁更换投资策略、被高收益诱惑、不做资产配置、沉没成本影响决策
  - 理财错误21-40：不记账、月光族、过度消费攀比、不买保险、不做预算、忽视复利、追求高收益产品、不留应急基金、单一收入、不做财务规划、盲目贷款、不了解信用、被消费主义洗脑、忽视通胀、不做退休规划、过度节省、盲目消费升级、不重视保险配置、被零首付诱惑、不做家庭财务体检
  - 创业错误41-60：未验证需求、股权不合理、忽视现金流、过度追求完美、不做竞品分析、合伙人选择/分工失误、不重视获客成本、融资时机错误、忽视法规、把创业当赌博、不重视团队、定价错误、忽视客户反馈、单一客户依赖、不做财务模型、忽视合伙人沟通、盲目扩张、忽视知识产权、情绪化决策
  - 副业错误61-70、税务错误71-85、心态错误86-100

  质量指标
  - 100个错误全部编号连续（1-100）
  - 每个错误含：严重度+频率标记、错误描述、危害分析、常见表现、真实案例、正确做法、预防措施、相关错误交叉引用
  - 102行表格数据、2个mermaid图表
  - 六大类别间的错误交叉引用网络完整
[2026-06-26 01:16:45] [a] [money] 完成: 附录K_搞钱常见错误大全.md (1110s)
[2026-06-26 01:16:45] [a] [hacker] 开始: 07-案例七MOVEit漏洞利用攻击2023年.md
  ┊ review diff
a/content/docs/hacker/第30章-黑客搞钱路径/实战案例/07-案例七MOVEit漏洞利用攻击2023年.md → b/content/docs/hacker/第30章-黑客搞钱路径/实战案例/07-案例七MOVEit漏洞利用攻击2023年.md
@@ -6,32 +6,605 @@
 
 ## 案例七：MOVEit漏洞利用攻击（2023年）
 
-### 背景
-
-2023年5月，Cl0p勒索软件组织开始大规模利用Progress Software的MOVEit文件传输产品中的SQL注入漏洞（CVE-2023-34362），影响了全球数千个组织。
-
-### 攻击特点
-
-**变现创新：**
-- 不加密文件，仅窃取数据后威胁泄露
-- 批量利用同一漏洞攻击大量目标
-- 通过暗网泄露站点施压
-- 无差别攻击，不选择特定行业
-
-**影响规模：**
-- 超过2,500个组织受影响
-- 超过6,700万个人数据记录泄露
-- 受害者包括政府机构、金融机构、医疗保健组织
-
-**经济影响：**
-- Cl0p通过此漏洞估计获利$75M-$100M
-- 受害组织的总损失估计达数十亿美元
-- 保险理赔、法律诉讼、监管罚款等后续成本巨大
-
-### 趋势启示
-
-- 文件传输类产品成为高价值攻击目标
-- "零日漏洞+数据窃取"模式比传统勒索更高效
-- 第三方软件风险需要系统性管理
-
-***
+### 一、事件背景与影响概述
+
+#### 1.1 什么是MOVEit Transfer
+
+MOVEit Transfer（原名MOVEit DMZ）是美国Progress Software公司开发的一款企业级托管文件传输（Managed File Transfer, MFT）软件。它广泛用于政府机构、金融机构、医疗系统、教育机构和大型企业之间安全传输敏感数据。全球数千个组织依赖它处理日常业务中的关键数据交换，包括薪资数据、个人信息、财务报表和医疗记录等高度敏感信息。
+
+#### 1.2 漏洞发现与攻击时间线
+
+| 时间节点 | 事件 |
+|---------|------|
+| 2021年（推测） | Cl0p组织可能已发现MOVEit相关漏洞并开始利用早期变体 |
+| 2023年5月27日 | Progress Software发现SQL注入漏洞（CVE-2023-34362），发布紧急安全更新 |
+| 2023年5月31日 | 美国网络安全和基础设施安全局（CISA）发布警报，确认漏洞正被积极利用 |
+| 2023年6月1日 | Cl0p勒索组织在其暗网泄露站点首次公布第一批受害者名单 |
+| 2023年6月5日 | 受害者数量急剧攀升，多个政府机构和跨国企业确认受影响 |
+| 2023年6月15日 | Progress Software发现第二组补丁遗漏的漏洞变体（CVE-2023-35036） |
+| 2023年7月 | CISA联合FBI发布详细技术分析报告，确认Cl0p自2021年起即利用该漏洞 |
+| 2023年9月 | 美国政府机构（包括国务院、能源部）确认数据泄露 |
+| 2023年12月 | 受害组织总数突破2,500家，Cl0p勒索收入估计达$75M-$100M |
+
+#### 1.3 影响规模
+
+这起事件堪称2023年度最大规模的数据泄露事件之一：
+
+- **受影响组织**：超过2,500个组织被确认受害
+- **泄露数据量**：超过6,700万条个人数据记录
+- **涉及行业**：政府、金融、医疗、教育、能源、制造、零售等几乎所有关键行业
+- **地域范围**：受害者遍布北美、欧洲、亚洲等全球主要地区
+
+**部分知名受害机构：**
+
+| 类别 | 受害机构 |
+|------|---------|
+| 政府机构 | 美国能源部、美国国务院、路易斯安那州政府、佐治亚州政府 |
+| 跨国企业 | Shell（壳牌）、Sony（索尼）、BBC、英国航空（British Airways） |
+| 金融服务 | ING Bank（荷兰ING集团）、Standard Chartered Bank（渣打银行） |
+| 医疗健康 | Johns Hopkins University（约翰霍普金斯大学） |
+| 科技公司 | Ericsson（爱立信）、Gen Digital（NortonLifeLock） |
+| 教育机构 | National Student Clearinghouse、University of California |
+
+---
+
+### 二、漏洞技术分析
+
+#### 2.1 漏洞本质：SQL注入
+
… omitted 556 diff line(s) across 1 additional file(s)/section(s)
DONE: 07-案例七MOVEit漏洞利用攻击2023年.md

从1KB（37行）扩展至25KB（约620行），包含11个完整章节：

一、事件背景与影响概述 — MOVEit产品介绍、完整时间线、受害者清单
二、漏洞技术分析 — SQL注入原理、利用链详解、附加CVE变体、Cl0p零日历史
三、Cl0p勒索组织画像 — 组织背景、与传统勒索模式对比表、经济模型分析
四、攻击路径深度复盘 — 侦察/漏洞利用/数据窃取三阶段，含代码示例
五、经济影响深度分析 — 直接损失、间接损失、保险法律成本、行业连锁反应
六、防御策略与最佳实践 — 紧急响应bash脚本、IOC检测YAML、事前/事中/事后框架、技术工具
七、攻击者视角商业逻辑 — 为什么选MFT、ROI最大化策略、纯数据勒索优势
八、从业者启示 — 供应链安全新范式、漏洞管理优化流程、事件响应能力矩阵
九、法律与合规影响 — SEC/FTC/ICO调查、集体诉讼、合规框架更新
十、案例总结 — 攻击模式演进图、核心教训、防御优先级矩阵
十一、延伸思考 — Web应用零日、数据勒索即服务、AI漏洞发现趋势

session_id: 20260626_011646_0a6b93
[2026-06-26 01:18:58] [a] [hacker] 完成: 07-案例七MOVEit漏洞利用攻击2023年.md (133s)
[2026-06-26 01:18:58] [a] [hacker] 开始: 31.1-内核漏洞利用.md
  ┊ review diff
a/content/docs/hacker/第31章-高级漏洞利用技术/31.1-内核漏洞利用.md → b/content/docs/hacker/第31章-高级漏洞利用技术/31.1-内核漏洞利用.md
@@ -9,41 +9,152 @@
 
 ### 31.1.1 内核漏洞利用概述
 
-内核漏洞利用是攻防对抗中最高级别的技术之一。与用户态漏洞利用不同，内核漏洞利用直接作用于操作系统的核心组件，一旦成功即可获得系统的最高权限（Ring 0）。内核漏洞利用的复杂性和危险性都远高于用户态漏洞，因为任何错误都可能导致系统崩溃（Kernel Panic/BSOD）。
-
-内核漏洞利用的主要类型包括：
-
-1. **栈溢出（Stack Overflow）**：内核栈上的缓冲区溢出
-2. **堆溢出（Heap Overflow）**：内核堆分配器中的溢出
-3. **Use-After-Free（UAF）**：释放后使用漏洞
-4. **Double-Free**：双重释放漏洞
-5. **Race Condition**：竞争条件漏洞
-6. **整数溢出（Integer Overflow）**：整数运算溢出
-7. **空指针解引用（Null Pointer Dereference）**：空指针引用漏洞
-8. **信息泄露（Information Leak）**：内核地址信息泄露
-
-### 31.1.2 Linux内核漏洞利用基础
-
-#### 内核内存布局
-
-理解Linux内核的内存布局是进行内核漏洞利用的基础：
+内核漏洞利用是网络安全攻防体系中最高级别的技术之一。与用户态漏洞利用不同，内核漏洞利用直接作用于操作系统的核心组件——内核（Kernel），一旦成功即可获得系统的最高权限（Ring 0 / Kernel Mode）。这意味着攻击者可以完全绕过操作系统的所有安全机制，包括文件权限、进程隔离、SELinux/AppArmor 强制访问控制等。
+
+内核漏洞利用的复杂性和危险性都远高于用户态漏洞，原因有三：
+
+1. **容错率极低**：用户态漏洞利用失败通常只导致进程崩溃，但内核漏洞利用中的任何内存错误都可能导致 Kernel Panic（Linux）或 Blue Screen of Death（Windows），使整台机器宕机。
+2. **保护机制更密集**：现代内核部署了 KASLR、SMEP、SMAP、KPTI、Stack Canary、CFI 等多层防护，每绕过一层都需要额外的技术手段。
+3. **调试难度大**：内核态调试需要特殊的工具链（如 QEMU + GDB 远程调试），且内核行为受多核并发、中断上下文、调度器等因素影响，复现条件苛刻。
+
+```mermaid
+graph TD
+    A[用户态漏洞利用] -->|权限提升| B[用户态提权]
+    B -->|系统调用| C[内核接口]
+    C -->|漏洞触发| D[内核漏洞利用]
+    D -->|Ring 0| E[完全控制系统]
+    
+    F[保护机制层] --> G[KASLR 地址随机化]
+    F --> H[SMEP/SMAP 执行隔离]
+    F --> I[KPTI 页表隔离]
+    F --> J[Stack Canary 栈保护]
+    F --> K[CFI 控制流完整性]
+    
+    D -->|需要绕过| F
+    
+    style A fill:#4a9eff
+    style D fill:#ff4a4a
+    style E fill:#ff8c00
+    style F fill:#666
+```
+
+#### 内核漏洞分类体系
+
+内核漏洞可以从多个维度进行分类：
+
+| 漏洞类型 | 攻击原理 | 典型利用方式 | 难度等级 |
+|---------|---------|------------|---------|
+| 栈溢出 (Stack Overflow) | 内核栈缓冲区越界写入 | 覆盖返回地址 → ROP | ⭐⭐⭐ |
+| 堆溢出 (Heap Overflow) | 内核堆对象越界写入 | 覆盖相邻对象元数据/数据 | ⭐⭐⭐⭐ |
+| Use-After-Free (UAF) | 释放后继续使用悬垂指针 | 堆喷射 → 伪造对象劫持控制流 | ⭐⭐⭐⭐ |
+| Double-Free | 同一内核对象被释放两次 | 堆元数据腐败 → 任意读写 | ⭐⭐⭐⭐ |
+| 竞争条件 (Race Condition) | TOCTOU 时序竞争 | 双线程利用时间窗口 | ⭐⭐⭐⭐⭐ |
+| 整数溢出 (Integer Overflow) | 整数运算导致回绕/截断 | 缓冲区分配不足 → 溢出 | ⭐⭐⭐ |
+| 空指针解引用 | 内核未校验空指针 | 映射零页 → 伪造内核对象 | ⭐⭐ |
+| 信息泄露 (Info Leak) | 未初始化内存或越界读 | 泄露内核地址 → 绕过 KASLR | ⭐⭐ |
+
+#### 内核漏洞利用的通用方法论
+
+无论具体漏洞类型如何，内核漏洞利用通常遵循以下通用流程：
+
+```mermaid
+graph TD
+    A[1. 信息收集] --> B[2. 漏洞触发]
+    B --> C[3. 信息泄露<br>绕过KASLR]
+    C --> D[4. 控制流劫持<br>ROP/JOP链]
+    D --> E[5. 权限提升<br>提权原语]
+    E --> F[6. 返回用户态<br>获取root shell]
+    
+    G[环境准备] --> A
… omitted 3469 diff line(s) across 1 additional file(s)/section(s)
DONE: 31.1-内核漏洞利用.md

重写完成，主要改进：

1. **结构扩展**：从 10 节扩展到 12 节，新增：
   - 31.1.9 现代攻击面（io_uring 与 eBPF）
   - 31.1.12 学习路径与资源推荐

2. **理论深度**：每个代码块前都增加了原理讲解，包括：
   - SLUB 分配器层次结构（配 mermaid 流程图）
   - 内核栈布局 ASCII 图
   - ROP 链执行流程图
   - UAF 利用时序图
   - TOCTOU 竞争条件模型

3. **内容补充**：
   - 内核漏洞分类体系对比表
   - 通用利用方法论（6阶段流程）
   - Linux vs Windows 内核利用差异
   - 6种堆喷射原语对比表
   - 5种 KASLR 绕过方法及概率分析
   - 7种现代防护机制及绕过方法
   - 真实 CVE 深度分析（Dirty Pipe、cgroup 逃逸）
   - 常见陷阱与解决方法对照表

4. **质量提升**：
   - YAML frontmatter 保持正确
   - 代码块全部标注语言类型
   - 所有知识点展开论述，无空洞废话
   - 文件从 37KB/1313行 扩充到 87KB/2587行

session_id: 20260626_011859_bc1e3c
[2026-06-26 01:23:41] [a] [hacker] 完成: 31.1-内核漏洞利用.md (283s)
[2026-06-26 01:23:41] [a] [hacker] 开始: 06-本章小结.md
  ┊ review diff
a/content/docs/hacker/第33章-安全工具开发/06-本章小结.md → b/content/docs/hacker/第33章-安全工具开发/06-本章小结.md
@@ -3,464 +3,513 @@
 type: docs
 ---
 
-# 第33章 安全工具开发 - 本章小结
-
-## 33.1 知识体系回顾
-
-本章系统性地介绍了安全工具开发的完整知识体系，从基础理论到实战应用，涵盖了安全工具开发的各个方面。
-
-### 33.1.1 理论基础
-
-在理论基础部分，我们学习了：
-
-1. **安全工具分类**
-   - 信息收集工具
-   - 漏洞检测工具
-   - 渗透测试工具
-   - 防御监控工具
-   - 辅助工具
-
-2. **Python安全编程**
-   - 核心安全库：requests、socket、scapy、aiohttp
-   - 安全编码实践：输入验证、异常处理、日志记录
-   - 性能优化：并发编程、异步IO
-
-3. **网络编程技术**
-   - TCP/IP协议栈
-   - Socket编程
-   - HTTP/HTTPS协议处理
-   - SSL/TLS安全
-   - 数据包构造和发送
-
-### 33.1.2 核心技巧
-
-在核心技巧部分，我们深入学习了：
-
-1. **Burp Suite插件开发**
-   - 扩展API基础
-   - 自定义扫描器
-   - 被动扫描和主动扫描
-   - Java和Python（Jython）扩展
-
-2. **Nmap NSE脚本开发**
-   - Lua语言基础
-   - 脚本结构和规则
-   - 信息收集脚本
-   - 漏洞检测脚本
-   - NSE库使用
-
-3. **Metasploit模块开发**
-   - 模块类型：Auxiliary、Exploit、Post、Payload
-   - Ruby语言基础
-   - 模块开发流程
-   - 测试和调试
-
-### 33.1.3 实战案例
-
-在实战案例部分，我们通过完整的项目学习了：
-
-1. **Web漏洞扫描器**
-   - 需求分析和架构设计
-   - 爬虫模块实现
-   - 漏洞检测模块
-   - 报告生成系统
-   - 完整代码实现
-
-2. **端口扫描器**
-   - TCP全连接扫描
-   - 服务指纹识别
-   - Banner获取
-   - 并发扫描优化
-
-3. **密码破解工具**
-   - 字典生成器
-   - 多种攻击模式
-   - 分布式破解
-
-### 33.1.4 常见误区
… omitted 889 diff line(s) across 1 additional file(s)/section(s)
DONE: 06-本章小结.md

重写完成。主要改进：

1. 从列表堆砌改为合成性总结——每节不是简单罗列33.x节的内容，而是提炼核心认知、揭示知识间的逻辑关系
2. 新增知识地图（mermaid图 + 依赖关系表），让读者一目了然12节内容的前后关系
3. 理论基础回顾增加了"安全工具的本质是自动化人类安全思维"的认知框架
4. 三大框架扩展开发增加了定位对比表和共性原则（数据流理解、被动先行、复用基础设施）
5. 三个实战案例回顾增加了架构图、并发模型对比表、规则引擎代码示例
6. 误区部分从列举改为深度展开（过度工程、自身漏洞、不做测试），每个误区附具体正确做法
7. 新增技能矩阵（编程+安全双维度分级）
8. 进阶方向增加了五赛道对比表和三条推荐路径
9. FAQ从5题扩充到5题深度解答，含薪资参考和技术自测方法
10. 行动指南分为立即行动/短期/中期三级，每级有具体验证标准
11. 新增参考资源表

文件从466行/10.8KB扩充到515行/31.7KB。

session_id: 20260626_012342_9aceee
[2026-06-26 01:25:56] [a] [hacker] 完成: 06-本章小结.md (135s)
[2026-06-26 01:25:56] [a] 暂无任务，等待30秒...
[2026-06-26 01:26:26] [a] 暂无任务，等待30秒...
[2026-06-26 01:26:56] [a] 暂无任务，等待30秒...
[2026-06-26 01:27:26] [a] 暂无任务，等待30秒...
[2026-06-26 01:27:56] [a] 暂无任务，等待30秒...
[2026-06-26 01:28:26] [a] 暂无任务，等待30秒...
[2026-06-26 01:28:56] [a] 暂无任务，等待30秒...
[2026-06-26 01:29:26] [a] 暂无任务，等待30秒...
[2026-06-26 01:29:56] [a] 暂无任务，等待30秒...
[2026-06-26 01:30:26] [a] 暂无任务，等待30秒...
[2026-06-26 01:30:56] [a] 暂无任务，等待30秒...
[2026-06-26 01:31:26] [a] 暂无任务，等待30秒...
[2026-06-26 01:31:56] [a] 暂无任务，等待30秒...
[2026-06-26 01:32:26] [a] 暂无任务，等待30秒...
[2026-06-26 01:32:56] [a] 暂无任务，等待30秒...
[2026-06-26 01:33:26] [a] 暂无任务，等待30秒...
[2026-06-26 01:33:56] [a] 暂无任务，等待30秒...
[2026-06-26 01:34:26] [a] 暂无任务，等待30秒...
[2026-06-26 01:34:56] [a] 暂无任务，等待30秒...
[2026-06-26 01:35:26] [a] 暂无任务，等待30秒...
[2026-06-26 01:35:56] [a] 暂无任务，等待30秒...
[2026-06-26 01:36:26] [a] 暂无任务，等待30秒...
[2026-06-26 01:36:56] [a] 暂无任务，等待30秒...
[2026-06-26 01:37:26] [a] 暂无任务，等待30秒...
[2026-06-26 01:37:56] [a] 暂无任务，等待30秒...
[2026-06-26 01:38:27] [a] 暂无任务，等待30秒...
[2026-06-26 01:38:57] [a] 暂无任务，等待30秒...
[2026-06-26 01:39:27] [a] 暂无任务，等待30秒...
[2026-06-26 01:39:57] [a] 暂无任务，等待30秒...
[2026-06-26 01:40:27] [a] 暂无任务，等待30秒...
[2026-06-26 01:40:57] [a] 暂无任务，等待30秒...
[2026-06-26 01:41:27] [a] 暂无任务，等待30秒...
[2026-06-26 01:41:57] [a] 暂无任务，等待30秒...
[2026-06-26 01:42:27] [a] 暂无任务，等待30秒...
[2026-06-26 01:42:57] [a] 暂无任务，等待30秒...
[2026-06-26 01:43:27] [a] 暂无任务，等待30秒...
[2026-06-26 01:43:57] [a] 暂无任务，等待30秒...
[2026-06-26 01:44:27] [a] 暂无任务，等待30秒...
[2026-06-26 01:44:57] [a] 暂无任务，等待30秒...
[2026-06-26 01:45:27] [a] 暂无任务，等待30秒...
[2026-06-26 01:45:57] [a] 暂无任务，等待30秒...
[2026-06-26 01:46:27] [a] 暂无任务，等待30秒...
[2026-06-26 01:46:57] [a] 暂无任务，等待30秒...
[2026-06-26 01:47:27] [a] 暂无任务，等待30秒...
[2026-06-26 01:47:57] [a] 暂无任务，等待30秒...
[2026-06-26 01:48:27] [a] 暂无任务，等待30秒...
[2026-06-26 01:48:57] [a] 暂无任务，等待30秒...
[2026-06-26 01:49:27] [a] 暂无任务，等待30秒...
[2026-06-26 01:49:57] [a] 暂无任务，等待30秒...
[2026-06-26 01:50:27] [a] 暂无任务，等待30秒...
[2026-06-26 01:50:57] [a] 暂无任务，等待30秒...
[2026-06-26 01:51:27] [a] 暂无任务，等待30秒...
[2026-06-26 01:51:57] [a] 暂无任务，等待30秒...
[2026-06-26 01:52:27] [a] 暂无任务，等待30秒...
[2026-06-26 01:52:57] [a] 暂无任务，等待30秒...
[2026-06-26 01:53:27] [a] 暂无任务，等待30秒...
[2026-06-26 01:53:57] [a] 暂无任务，等待30秒...
[2026-06-26 01:54:27] [a] 暂无任务，等待30秒...
[2026-06-26 01:54:57] [a] 暂无任务，等待30秒...
[2026-06-26 01:55:27] [a] 暂无任务，等待30秒...
[2026-06-26 01:55:57] [a] 暂无任务，等待30秒...
[2026-06-26 01:56:28] [a] 暂无任务，等待30秒...
[2026-06-26 01:56:58] [a] 暂无任务，等待30秒...
[2026-06-26 01:57:28] [a] 暂无任务，等待30秒...
[2026-06-26 01:57:58] [a] 暂无任务，等待30秒...
[2026-06-26 01:58:28] [a] 暂无任务，等待30秒...
[2026-06-26 01:58:58] [a] 暂无任务，等待30秒...
[2026-06-26 01:59:28] [a] 暂无任务，等待30秒...
[2026-06-26 01:59:58] [a] 暂无任务，等待30秒...
[2026-06-26 02:00:28] [a] 暂无任务，等待30秒...
[2026-06-26 02:00:58] [a] 暂无任务，等待30秒...
[2026-06-26 02:01:28] [a] 暂无任务，等待30秒...
[2026-06-26 02:01:58] [a] 暂无任务，等待30秒...
[2026-06-26 02:02:28] [a] 暂无任务，等待30秒...
[2026-06-26 02:02:58] [a] 暂无任务，等待30秒...
[2026-06-26 02:03:28] [a] 暂无任务，等待30秒...
[2026-06-26 02:03:58] [a] 暂无任务，等待30秒...
[2026-06-26 02:04:28] [a] 暂无任务，等待30秒...
[2026-06-26 02:04:58] [a] 暂无任务，等待30秒...
[2026-06-26 02:05:28] [a] 暂无任务，等待30秒...
[2026-06-26 02:05:58] [a] 暂无任务，等待30秒...
[2026-06-26 02:06:28] [a] 暂无任务，等待30秒...
[2026-06-26 02:06:58] [a] 暂无任务，等待30秒...
[2026-06-26 02:07:28] [a] 暂无任务，等待30秒...
[2026-06-26 02:07:58] [a] 暂无任务，等待30秒...
[2026-06-26 02:08:28] [a] 暂无任务，等待30秒...
[2026-06-26 02:08:58] [a] 暂无任务，等待30秒...
[2026-06-26 02:09:28] [a] 暂无任务，等待30秒...
[2026-06-26 02:09:58] [a] 暂无任务，等待30秒...
[2026-06-26 02:10:28] [a] 暂无任务，等待30秒...
[2026-06-26 02:10:58] [a] 暂无任务，等待30秒...
[2026-06-26 02:11:28] [a] 暂无任务，等待30秒...
[2026-06-26 02:11:58] [a] 暂无任务，等待30秒...
[2026-06-26 02:12:28] [a] 暂无任务，等待30秒...
[2026-06-26 02:12:58] [a] 暂无任务，等待30秒...
[2026-06-26 02:13:28] [a] 暂无任务，等待30秒...
[2026-06-26 02:13:58] [a] 暂无任务，等待30秒...
[2026-06-26 02:14:29] [a] 暂无任务，等待30秒...
[2026-06-26 02:14:59] [a] 暂无任务，等待30秒...
[2026-06-26 02:15:29] [a] 暂无任务，等待30秒...
[2026-06-26 02:15:59] [a] 暂无任务，等待30秒...
[2026-06-26 02:16:29] [a] 暂无任务，等待30秒...
[2026-06-26 02:16:59] [a] 暂无任务，等待30秒...
[2026-06-26 02:17:29] [a] 暂无任务，等待30秒...
[2026-06-26 02:17:59] [a] 暂无任务，等待30秒...
[2026-06-26 02:18:29] [a] 暂无任务，等待30秒...
[2026-06-26 02:18:59] [a] 暂无任务，等待30秒...
[2026-06-26 02:19:29] [a] 暂无任务，等待30秒...
[2026-06-26 02:19:59] [a] 暂无任务，等待30秒...
[2026-06-26 02:20:29] [a] 暂无任务，等待30秒...
[2026-06-26 02:20:59] [a] 暂无任务，等待30秒...
[2026-06-26 02:21:29] [a] 暂无任务，等待30秒...
[2026-06-26 02:21:59] [a] 暂无任务，等待30秒...
[2026-06-26 02:22:29] [a] 暂无任务，等待30秒...
[2026-06-26 02:22:59] [a] 暂无任务，等待30秒...
[2026-06-26 02:23:29] [a] 暂无任务，等待30秒...
[2026-06-26 02:23:59] [a] 暂无任务，等待30秒...
[2026-06-26 02:24:29] [a] 暂无任务，等待30秒...
[2026-06-26 02:24:59] [a] 暂无任务，等待30秒...
[2026-06-26 02:25:29] [a] 暂无任务，等待30秒...
[2026-06-26 02:25:59] [a] 暂无任务，等待30秒...
[2026-06-26 02:26:29] [a] 暂无任务，等待30秒...
[2026-06-26 02:26:59] [a] 暂无任务，等待30秒...
[2026-06-26 02:27:29] [a] 暂无任务，等待30秒...
[2026-06-26 02:28:00] [a] 暂无任务，等待30秒...
[2026-06-26 02:28:30] [a] 暂无任务，等待30秒...
[2026-06-26 02:29:00] [a] 暂无任务，等待30秒...
[2026-06-26 02:29:30] [a] 暂无任务，等待30秒...
[2026-06-26 02:30:00] [a] 暂无任务，等待30秒...
[2026-06-26 02:30:30] [a] 暂无任务，等待30秒...
[2026-06-26 02:31:00] [a] 暂无任务，等待30秒...
[2026-06-26 02:31:30] [a] 暂无任务，等待30秒...
[2026-06-26 02:32:00] [a] 暂无任务，等待30秒...
[2026-06-26 02:32:30] [a] 暂无任务，等待30秒...
[2026-06-26 02:33:00] [a] 暂无任务，等待30秒...
[2026-06-26 02:33:30] [a] 暂无任务，等待30秒...
[2026-06-26 02:34:00] [a] 暂无任务，等待30秒...
[2026-06-26 02:34:30] [a] 暂无任务，等待30秒...
[2026-06-26 02:35:00] [a] 暂无任务，等待30秒...
[2026-06-26 02:35:30] [a] 暂无任务，等待30秒...
[2026-06-26 02:36:00] [a] 暂无任务，等待30秒...
[2026-06-26 02:36:30] [a] 暂无任务，等待30秒...
[2026-06-26 02:37:00] [a] 暂无任务，等待30秒...
[2026-06-26 02:37:30] [a] 暂无任务，等待30秒...
[2026-06-26 02:38:00] [a] 暂无任务，等待30秒...
[2026-06-26 02:38:30] [a] 暂无任务，等待30秒...
[2026-06-26 02:39:00] [a] 暂无任务，等待30秒...
[2026-06-26 02:39:30] [a] 暂无任务，等待30秒...
[2026-06-26 02:40:00] [a] 暂无任务，等待30秒...
[2026-06-26 02:40:30] [a] 暂无任务，等待30秒...
[2026-06-26 02:41:00] [a] 暂无任务，等待30秒...
[2026-06-26 02:41:30] [a] 暂无任务，等待30秒...
[2026-06-26 02:42:00] [a] 暂无任务，等待30秒...
[2026-06-26 02:42:31] [a] 暂无任务，等待30秒...
[2026-06-26 02:43:01] [a] 暂无任务，等待30秒...
[2026-06-26 02:43:31] [a] 暂无任务，等待30秒...
[2026-06-26 02:44:01] [a] 收到终止信号，安全退出
[2026-06-26 02:44:01] [a] 收到终止信号，安全退出
[2026-06-26 07:07:44] [a] === Worker a 启动 (v4) ===
[2026-06-26 07:07:45] [a] [money] 开始: 09-案例七CTA趋势跟踪策略.md
[2026-06-26 07:11:04] [a] [money] 完成: 09-案例七CTA趋势跟踪策略.md (199s)
[2026-06-26 07:11:04] [a] [hacker] 开始: 02-222IoT通信协议安全测试.md
[2026-06-26 07:14:27] [a] [hacker] 完成: 02-222IoT通信协议安全测试.md (202s)
[2026-06-26 07:14:27] [a] 暂无任务，等待30秒...
[2026-06-26 07:14:57] [a] 暂无任务，等待30秒...
[2026-06-26 07:15:27] [a] 暂无任务，等待30秒...
[2026-06-26 07:15:57] [a] 暂无任务，等待30秒...
[2026-06-26 07:16:27] [a] 暂无任务，等待30秒...
[2026-06-26 07:16:57] [a] 暂无任务，等待30秒...
[2026-06-26 07:17:27] [a] 暂无任务，等待30秒...
[2026-06-26 07:17:57] [a] 暂无任务，等待30秒...
[2026-06-26 07:18:27] [a] 暂无任务，等待30秒...
[2026-06-26 07:18:57] [a] 暂无任务，等待30秒...
[2026-06-26 07:19:27] [a] 暂无任务，等待30秒...
[2026-06-26 07:19:57] [a] 暂无任务，等待30秒...
[2026-06-26 07:20:27] [a] 暂无任务，等待30秒...
[2026-06-26 07:20:57] [a] 暂无任务，等待30秒...
[2026-06-26 07:21:27] [a] 暂无任务，等待30秒...
[2026-06-26 07:21:57] [a] 暂无任务，等待30秒...
[2026-06-26 07:22:27] [a] 暂无任务，等待30秒...
[2026-06-26 07:22:57] [a] 暂无任务，等待30秒...
[2026-06-26 07:23:27] [a] 暂无任务，等待30秒...
[2026-06-26 07:23:57] [a] 暂无任务，等待30秒...
[2026-06-26 07:24:27] [a] 暂无任务，等待30秒...
[2026-06-26 07:24:57] [a] 暂无任务，等待30秒...
[2026-06-26 07:25:27] [a] 暂无任务，等待30秒...
[2026-06-26 07:25:57] [a] 暂无任务，等待30秒...
[2026-06-26 07:26:27] [a] 暂无任务，等待30秒...
[2026-06-26 07:26:57] [a] 暂无任务，等待30秒...
[2026-06-26 07:27:27] [a] 暂无任务，等待30秒...
[2026-06-26 07:27:57] [a] 暂无任务，等待30秒...
[2026-06-26 07:28:27] [a] 暂无任务，等待30秒...
[2026-06-26 07:28:57] [a] 暂无任务，等待30秒...
[2026-06-26 07:29:27] [a] 暂无任务，等待30秒...
[2026-06-26 07:29:57] [a] 暂无任务，等待30秒...
[2026-06-26 07:30:27] [a] 暂无任务，等待30秒...
[2026-06-26 07:30:57] [a] 暂无任务，等待30秒...
[2026-06-26 07:31:27] [a] 暂无任务，等待30秒...
[2026-06-26 07:31:58] [a] 暂无任务，等待30秒...
[2026-06-26 07:32:28] [a] 暂无任务，等待30秒...
[2026-06-26 07:32:58] [a] 暂无任务，等待30秒...
[2026-06-26 07:33:28] [a] 暂无任务，等待30秒...
[2026-06-26 07:33:58] [a] 暂无任务，等待30秒...
[2026-06-26 07:34:28] [a] 暂无任务，等待30秒...
[2026-06-26 07:34:58] [a] 暂无任务，等待30秒...
[2026-06-26 07:35:28] [a] 暂无任务，等待30秒...
[2026-06-26 07:35:58] [a] 暂无任务，等待30秒...
[2026-06-26 07:36:28] [a] 暂无任务，等待30秒...
[2026-06-26 07:36:58] [a] 暂无任务，等待30秒...
[2026-06-26 07:37:28] [a] 暂无任务，等待30秒...
[2026-06-26 07:37:58] [a] 暂无任务，等待30秒...
[2026-06-26 07:38:28] [a] 暂无任务，等待30秒...
[2026-06-26 07:38:58] [a] 暂无任务，等待30秒...
[2026-06-26 07:39:28] [a] 暂无任务，等待30秒...
[2026-06-26 07:39:58] [a] 暂无任务，等待30秒...
[2026-06-26 07:40:28] [a] 暂无任务，等待30秒...
[2026-06-26 07:40:58] [a] 暂无任务，等待30秒...
[2026-06-26 07:41:28] [a] 暂无任务，等待30秒...
[2026-06-26 07:41:58] [a] 暂无任务，等待30秒...
[2026-06-26 07:42:28] [a] 暂无任务，等待30秒...
[2026-06-26 07:42:58] [a] 暂无任务，等待30秒...
[2026-06-26 07:43:28] [a] 暂无任务，等待30秒...
[2026-06-26 07:43:58] [a] 暂无任务，等待30秒...
[2026-06-26 07:44:28] [a] 暂无任务，等待30秒...
[2026-06-26 07:44:58] [a] 暂无任务，等待30秒...
[2026-06-26 07:45:28] [a] 暂无任务，等待30秒...
[2026-06-26 07:45:58] [a] 暂无任务，等待30秒...
[2026-06-26 07:46:28] [a] 暂无任务，等待30秒...
[2026-06-26 07:46:58] [a] 暂无任务，等待30秒...
[2026-06-26 07:47:28] [a] 暂无任务，等待30秒...
[2026-06-26 07:47:58] [a] 暂无任务，等待30秒...
[2026-06-26 07:48:28] [a] 暂无任务，等待30秒...
[2026-06-26 07:48:58] [a] 暂无任务，等待30秒...
[2026-06-26 07:49:28] [a] 暂无任务，等待30秒...
[2026-06-26 07:49:59] [a] 暂无任务，等待30秒...
[2026-06-26 07:50:29] [a] 暂无任务，等待30秒...
[2026-06-26 07:50:59] [a] 暂无任务，等待30秒...
[2026-06-26 07:51:29] [a] 暂无任务，等待30秒...
[2026-06-26 07:51:59] [a] 暂无任务，等待30秒...
[2026-06-26 07:52:29] [a] 暂无任务，等待30秒...
[2026-06-26 07:52:59] [a] 暂无任务，等待30秒...
[2026-06-26 07:53:29] [a] 暂无任务，等待30秒...
[2026-06-26 07:53:59] [a] 暂无任务，等待30秒...
[2026-06-26 07:54:29] [a] 暂无任务，等待30秒...
[2026-06-26 07:54:59] [a] 暂无任务，等待30秒...
[2026-06-26 07:55:29] [a] 暂无任务，等待30秒...
[2026-06-26 07:55:59] [a] 暂无任务，等待30秒...
[2026-06-26 07:56:29] [a] 暂无任务，等待30秒...
[2026-06-26 07:56:59] [a] 暂无任务，等待30秒...
[2026-06-26 07:57:29] [a] 暂无任务，等待30秒...
[2026-06-26 07:57:59] [a] 暂无任务，等待30秒...
[2026-06-26 07:58:29] [a] 暂无任务，等待30秒...
[2026-06-26 07:58:59] [a] 暂无任务，等待30秒...
[2026-06-26 07:59:29] [a] 暂无任务，等待30秒...
[2026-06-26 07:59:59] [a] 暂无任务，等待30秒...
[2026-06-26 08:00:29] [a] 暂无任务，等待30秒...
[2026-06-26 08:00:59] [a] 暂无任务，等待30秒...
[2026-06-26 08:01:29] [a] 暂无任务，等待30秒...
[2026-06-26 08:01:59] [a] 暂无任务，等待30秒...
[2026-06-26 08:02:29] [a] 暂无任务，等待30秒...
[2026-06-26 08:02:59] [a] 暂无任务，等待30秒...
[2026-06-26 08:03:29] [a] 暂无任务，等待30秒...
[2026-06-26 08:03:59] [a] 暂无任务，等待30秒...
[2026-06-26 08:04:29] [a] 暂无任务，等待30秒...
[2026-06-26 08:04:59] [a] 暂无任务，等待30秒...
[2026-06-26 08:05:29] [a] 暂无任务，等待30秒...
[2026-06-26 08:05:59] [a] 暂无任务，等待30秒...
[2026-06-26 08:06:29] [a] 暂无任务，等待30秒...
[2026-06-26 08:06:59] [a] 暂无任务，等待30秒...
[2026-06-26 08:07:29] [a] 暂无任务，等待30秒...
[2026-06-26 08:08:00] [a] 暂无任务，等待30秒...
[2026-06-26 08:08:30] [a] 暂无任务，等待30秒...
[2026-06-26 08:09:00] [a] 暂无任务，等待30秒...
[2026-06-26 08:09:30] [a] 暂无任务，等待30秒...
[2026-06-26 08:10:00] [a] 暂无任务，等待30秒...
[2026-06-26 08:10:30] [a] 收到终止信号，安全退出
[2026-06-26 08:10:30] [a] 收到终止信号，安全退出
[2026-06-26 08:19:18] [a] === Worker a 启动 (v4) ===
[2026-06-26 08:19:18] [a] [engineering] 开始: 06-本章小结.md
[2026-06-26 08:21:32] [a] [engineering] 完成: 06-本章小结.md (134s)
[2026-06-26 08:21:32] [a] [engineering] 开始: 01-理论基础.md
[2026-06-26 08:24:04] [a] [engineering] 完成: 01-理论基础.md (152s)
[2026-06-26 08:24:04] [a] [engineering] 开始: _index.md
[2026-06-26 08:30:31] [a] [engineering] 完成: _index.md (387s)
[2026-06-26 08:30:31] [a] [engineering] 开始: 04-四数据同步机制.md
[2026-06-26 08:35:28] [a] [engineering] 完成: 04-四数据同步机制.md (297s)
[2026-06-26 08:35:28] [a] [engineering] 开始: _index.md
[2026-06-26 08:45:34] [a] [engineering] 完成: _index.md (606s)
[2026-06-26 08:45:34] [a] [engineering] 开始: 01-一长轮询.md
[2026-06-26 08:48:26] [a] [engineering] 完成: 01-一长轮询.md (172s)
[2026-06-26 08:48:26] [a] [engineering] 开始: 03-实战案例.md
[2026-06-26 08:51:26] [a] [engineering] 完成: 03-实战案例.md (180s)
[2026-06-26 08:51:26] [a] [engineering] 开始: 04-四关键指标与选型.md
[2026-06-26 08:53:59] [a] [engineering] 完成: 04-四关键指标与选型.md (153s)
[2026-06-26 08:54:00] [a] [engineering] 开始: 01-技巧一Dockerfile最佳实践.md
[2026-06-26 08:56:01] [a] [engineering] 完成: 01-技巧一Dockerfile最佳实践.md (120s)
[2026-06-26 08:56:01] [a] [engineering] 开始: _index.md
[2026-06-26 09:03:25] [a] [engineering] 完成: _index.md (444s)
[2026-06-26 09:03:25] [a] [engineering] 开始: 02-二限流算法.md
[2026-06-26 09:07:02] [a] [engineering] 完成: 02-二限流算法.md (217s)
[2026-06-26 09:07:02] [a] [engineering] 开始: _index.md
[2026-06-26 09:13:41] [a] [engineering] 完成: _index.md (399s)
[2026-06-26 09:13:41] [a] [engineering] 开始: 02-二读写分离.md
[2026-06-26 09:16:10] [a] [engineering] 完成: 02-二读写分离.md (149s)
[2026-06-26 09:16:10] [a] [engineering] 开始: 04-常见误区.md
[2026-06-26 09:18:21] [a] [engineering] 完成: 04-常见误区.md (131s)
[2026-06-26 09:18:21] [a] [engineering] 开始: _index.md
[2026-06-26 09:25:58] [a] [engineering] 完成: _index.md (457s)
[2026-06-26 09:25:58] [a] [engineering] 开始: 04-常见误区.md
[2026-06-26 09:28:23] [a] [engineering] 完成: 04-常见误区.md (145s)
[2026-06-26 09:28:23] [a] [engineering] 开始: 00-章节概览.md
[2026-06-26 09:29:52] [a] [engineering] 完成: 00-章节概览.md (89s)
[2026-06-26 09:29:52] [a] [engineering] 开始: 01-一什么是内存管理.md
[2026-06-26 09:32:23] [a] [engineering] 完成: 01-一什么是内存管理.md (151s)
[2026-06-26 09:32:24] [a] [engineering] 开始: _index.md
[2026-06-26 09:36:07] [a] [engineering] 完成: _index.md (223s)
[2026-06-26 09:36:07] [a] [engineering] 开始: 02-核心技巧.md
[2026-06-26 09:38:41] [a] [engineering] 完成: 02-核心技巧.md (154s)
[2026-06-26 09:38:41] [a] [engineering] 开始: _index.md
[2026-06-26 09:42:06] [a] [engineering] 完成: _index.md (205s)
[2026-06-26 09:42:06] [a] [engineering] 开始: 00-章节概览.md
[2026-06-26 09:44:36] [a] [engineering] 完成: 00-章节概览.md (150s)
[2026-06-26 09:44:36] [a] [engineering] 开始: 02-二以太网与ARP.md
[2026-06-26 09:48:07] [a] [engineering] 完成: 02-二以太网与ARP.md (211s)
[2026-06-26 09:48:07] [a] [engineering] 开始: 03-技巧三HTTP2和HTTP3配置.md
[2026-06-26 09:51:23] [a] [engineering] 完成: 03-技巧三HTTP2和HTTP3配置.md (196s)
[2026-06-26 09:51:23] [a] [engineering] 开始: 00-章节概览.md
[2026-06-26 09:52:45] [a] [engineering] 完成: 00-章节概览.md (82s)
[2026-06-26 09:52:45] [a] [engineering] 开始: 02-核心技巧.md
[2026-06-26 09:55:03] [a] [engineering] 完成: 02-核心技巧.md (138s)
[2026-06-26 09:55:03] [a] [engineering] 开始: _index.md
[2026-06-26 09:58:09] [a] [engineering] 完成: _index.md (186s)
[2026-06-26 09:58:09] [a] [engineering] 开始: 02-二技术演进.md
[2026-06-26 10:01:18] [a] [engineering] 完成: 02-二技术演进.md (189s)
[2026-06-26 10:01:18] [a] [engineering] 开始: 02-技巧二性能优化.md
[2026-06-26 10:04:39] [a] [engineering] 完成: 02-技巧二性能优化.md (201s)
[2026-06-26 10:04:39] [a] [engineering] 开始: 00-章节概览.md
[2026-06-26 10:07:14] [a] [engineering] 完成: 00-章节概览.md (155s)
[2026-06-26 10:07:14] [a] [engineering] 开始: 03-三哈希函数.md
[2026-06-26 10:09:56] [a] [engineering] 完成: 03-三哈希函数.md (162s)
[2026-06-26 10:09:56] [a] [engineering] 开始: _index.md
[2026-06-26 10:12:53] [a] [engineering] 完成: _index.md (177s)
[2026-06-26 10:12:53] [a] [engineering] 开始: _index.md
[2026-06-26 10:16:06] [a] === Worker a 启动 (v4) ===
[2026-06-26 10:16:06] [a] 暂无任务，等待30秒...
[2026-06-26 10:16:36] [a] 暂无任务，等待30秒...
[2026-06-26 10:17:06] [a] 暂无任务，等待30秒...
[2026-06-26 10:17:36] [a] [engineering] 开始: 06-本章小结.md
[2026-06-26 10:20:15] [a] === Worker a 启动 (v4) ===
[2026-06-26 10:20:15] [a] [engineering] 开始: 03-三HTTP连接池.md
[2026-06-26 10:22:11] [a] [engineering] 完成: 03-三HTTP连接池.md (116s)
[2026-06-26 10:22:11] [a] [engineering] 开始: _index.md
[2026-06-26 10:26:15] [a] [engineering] 完成: _index.md (244s)
[2026-06-26 10:26:16] [a] [engineering] 开始: _index.md
[2026-06-26 10:29:39] [a] [engineering] 完成: _index.md (202s)
[2026-06-26 10:29:39] [a] [engineering] 开始: 03-技巧3Hash索引与布隆过滤器.md
[2026-06-26 10:32:47] [a] [engineering] 完成: 03-技巧3Hash索引与布隆过滤器.md (187s)
[2026-06-26 10:32:47] [a] [engineering] 开始: _index.md
[2026-06-26 10:43:42] [a] [engineering] 完成: _index.md (655s)
[2026-06-26 10:43:42] [a] [engineering] 开始: 04-4一致性级别.md
[2026-06-26 10:46:12] [a] [engineering] 完成: 04-4一致性级别.md (150s)
[2026-06-26 10:46:12] [a] [engineering] 开始: 04-常见误区.md
[2026-06-26 10:49:08] [a] [engineering] 完成: 04-常见误区.md (176s)
[2026-06-26 10:49:08] [a] [engineering] 开始: 06-本章小结.md
[2026-06-26 10:50:45] [a] [engineering] 完成: 06-本章小结.md (97s)
[2026-06-26 10:50:46] [a] [engineering] 开始: 01-一认证与授权.md
[2026-06-26 10:52:53] [a] [engineering] 完成: 01-一认证与授权.md (127s)
[2026-06-26 10:52:53] [a] [engineering] 开始: 00-章节概览.md
[2026-06-26 10:54:16] [a] [engineering] 完成: 00-章节概览.md (83s)
[2026-06-26 10:54:16] [a] [engineering] 开始: 04-性能优化清单.md
[2026-06-26 10:56:45] [a] [engineering] 完成: 04-性能优化清单.md (149s)
[2026-06-26 10:56:45] [a] [engineering] 开始: 04-四灾备架构.md
[2026-06-26 10:59:06] [a] [engineering] 完成: 04-四灾备架构.md (141s)
[2026-06-26 10:59:06] [a] [engineering] 开始: _index.md
[2026-06-26 11:02:09] [a] [engineering] 完成: _index.md (183s)
[2026-06-26 11:02:09] [a] [engineering] 开始: _index.md
[2026-06-26 11:05:27] [a] [engineering] 完成: _index.md (198s)
[2026-06-26 11:05:27] [a] [engineering] 开始: 06-本章小结.md
[2026-06-26 11:07:52] [a] [engineering] 完成: 06-本章小结.md (145s)
[2026-06-26 11:07:52] [a] [engineering] 开始: 03-三Redlock算法.md
[2026-06-26 11:09:37] [a] [engineering] 完成: 03-三Redlock算法.md (105s)
[2026-06-26 11:09:37] [a] [engineering] 开始: 02-二消息可靠性.md
[2026-06-26 11:12:14] [a] [engineering] 完成: 02-二消息可靠性.md (157s)
[2026-06-26 11:12:14] [a] [engineering] 开始: 00-章节概览.md
[2026-06-26 11:15:46] [a] [engineering] 完成: 00-章节概览.md (212s)
[2026-06-26 11:15:47] [a] [engineering] 开始: 02-技巧2IO多路复用selectpollepoll.md
[2026-06-26 11:19:28] [a] [engineering] 完成: 02-技巧2IO多路复用selectpollepoll.md (221s)
[2026-06-26 11:19:28] [a] [engineering] 开始: 01-一路由机制.md
[2026-06-26 11:21:59] [a] [engineering] 完成: 01-一路由机制.md (151s)
[2026-06-26 11:21:59] [a] [engineering] 开始: 06-本章小结.md
[2026-06-26 11:23:42] [a] [engineering] 完成: 06-本章小结.md (103s)
[2026-06-26 11:23:42] [a] [engineering] 开始: 03-实战案例.md
[2026-06-26 11:26:31] [a] [engineering] 完成: 03-实战案例.md (169s)
[2026-06-26 11:26:31] [a] [engineering] 开始: 04-常见误区.md
[2026-06-26 11:30:35] [a] [engineering] 完成: 04-常见误区.md (244s)
[2026-06-26 11:30:35] [a] [engineering] 开始: 02-案例二Linkerd实战.md
[2026-06-26 11:35:27] [a] [engineering] 完成: 02-案例二Linkerd实战.md (292s)
[2026-06-26 11:35:27] [a] [engineering] 开始: 02-2Safety与Liveness.md
[2026-06-26 11:37:06] [a] [engineering] 完成: 02-2Safety与Liveness.md (99s)
[2026-06-26 11:37:06] [a] [engineering] 开始: 06-技巧六分布式锁实现.md
[2026-06-26 11:40:24] [a] [engineering] 完成: 06-技巧六分布式锁实现.md (198s)
[2026-06-26 11:40:24] [a] [engineering] 开始: 01-一数据湖架构.md
[2026-06-26 11:42:18] [a] [engineering] 完成: 01-一数据湖架构.md (114s)
[2026-06-26 11:42:18] [a] [engineering] 开始: _index.md
[2026-06-26 11:45:57] [a] [engineering] 完成: _index.md (219s)
[2026-06-26 11:45:57] [a] [engineering] 开始: 02-二窗口机制.md
[2026-06-26 11:49:23] [a] [engineering] 完成: 02-二窗口机制.md (206s)
[2026-06-26 11:49:23] [a] [engineering] 开始: 05-练习方法.md
[2026-06-26 11:53:56] [a] [engineering] 完成: 05-练习方法.md (273s)
[2026-06-26 11:53:56] [a] [engineering] 开始: _index.md
[2026-06-26 11:57:29] [a] [engineering] 完成: _index.md (213s)
[2026-06-26 11:57:29] [a] [engineering] 开始: 01-11ISACPU的指令集架构.md
[2026-06-26 12:01:37] [a] [engineering] 完成: 01-11ISACPU的指令集架构.md (248s)
[2026-06-26 12:01:37] [a] [engineering] 开始: _index.md
[2026-06-26 12:05:28] [a] [engineering] 完成: _index.md (231s)
[2026-06-26 12:05:28] [a] [engineering] 开始: 03-三主流RPC框架对比.md
[2026-06-26 12:08:05] [a] [engineering] 完成: 03-三主流RPC框架对比.md (157s)
[2026-06-26 12:08:05] [a] [engineering] 开始: 04-四超时与重试.md
[2026-06-26 12:10:45] [a] [engineering] 完成: 04-四超时与重试.md (160s)
[2026-06-26 12:10:45] [a] [engineering] 开始: 03-实战案例.md
[2026-06-26 12:22:20] [a] [engineering] 完成: 03-实战案例.md (695s)
[2026-06-26 12:22:20] [a] [engineering] 开始: 03-三服务编排.md
[2026-06-26 12:24:28] [a] [engineering] 完成: 03-三服务编排.md (128s)
[2026-06-26 12:24:28] [a] [engineering] 开始: _index.md
[2026-06-26 12:28:36] [a] [engineering] 完成: _index.md (248s)
[2026-06-26 12:28:36] [a] [engineering] 开始: _index.md
[2026-06-26 12:31:30] [a] [engineering] 完成: _index.md (174s)
[2026-06-26 12:31:30] [a] [engineering] 开始: 05-练习方法.md
[2026-06-26 12:34:44] [a] [engineering] 完成: 05-练习方法.md (193s)
[2026-06-26 12:34:44] [a] [engineering] 开始: 02-核心技巧.md
[2026-06-26 12:38:32] [a] [engineering] 完成: 02-核心技巧.md (228s)
[2026-06-26 12:38:32] [a] [engineering] 开始: _index.md
[2026-06-26 12:43:25] [a] [engineering] 完成: _index.md (293s)
[2026-06-26 12:43:25] [a] [engineering] 开始: 00-章节概览.md
[2026-06-26 12:46:36] [a] [engineering] 完成: 00-章节概览.md (191s)
[2026-06-26 12:46:36] [a] [engineering] 开始: _index.md
[2026-06-26 12:50:56] [a] [engineering] 完成: _index.md (260s)
[2026-06-26 12:50:56] [a] 暂无任务，等待30秒...
[2026-06-26 12:51:26] [a] 暂无任务，等待30秒...
[2026-06-26 12:51:56] [a] 暂无任务，等待30秒...
[2026-06-26 12:52:26] [a] 暂无任务，等待30秒...
[2026-06-26 12:52:56] [a] 暂无任务，等待30秒...
[2026-06-26 12:53:26] [a] 暂无任务，等待30秒...
[2026-06-26 12:53:56] [a] 暂无任务，等待30秒...
[2026-06-26 12:54:26] [a] 暂无任务，等待30秒...
[2026-06-26 12:54:56] [a] 暂无任务，等待30秒...
[2026-06-26 12:55:26] [a] 暂无任务，等待30秒...
[2026-06-26 12:55:56] [a] 暂无任务，等待30秒...
[2026-06-26 12:56:26] [a] 暂无任务，等待30秒...
[2026-06-26 12:56:56] [a] 暂无任务，等待30秒...
[2026-06-26 13:33:28] [a] === Worker a 启动 (v4) ===
[2026-06-26 13:33:28] [a] [engineering] 开始: 00-章节概览.md
  ┊ review diff
a/content/docs/engineering/第53章-多活架构/00-章节概览.md → b/content/docs/engineering/第53章-多活架构/00-章节概览.md
@@ -1,96 +1,295 @@
 ---
 title: "章节概览"
 type: docs
----
-
-## 章节概览
-
-### 1. 概述与背景
-
-章节概览是多活架构领域的核心技术之一。在现代分布式系统和高性能计算场景中，深入理解章节概览对于系统设计和性能优化至关重要。
-
-从历史演进来看，章节概览经历了从简单到复杂、从单一到多元的发展过程。早期的实现方式往往存在性能瓶颈和扩展性问题，随着硬件技术的进步和软件架构的演进，现代的章节概览方案在性能、可靠性和可扩展性方面都有了质的飞跃。
-
-### 2. 核心原理
-
-章节概览的工作原理可以分解为以下几个关键步骤：
-
-**步骤一：数据准备**
-在处理开始之前，系统需要完成数据的准备工作。这包括数据的加载、验证和预处理。数据的质量直接影响后续处理的效率和准确性。
-
-```python
-# 数据准备示例
-def prepare_data(raw_data):
-    # 1. 数据清洗
-    cleaned = clean(raw_data)
-    # 2. 数据验证
-    validated = validate(cleaned)
-    # 3. 数据转换
-    transformed = transform(validated)
-    return transformed
+weight: 1
+---
+
+## 多活架构——章节概览
+
+多活架构（Multi-Active Architecture）是分布式系统领域最具挑战性的架构模式之一。它让多个数据中心同时处于活跃状态，共同承担业务流量，从根本上解决了传统主备架构中"备中心闲置、切换风险高、资源浪费严重"的顽疾。
+
+本章从**理论原理→核心技巧→实战案例→常见误区→练习方法**五个维度，系统阐述多活架构的完整知识体系。无论你是正在规划多活改造的架构师，还是想深入理解分布式高可用设计的工程师，本章都将为你提供从认知到落地的完整路径。
+
+---
+
+## 为什么要学多活架构？
+
+### 业务驱动
+
+随着业务全球化和用户对可用性的极致追求，单机房部署已无法满足要求。一次机房级故障可能导致数小时甚至数天的服务中断，直接造成数千万乃至上亿元的损失。多活架构通过让多个数据中心同时提供服务，将单机房故障的影响从"全面停服"降级为"部分降级"，可用性从 99.9%（年停机 8.76 小时）提升到 99.99%（年停机 52.6 分钟）甚至更高。
+
+### 技术挑战
+
+多活架构绝非简单的"多部署几套系统"。它涉及一系列深层技术难题：
+
+- **数据一致性**：多个数据中心同时写入，如何保证数据不冲突、不丢失？
+- **流量调度**：如何将用户请求精准路由到正确的数据中心？
+- **单元化设计**：如何划分"单元"才能最大化本地化处理比例？
+- **故障切换**：如何在秒级完成流量切换且不丢数据？
+- **运维复杂度**：如何管理多套系统的一致性变更和故障排查？
+
+这些问题贯穿本章始终，每个都有详细的技术方案和实战案例。
+
+### 行业实践
+
+国内外顶尖互联网公司已在多活架构上积累了丰富经验：
+
+| 企业 | 架构形态 | 规模 | 核心收益 |
+|------|---------|------|---------|
+| 阿里巴巴 | 异地三地五中心 | 三地五机房 | 双十一零故障，99.999% 可用性 |
+| 美团/饿了么 | 异地多活 | 北上广三地 | 切换时间从小时级降到分钟级 |
+| 携程 | 多数据中心 | 多地多机房 | 全球化业务就近接入 |
+| 字节跳动 | 单元化架构 | 多地多单元 | 支撑数亿用户的高并发 |
+| Google | Spanner 全球多活 | 全球分布 | 强一致的全球化数据服务 |
+
+---
+
+## 本章知识体系
+
+本章围绕"多活架构是什么→怎么设计→怎么落地→怎么避坑→怎么练习"的逻辑展开，分为五大模块：
+
+```mermaid
… omitted 303 diff line(s) across 1 additional file(s)/section(s)

session_id: 20260626_133330_e68550
DONE: 00-章节概览.md

重写完成。主要变更：

- 原文是通用模板填充（96行/3.8KB），完全不涉及多活架构，代码示例无意义
- 重写为真正的章节概览（295行/12.6KB），围绕多活架构展开

重写内容覆盖：
- 为什么学多活：业务驱动、技术挑战、行业实践（阿里/美团/携程/字节/Google）
- 知识体系总览：五大模块（理论基础6节+核心技巧5节+实战案例2节+常见误区10条+练习方法）
- 每个模块的详细内容摘要，让读者知道会学到什么
- 常见误区速查表（10大误区的核心纠正）
- 学习路径建议（架构师/工程师/管理者三条路径）
- 关键术语速查表（12个核心术语的中英文定义）
- 阅读建议（5步渐进式学习法）
[2026-06-26 13:34:41] [a] [engineering] 完成: 00-章节概览.md (73s)
[2026-06-26 13:34:41] [a] [engineering] 开始: 02-二读写分离.md
